{"C:\\Users\\sondo\\Desktop\\Graduation Project 1 - Bus Tracker\\Implementation\\codebase\\webApp\\backend\\src\\config\\database.ts": {"path":"C:\\Users\\sondo\\Desktop\\Graduation Project 1 - Bus Tracker\\Implementation\\codebase\\webApp\\backend\\src\\config\\database.ts","statementMap":{"0":{"start":{"line":5,"column":0},"end":{"line":5,"column":28}},"1":{"start":{"line":6,"column":0},"end":{"line":6,"column":24}},"2":{"start":{"line":7,"column":0},"end":{"line":7,"column":47}},"3":{"start":{"line":10,"column":0},"end":{"line":10,"column":63}},"4":{"start":{"line":13,"column":17},"end":{"line":13,"column":49}},"5":{"start":{"line":14,"column":21},"end":{"line":14,"column":84}},"6":{"start":{"line":17,"column":13},"end":{"line":27,"column":2}},"7":{"start":{"line":33,"column":13},"end":{"line":45,"column":2}}},"fnMap":{},"branchMap":{"0":{"loc":{"start":{"line":14,"column":21},"end":{"line":14,"column":84}},"type":"cond-expr","locations":[{"start":{"line":14,"column":32},"end":{"line":14,"column":39}},{"start":{"line":14,"column":43},"end":{"line":14,"column":83}}]},"1":{"loc":{"start":{"line":14,"column":43},"end":{"line":14,"column":83}},"type":"binary-expr","locations":[{"start":{"line":14,"column":43},"end":{"line":14,"column":68}},{"start":{"line":14,"column":72},"end":{"line":14,"column":83}}]},"2":{"loc":{"start":{"line":18,"column":12},"end":{"line":18,"column":47}},"type":"binary-expr","locations":[{"start":{"line":18,"column":12},"end":{"line":18,"column":37}},{"start":{"line":18,"column":41},"end":{"line":18,"column":47}}]},"3":{"loc":{"start":{"line":19,"column":12},"end":{"line":19,"column":60}},"type":"binary-expr","locations":[{"start":{"line":19,"column":12},"end":{"line":19,"column":41}},{"start":{"line":19,"column":45},"end":{"line":19,"column":60}}]},"4":{"loc":{"start":{"line":20,"column":12},"end":{"line":20,"column":54}},"type":"binary-expr","locations":[{"start":{"line":20,"column":12},"end":{"line":20,"column":37}},{"start":{"line":20,"column":41},"end":{"line":20,"column":54}}]},"5":{"loc":{"start":{"line":22,"column":8},"end":{"line":22,"column":49}},"type":"binary-expr","locations":[{"start":{"line":22,"column":8},"end":{"line":22,"column":41}},{"start":{"line":22,"column":45},"end":{"line":22,"column":49}}]},"6":{"loc":{"start":{"line":23,"column":12},"end":{"line":23,"column":63}},"type":"binary-expr","locations":[{"start":{"line":23,"column":12},"end":{"line":23,"column":52}},{"start":{"line":23,"column":56},"end":{"line":23,"column":63}}]}},"s":{"0":1,"1":1,"2":1,"3":1,"4":1,"5":1,"6":1,"7":1},"f":{},"b":{"0":[0,1],"1":[1,1],"2":[1,1],"3":[1,1],"4":[1,1],"5":[1,1],"6":[1,1]}}
,"C:\\Users\\sondo\\Desktop\\Graduation Project 1 - Bus Tracker\\Implementation\\codebase\\webApp\\backend\\src\\enums\\busEnum.ts": {"path":"C:\\Users\\sondo\\Desktop\\Graduation Project 1 - Bus Tracker\\Implementation\\codebase\\webApp\\backend\\src\\enums\\busEnum.ts","statementMap":{"0":{"start":{"line":5,"column":0},"end":{"line":5,"column":null}},"1":{"start":{"line":6,"column":4},"end":{"line":6,"column":null}},"2":{"start":{"line":7,"column":4},"end":{"line":7,"column":null}},"3":{"start":{"line":8,"column":4},"end":{"line":8,"column":null}}},"fnMap":{"0":{"name":"(anonymous_0)","decl":{"start":{"line":5,"column":0},"end":{"line":5,"column":12}},"loc":{"start":{"line":5,"column":18},"end":{"line":9,"column":1}}}},"branchMap":{"0":{"loc":{"start":{"line":5,"column":12},"end":{"line":5,"column":null}},"type":"binary-expr","locations":[{"start":{"line":5,"column":12},"end":{"line":5,"column":18}},{"start":{"line":5,"column":18},"end":{"line":5,"column":null}}]}},"s":{"0":2,"1":2,"2":2,"3":2},"f":{"0":2},"b":{"0":[2,2]}}
,"C:\\Users\\sondo\\Desktop\\Graduation Project 1 - Bus Tracker\\Implementation\\codebase\\webApp\\backend\\src\\enums\\stationEnum.ts": {"path":"C:\\Users\\sondo\\Desktop\\Graduation Project 1 - Bus Tracker\\Implementation\\codebase\\webApp\\backend\\src\\enums\\stationEnum.ts","statementMap":{"0":{"start":{"line":5,"column":0},"end":{"line":5,"column":null}},"1":{"start":{"line":6,"column":3},"end":{"line":6,"column":null}},"2":{"start":{"line":7,"column":3},"end":{"line":7,"column":null}},"3":{"start":{"line":11,"column":0},"end":{"line":11,"column":null}},"4":{"start":{"line":12,"column":3},"end":{"line":12,"column":null}},"5":{"start":{"line":13,"column":3},"end":{"line":13,"column":null}}},"fnMap":{"0":{"name":"(anonymous_0)","decl":{"start":{"line":5,"column":0},"end":{"line":5,"column":12}},"loc":{"start":{"line":5,"column":18},"end":{"line":8,"column":1}}},"1":{"name":"(anonymous_1)","decl":{"start":{"line":11,"column":0},"end":{"line":11,"column":12}},"loc":{"start":{"line":11,"column":23},"end":{"line":14,"column":1}}}},"branchMap":{"0":{"loc":{"start":{"line":5,"column":12},"end":{"line":5,"column":null}},"type":"binary-expr","locations":[{"start":{"line":5,"column":12},"end":{"line":5,"column":18}},{"start":{"line":5,"column":18},"end":{"line":5,"column":null}}]},"1":{"loc":{"start":{"line":11,"column":12},"end":{"line":11,"column":null}},"type":"binary-expr","locations":[{"start":{"line":11,"column":12},"end":{"line":11,"column":23}},{"start":{"line":11,"column":23},"end":{"line":11,"column":null}}]}},"s":{"0":1,"1":1,"2":1,"3":1,"4":1,"5":1},"f":{"0":1,"1":1},"b":{"0":[1,1],"1":[1,1]}}
,"C:\\Users\\sondo\\Desktop\\Graduation Project 1 - Bus Tracker\\Implementation\\codebase\\webApp\\backend\\src\\enums\\tokenNameEnum.ts": {"path":"C:\\Users\\sondo\\Desktop\\Graduation Project 1 - Bus Tracker\\Implementation\\codebase\\webApp\\backend\\src\\enums\\tokenNameEnum.ts","statementMap":{"0":{"start":{"line":5,"column":18},"end":{"line":5,"column":30}},"1":{"start":{"line":11,"column":8},"end":{"line":11,"column":18}},"2":{"start":{"line":7,"column":27},"end":{"line":7,"column":47}},"3":{"start":{"line":11,"column":20},"end":{"line":11,"column":38}},"4":{"start":{"line":9,"column":25},"end":{"line":9,"column":43}},"5":{"start":{"line":11,"column":40},"end":{"line":11,"column":56}}},"fnMap":{},"branchMap":{},"s":{"0":1,"1":1,"2":1,"3":1,"4":1,"5":1},"f":{},"b":{}}
,"C:\\Users\\sondo\\Desktop\\Graduation Project 1 - Bus Tracker\\Implementation\\codebase\\webApp\\backend\\src\\enums\\userEnum.ts": {"path":"C:\\Users\\sondo\\Desktop\\Graduation Project 1 - Bus Tracker\\Implementation\\codebase\\webApp\\backend\\src\\enums\\userEnum.ts","statementMap":{"0":{"start":{"line":5,"column":0},"end":{"line":5,"column":null}},"1":{"start":{"line":6,"column":4},"end":{"line":6,"column":null}},"2":{"start":{"line":7,"column":4},"end":{"line":7,"column":null}},"3":{"start":{"line":13,"column":0},"end":{"line":13,"column":null}},"4":{"start":{"line":14,"column":4},"end":{"line":14,"column":null}},"5":{"start":{"line":15,"column":4},"end":{"line":15,"column":null}},"6":{"start":{"line":21,"column":0},"end":{"line":21,"column":null}},"7":{"start":{"line":22,"column":4},"end":{"line":22,"column":null}},"8":{"start":{"line":23,"column":4},"end":{"line":23,"column":null}},"9":{"start":{"line":29,"column":0},"end":{"line":29,"column":null}},"10":{"start":{"line":30,"column":4},"end":{"line":30,"column":null}},"11":{"start":{"line":31,"column":4},"end":{"line":31,"column":null}},"12":{"start":{"line":37,"column":0},"end":{"line":37,"column":null}},"13":{"start":{"line":38,"column":4},"end":{"line":38,"column":null}},"14":{"start":{"line":39,"column":4},"end":{"line":39,"column":null}}},"fnMap":{"0":{"name":"(anonymous_0)","decl":{"start":{"line":5,"column":0},"end":{"line":5,"column":12}},"loc":{"start":{"line":5,"column":16},"end":{"line":8,"column":1}}},"1":{"name":"(anonymous_1)","decl":{"start":{"line":13,"column":0},"end":{"line":13,"column":12}},"loc":{"start":{"line":13,"column":18},"end":{"line":16,"column":1}}},"2":{"name":"(anonymous_2)","decl":{"start":{"line":21,"column":0},"end":{"line":21,"column":12}},"loc":{"start":{"line":21,"column":18},"end":{"line":24,"column":1}}},"3":{"name":"(anonymous_3)","decl":{"start":{"line":29,"column":0},"end":{"line":29,"column":12}},"loc":{"start":{"line":29,"column":20},"end":{"line":32,"column":1}}},"4":{"name":"(anonymous_4)","decl":{"start":{"line":37,"column":0},"end":{"line":37,"column":12}},"loc":{"start":{"line":37,"column":22},"end":{"line":40,"column":1}}}},"branchMap":{"0":{"loc":{"start":{"line":5,"column":12},"end":{"line":5,"column":null}},"type":"binary-expr","locations":[{"start":{"line":5,"column":12},"end":{"line":5,"column":16}},{"start":{"line":5,"column":16},"end":{"line":5,"column":null}}]},"1":{"loc":{"start":{"line":13,"column":12},"end":{"line":13,"column":null}},"type":"binary-expr","locations":[{"start":{"line":13,"column":12},"end":{"line":13,"column":18}},{"start":{"line":13,"column":18},"end":{"line":13,"column":null}}]},"2":{"loc":{"start":{"line":21,"column":12},"end":{"line":21,"column":null}},"type":"binary-expr","locations":[{"start":{"line":21,"column":12},"end":{"line":21,"column":18}},{"start":{"line":21,"column":18},"end":{"line":21,"column":null}}]},"3":{"loc":{"start":{"line":29,"column":12},"end":{"line":29,"column":null}},"type":"binary-expr","locations":[{"start":{"line":29,"column":12},"end":{"line":29,"column":20}},{"start":{"line":29,"column":20},"end":{"line":29,"column":null}}]},"4":{"loc":{"start":{"line":37,"column":12},"end":{"line":37,"column":null}},"type":"binary-expr","locations":[{"start":{"line":37,"column":12},"end":{"line":37,"column":22}},{"start":{"line":37,"column":22},"end":{"line":37,"column":null}}]}},"s":{"0":2,"1":2,"2":2,"3":2,"4":2,"5":2,"6":2,"7":2,"8":2,"9":2,"10":2,"11":2,"12":2,"13":2,"14":2},"f":{"0":2,"1":2,"2":2,"3":2,"4":2},"b":{"0":[2,2],"1":[2,2],"2":[2,2],"3":[2,2],"4":[2,2]}}
,"C:\\Users\\sondo\\Desktop\\Graduation Project 1 - Bus Tracker\\Implementation\\codebase\\webApp\\backend\\src\\errors\\AppError.ts": {"path":"C:\\Users\\sondo\\Desktop\\Graduation Project 1 - Bus Tracker\\Implementation\\codebase\\webApp\\backend\\src\\errors\\AppError.ts","statementMap":{"0":{"start":{"line":6,"column":8},"end":{"line":6,"column":23}},"1":{"start":{"line":7,"column":8},"end":{"line":7,"column":58}},"2":{"start":{"line":1,"column":0},"end":{"line":1,"column":22}}},"fnMap":{"0":{"name":"(anonymous_0)","decl":{"start":{"line":5,"column":4},"end":{"line":5,"column":26}},"loc":{"start":{"line":5,"column":41},"end":{"line":8,"column":5}}}},"branchMap":{},"s":{"0":14,"1":14,"2":7},"f":{"0":14},"b":{}}
,"C:\\Users\\sondo\\Desktop\\Graduation Project 1 - Bus Tracker\\Implementation\\codebase\\webApp\\backend\\src\\errors\\ConflictError.ts": {"path":"C:\\Users\\sondo\\Desktop\\Graduation Project 1 - Bus Tracker\\Implementation\\codebase\\webApp\\backend\\src\\errors\\ConflictError.ts","statementMap":{"0":{"start":{"line":1,"column":0},"end":{"line":1,"column":38}},"1":{"start":{"line":4,"column":17},"end":{"line":4,"column":20}},"2":{"start":{"line":5,"column":11},"end":{"line":5,"column":27}},"3":{"start":{"line":8,"column":8},"end":{"line":8,"column":23}},"4":{"start":{"line":3,"column":0},"end":{"line":3,"column":13}}},"fnMap":{"0":{"name":"(anonymous_0)","decl":{"start":{"line":7,"column":4},"end":{"line":7,"column":16}},"loc":{"start":{"line":7,"column":31},"end":{"line":9,"column":5}}}},"branchMap":{},"s":{"0":7,"1":3,"2":3,"3":3,"4":7},"f":{"0":3},"b":{}}
,"C:\\Users\\sondo\\Desktop\\Graduation Project 1 - Bus Tracker\\Implementation\\codebase\\webApp\\backend\\src\\errors\\EmailServiceError.ts": {"path":"C:\\Users\\sondo\\Desktop\\Graduation Project 1 - Bus Tracker\\Implementation\\codebase\\webApp\\backend\\src\\errors\\EmailServiceError.ts","statementMap":{"0":{"start":{"line":2,"column":31},"end":{"line":2,"column":34}},"1":{"start":{"line":3,"column":31},"end":{"line":3,"column":58}},"2":{"start":{"line":6,"column":4},"end":{"line":6,"column":19}},"3":{"start":{"line":7,"column":4},"end":{"line":7,"column":36}},"4":{"start":{"line":8,"column":4},"end":{"line":8,"column":43}},"5":{"start":{"line":8,"column":16},"end":{"line":8,"column":43}},"6":{"start":{"line":1,"column":0},"end":{"line":1,"column":13}}},"fnMap":{"0":{"name":"(anonymous_0)","decl":{"start":{"line":5,"column":2},"end":{"line":5,"column":14}},"loc":{"start":{"line":5,"column":63},"end":{"line":9,"column":3}}}},"branchMap":{"0":{"loc":{"start":{"line":5,"column":14},"end":{"line":5,"column":46}},"type":"default-arg","locations":[{"start":{"line":5,"column":24},"end":{"line":5,"column":46}}]},"1":{"loc":{"start":{"line":8,"column":4},"end":{"line":8,"column":43}},"type":"if","locations":[{"start":{"line":8,"column":4},"end":{"line":8,"column":43}}]}},"s":{"0":0,"1":0,"2":0,"3":0,"4":0,"5":0,"6":7},"f":{"0":0},"b":{"0":[0],"1":[0]}}
,"C:\\Users\\sondo\\Desktop\\Graduation Project 1 - Bus Tracker\\Implementation\\codebase\\webApp\\backend\\src\\errors\\ForbiddenError.ts": {"path":"C:\\Users\\sondo\\Desktop\\Graduation Project 1 - Bus Tracker\\Implementation\\codebase\\webApp\\backend\\src\\errors\\ForbiddenError.ts","statementMap":{"0":{"start":{"line":1,"column":0},"end":{"line":1,"column":38}},"1":{"start":{"line":4,"column":17},"end":{"line":4,"column":20}},"2":{"start":{"line":5,"column":11},"end":{"line":5,"column":28}},"3":{"start":{"line":8,"column":8},"end":{"line":8,"column":23}},"4":{"start":{"line":3,"column":0},"end":{"line":3,"column":13}}},"fnMap":{"0":{"name":"(anonymous_0)","decl":{"start":{"line":7,"column":4},"end":{"line":7,"column":16}},"loc":{"start":{"line":7,"column":31},"end":{"line":9,"column":5}}}},"branchMap":{},"s":{"0":7,"1":0,"2":0,"3":0,"4":7},"f":{"0":0},"b":{}}
,"C:\\Users\\sondo\\Desktop\\Graduation Project 1 - Bus Tracker\\Implementation\\codebase\\webApp\\backend\\src\\errors\\InternalError.ts": {"path":"C:\\Users\\sondo\\Desktop\\Graduation Project 1 - Bus Tracker\\Implementation\\codebase\\webApp\\backend\\src\\errors\\InternalError.ts","statementMap":{"0":{"start":{"line":2,"column":31},"end":{"line":2,"column":34}},"1":{"start":{"line":3,"column":31},"end":{"line":3,"column":55}},"2":{"start":{"line":6,"column":4},"end":{"line":6,"column":35}},"3":{"start":{"line":7,"column":4},"end":{"line":7,"column":32}},"4":{"start":{"line":9,"column":4},"end":{"line":11,"column":5}},"5":{"start":{"line":10,"column":7},"end":{"line":10,"column":34}},"6":{"start":{"line":1,"column":0},"end":{"line":1,"column":13}}},"fnMap":{"0":{"name":"(anonymous_0)","decl":{"start":{"line":5,"column":2},"end":{"line":5,"column":14}},"loc":{"start":{"line":5,"column":29},"end":{"line":12,"column":3}}}},"branchMap":{"0":{"loc":{"start":{"line":9,"column":4},"end":{"line":11,"column":5}},"type":"if","locations":[{"start":{"line":9,"column":4},"end":{"line":11,"column":5}}]}},"s":{"0":0,"1":0,"2":0,"3":0,"4":0,"5":0,"6":7},"f":{"0":0},"b":{"0":[0]}}
,"C:\\Users\\sondo\\Desktop\\Graduation Project 1 - Bus Tracker\\Implementation\\codebase\\webApp\\backend\\src\\errors\\NetworkError.ts": {"path":"C:\\Users\\sondo\\Desktop\\Graduation Project 1 - Bus Tracker\\Implementation\\codebase\\webApp\\backend\\src\\errors\\NetworkError.ts","statementMap":{"0":{"start":{"line":6,"column":4},"end":{"line":6,"column":36}},"1":{"start":{"line":7,"column":4},"end":{"line":7,"column":31}},"2":{"start":{"line":4,"column":0},"end":{"line":4,"column":13}}},"fnMap":{"0":{"name":"(anonymous_0)","decl":{"start":{"line":5,"column":2},"end":{"line":5,"column":null}},"loc":{"start":{"line":5,"column":2},"end":{"line":8,"column":3}}}},"branchMap":{},"s":{"0":0,"1":0,"2":1},"f":{"0":0},"b":{}}
,"C:\\Users\\sondo\\Desktop\\Graduation Project 1 - Bus Tracker\\Implementation\\codebase\\webApp\\backend\\src\\errors\\NotFoundError.ts": {"path":"C:\\Users\\sondo\\Desktop\\Graduation Project 1 - Bus Tracker\\Implementation\\codebase\\webApp\\backend\\src\\errors\\NotFoundError.ts","statementMap":{"0":{"start":{"line":1,"column":0},"end":{"line":1,"column":38}},"1":{"start":{"line":4,"column":17},"end":{"line":4,"column":20}},"2":{"start":{"line":5,"column":11},"end":{"line":5,"column":28}},"3":{"start":{"line":8,"column":8},"end":{"line":8,"column":23}},"4":{"start":{"line":3,"column":0},"end":{"line":3,"column":13}}},"fnMap":{"0":{"name":"(anonymous_0)","decl":{"start":{"line":7,"column":4},"end":{"line":7,"column":16}},"loc":{"start":{"line":7,"column":31},"end":{"line":9,"column":5}}}},"branchMap":{},"s":{"0":7,"1":4,"2":4,"3":4,"4":7},"f":{"0":4},"b":{}}
,"C:\\Users\\sondo\\Desktop\\Graduation Project 1 - Bus Tracker\\Implementation\\codebase\\webApp\\backend\\src\\errors\\UnauthorizedError.ts": {"path":"C:\\Users\\sondo\\Desktop\\Graduation Project 1 - Bus Tracker\\Implementation\\codebase\\webApp\\backend\\src\\errors\\UnauthorizedError.ts","statementMap":{"0":{"start":{"line":1,"column":0},"end":{"line":1,"column":38}},"1":{"start":{"line":4,"column":17},"end":{"line":4,"column":20}},"2":{"start":{"line":5,"column":11},"end":{"line":5,"column":31}},"3":{"start":{"line":8,"column":8},"end":{"line":8,"column":23}},"4":{"start":{"line":3,"column":0},"end":{"line":3,"column":13}}},"fnMap":{"0":{"name":"(anonymous_0)","decl":{"start":{"line":7,"column":4},"end":{"line":7,"column":16}},"loc":{"start":{"line":7,"column":31},"end":{"line":9,"column":5}}}},"branchMap":{},"s":{"0":7,"1":2,"2":2,"3":2,"4":7},"f":{"0":2},"b":{}}
,"C:\\Users\\sondo\\Desktop\\Graduation Project 1 - Bus Tracker\\Implementation\\codebase\\webApp\\backend\\src\\errors\\ValidationError.ts": {"path":"C:\\Users\\sondo\\Desktop\\Graduation Project 1 - Bus Tracker\\Implementation\\codebase\\webApp\\backend\\src\\errors\\ValidationError.ts","statementMap":{"0":{"start":{"line":1,"column":0},"end":{"line":1,"column":38}},"1":{"start":{"line":4,"column":17},"end":{"line":4,"column":20}},"2":{"start":{"line":5,"column":11},"end":{"line":5,"column":29}},"3":{"start":{"line":8,"column":8},"end":{"line":8,"column":23}},"4":{"start":{"line":3,"column":0},"end":{"line":3,"column":13}}},"fnMap":{"0":{"name":"(anonymous_0)","decl":{"start":{"line":7,"column":4},"end":{"line":7,"column":16}},"loc":{"start":{"line":7,"column":31},"end":{"line":9,"column":5}}}},"branchMap":{},"s":{"0":7,"1":5,"2":5,"3":5,"4":7},"f":{"0":5},"b":{}}
,"C:\\Users\\sondo\\Desktop\\Graduation Project 1 - Bus Tracker\\Implementation\\codebase\\webApp\\backend\\src\\errors\\index.ts": {"path":"C:\\Users\\sondo\\Desktop\\Graduation Project 1 - Bus Tracker\\Implementation\\codebase\\webApp\\backend\\src\\errors\\index.ts","statementMap":{"0":{"start":{"line":1,"column":0},"end":{"line":1,"column":27}},"1":{"start":{"line":3,"column":0},"end":{"line":3,"column":34}},"2":{"start":{"line":4,"column":0},"end":{"line":4,"column":32}},"3":{"start":{"line":5,"column":0},"end":{"line":5,"column":32}},"4":{"start":{"line":6,"column":0},"end":{"line":6,"column":36}},"5":{"start":{"line":7,"column":0},"end":{"line":7,"column":33}},"6":{"start":{"line":8,"column":0},"end":{"line":8,"column":36}},"7":{"start":{"line":9,"column":0},"end":{"line":9,"column":32}}},"fnMap":{},"branchMap":{},"s":{"0":7,"1":7,"2":7,"3":7,"4":7,"5":7,"6":7,"7":7},"f":{},"b":{}}
,"C:\\Users\\sondo\\Desktop\\Graduation Project 1 - Bus Tracker\\Implementation\\codebase\\webApp\\backend\\src\\helpers\\authHelpher.ts": {"path":"C:\\Users\\sondo\\Desktop\\Graduation Project 1 - Bus Tracker\\Implementation\\codebase\\webApp\\backend\\src\\helpers\\authHelpher.ts","statementMap":{"0":{"start":{"line":5,"column":0},"end":{"line":5,"column":52}},"1":{"start":{"line":10,"column":0},"end":{"line":10,"column":42}},"2":{"start":{"line":12,"column":0},"end":{"line":12,"column":null}},"3":{"start":{"line":30,"column":0},"end":{"line":30,"column":70}},"4":{"start":{"line":103,"column":26},"end":{"line":103,"column":63}},"5":{"start":{"line":105,"column":8},"end":{"line":105,"column":36}},"6":{"start":{"line":106,"column":8},"end":{"line":106,"column":38}},"7":{"start":{"line":107,"column":8},"end":{"line":107,"column":38}},"8":{"start":{"line":108,"column":8},"end":{"line":112,"column":26}},"9":{"start":{"line":119,"column":8},"end":{"line":119,"column":55}},"10":{"start":{"line":126,"column":26},"end":{"line":126,"column":63}},"11":{"start":{"line":127,"column":8},"end":{"line":127,"column":72}},"12":{"start":{"line":137,"column":23},"end":{"line":137,"column":50}},"13":{"start":{"line":138,"column":8},"end":{"line":140,"column":9}},"14":{"start":{"line":139,"column":12},"end":{"line":139,"column":62}},"15":{"start":{"line":141,"column":8},"end":{"line":141,"column":22}},"16":{"start":{"line":151,"column":8},"end":{"line":151,"column":43}},"17":{"start":{"line":162,"column":8},"end":{"line":162,"column":67}},"18":{"start":{"line":169,"column":8},"end":{"line":169,"column":50}},"19":{"start":{"line":173,"column":8},"end":{"line":173,"column":83}},"20":{"start":{"line":180,"column":8},"end":{"line":180,"column":48}},"21":{"start":{"line":188,"column":8},"end":{"line":188,"column":51}},"22":{"start":{"line":194,"column":8},"end":{"line":194,"column":60}},"23":{"start":{"line":204,"column":8},"end":{"line":204,"column":71}},"24":{"start":{"line":211,"column":8},"end":{"line":211,"column":62}},"25":{"start":{"line":218,"column":8},"end":{"line":218,"column":60}},"26":{"start":{"line":235,"column":8},"end":{"line":235,"column":34}},"27":{"start":{"line":237,"column":8},"end":{"line":237,"column":94}},"28":{"start":{"line":245,"column":8},"end":{"line":245,"column":49}},"29":{"start":{"line":252,"column":22},"end":{"line":254,"column":5}},"30":{"start":{"line":253,"column":8},"end":{"line":253,"column":74}},"31":{"start":{"line":260,"column":34},"end":{"line":262,"column":5}},"32":{"start":{"line":261,"column":8},"end":{"line":261,"column":48}},"33":{"start":{"line":269,"column":8},"end":{"line":269,"column":63}},"34":{"start":{"line":278,"column":8},"end":{"line":278,"column":49}},"35":{"start":{"line":284,"column":0},"end":{"line":284,"column":26}}},"fnMap":{"0":{"name":"(anonymous_0)","decl":{"start":{"line":102,"column":4},"end":{"line":102,"column":22}},"loc":{"start":{"line":102,"column":58},"end":{"line":113,"column":5}}},"1":{"name":"(anonymous_1)","decl":{"start":{"line":118,"column":4},"end":{"line":118,"column":21}},"loc":{"start":{"line":118,"column":39},"end":{"line":120,"column":5}}},"2":{"name":"(anonymous_2)","decl":{"start":{"line":125,"column":4},"end":{"line":125,"column":15}},"loc":{"start":{"line":125,"column":32},"end":{"line":128,"column":5}}},"3":{"name":"(anonymous_3)","decl":{"start":{"line":136,"column":12},"end":{"line":136,"column":27}},"loc":{"start":{"line":136,"column":45},"end":{"line":142,"column":5}}},"4":{"name":"(anonymous_4)","decl":{"start":{"line":150,"column":12},"end":{"line":150,"column":27}},"loc":{"start":{"line":150,"column":46},"end":{"line":152,"column":5}}},"5":{"name":"(anonymous_5)","decl":{"start":{"line":161,"column":4},"end":{"line":161,"column":23}},"loc":{"start":{"line":161,"column":88},"end":{"line":163,"column":5}}},"6":{"name":"(anonymous_6)","decl":{"start":{"line":168,"column":4},"end":{"line":168,"column":31}},"loc":{"start":{"line":168,"column":45},"end":{"line":170,"column":5}}},"7":{"name":"(anonymous_7)","decl":{"start":{"line":172,"column":4},"end":{"line":172,"column":42}},"loc":{"start":{"line":172,"column":86},"end":{"line":174,"column":5}}},"8":{"name":"(anonymous_8)","decl":{"start":{"line":179,"column":4},"end":{"line":179,"column":29}},"loc":{"start":{"line":179,"column":43},"end":{"line":181,"column":5}}},"9":{"name":"(anonymous_9)","decl":{"start":{"line":187,"column":4},"end":{"line":187,"column":18}},"loc":{"start":{"line":187,"column":69},"end":{"line":189,"column":5}}},"10":{"name":"(anonymous_10)","decl":{"start":{"line":193,"column":4},"end":{"line":193,"column":29}},"loc":{"start":{"line":193,"column":83},"end":{"line":195,"column":5}}},"11":{"name":"(anonymous_11)","decl":{"start":{"line":203,"column":4},"end":{"line":203,"column":39}},"loc":{"start":{"line":203,"column":94},"end":{"line":205,"column":5}}},"12":{"name":"(anonymous_12)","decl":{"start":{"line":210,"column":4},"end":{"line":210,"column":42}},"loc":{"start":{"line":210,"column":77},"end":{"line":212,"column":5}}},"13":{"name":"(anonymous_13)","decl":{"start":{"line":217,"column":4},"end":{"line":217,"column":40}},"loc":{"start":{"line":217,"column":75},"end":{"line":219,"column":5}}},"14":{"name":"(anonymous_14)","decl":{"start":{"line":225,"column":4},"end":{"line":225,"column":18}},"loc":{"start":{"line":231,"column":28},"end":{"line":238,"column":5}}},"15":{"name":"(anonymous_15)","decl":{"start":{"line":244,"column":4},"end":{"line":244,"column":21}},"loc":{"start":{"line":244,"column":58},"end":{"line":246,"column":5}}},"16":{"name":"(anonymous_16)","decl":{"start":{"line":252,"column":22},"end":{"line":252,"column":40}},"loc":{"start":{"line":252,"column":116},"end":{"line":254,"column":5}}},"17":{"name":"(anonymous_17)","decl":{"start":{"line":260,"column":34},"end":{"line":260,"column":39}},"loc":{"start":{"line":260,"column":98},"end":{"line":262,"column":5}}},"18":{"name":"(anonymous_18)","decl":{"start":{"line":268,"column":4},"end":{"line":268,"column":9}},"loc":{"start":{"line":268,"column":86},"end":{"line":270,"column":5}}},"19":{"name":"(anonymous_19)","decl":{"start":{"line":277,"column":4},"end":{"line":277,"column":9}},"loc":{"start":{"line":277,"column":58},"end":{"line":279,"column":5}}}},"branchMap":{"0":{"loc":{"start":{"line":137,"column":23},"end":{"line":137,"column":50}},"type":"binary-expr","locations":[{"start":{"line":137,"column":23},"end":{"line":137,"column":33}},{"start":{"line":137,"column":37},"end":{"line":137,"column":50}}]},"1":{"loc":{"start":{"line":138,"column":8},"end":{"line":140,"column":9}},"type":"if","locations":[{"start":{"line":138,"column":8},"end":{"line":140,"column":9}}]},"2":{"loc":{"start":{"line":161,"column":59},"end":{"line":161,"column":88}},"type":"default-arg","locations":[{"start":{"line":161,"column":81},"end":{"line":161,"column":88}}]}},"s":{"0":1,"1":1,"2":1,"3":1,"4":0,"5":0,"6":0,"7":0,"8":0,"9":0,"10":0,"11":0,"12":0,"13":0,"14":0,"15":0,"16":0,"17":0,"18":0,"19":0,"20":0,"21":0,"22":0,"23":0,"24":0,"25":0,"26":0,"27":0,"28":0,"29":1,"30":0,"31":1,"32":0,"33":0,"34":0,"35":1},"f":{"0":0,"1":0,"2":0,"3":0,"4":0,"5":0,"6":0,"7":0,"8":0,"9":0,"10":0,"11":0,"12":0,"13":0,"14":0,"15":0,"16":0,"17":0,"18":0,"19":0},"b":{"0":[0,0],"1":[0],"2":[0]}}
,"C:\\Users\\sondo\\Desktop\\Graduation Project 1 - Bus Tracker\\Implementation\\codebase\\webApp\\backend\\src\\helpers\\sendEmail.ts": {"path":"C:\\Users\\sondo\\Desktop\\Graduation Project 1 - Bus Tracker\\Implementation\\codebase\\webApp\\backend\\src\\helpers\\sendEmail.ts","statementMap":{"0":{"start":{"line":4,"column":0},"end":{"line":4,"column":24}},"1":{"start":{"line":5,"column":0},"end":{"line":5,"column":28}},"2":{"start":{"line":6,"column":0},"end":{"line":6,"column":63}},"3":{"start":{"line":8,"column":0},"end":{"line":8,"column":36}},"4":{"start":{"line":11,"column":0},"end":{"line":11,"column":46}},"5":{"start":{"line":14,"column":25},"end":{"line":51,"column":1}},"6":{"start":{"line":15,"column":4},"end":{"line":49,"column":5}},"7":{"start":{"line":17,"column":56},"end":{"line":28,"column":10}},"8":{"start":{"line":29,"column":28},"end":{"line":29,"column":72}},"9":{"start":{"line":33,"column":29},"end":{"line":38,"column":10}},"10":{"start":{"line":41,"column":8},"end":{"line":41,"column":49}},"11":{"start":{"line":43,"column":8},"end":{"line":43,"column":16}},"12":{"start":{"line":47,"column":8},"end":{"line":47,"column":null}},"13":{"start":{"line":48,"column":8},"end":{"line":48,"column":null}},"14":{"start":{"line":14,"column":13},"end":{"line":14,"column":25}}},"fnMap":{"0":{"name":"(anonymous_1)","decl":{"start":{"line":14,"column":25},"end":{"line":14,"column":30}},"loc":{"start":{"line":14,"column":105},"end":{"line":51,"column":1}}}},"branchMap":{},"s":{"0":2,"1":2,"2":2,"3":2,"4":2,"5":2,"6":0,"7":0,"8":0,"9":0,"10":0,"11":0,"12":0,"13":0,"14":2},"f":{"0":0},"b":{}}
,"C:\\Users\\sondo\\Desktop\\Graduation Project 1 - Bus Tracker\\Implementation\\codebase\\webApp\\backend\\src\\helpers\\authHelper\\cookie.ts": {"path":"C:\\Users\\sondo\\Desktop\\Graduation Project 1 - Bus Tracker\\Implementation\\codebase\\webApp\\backend\\src\\helpers\\authHelper\\cookie.ts","statementMap":{"0":{"start":{"line":5,"column":0},"end":{"line":5,"column":31}},"1":{"start":{"line":7,"column":0},"end":{"line":7,"column":45}},"2":{"start":{"line":17,"column":31},"end":{"line":23,"column":1}},"3":{"start":{"line":18,"column":19},"end":{"line":18,"column":46}},"4":{"start":{"line":19,"column":4},"end":{"line":21,"column":5}},"5":{"start":{"line":20,"column":8},"end":{"line":20,"column":58}},"6":{"start":{"line":22,"column":4},"end":{"line":22,"column":18}},"7":{"start":{"line":17,"column":13},"end":{"line":17,"column":31}},"8":{"start":{"line":29,"column":30},"end":{"line":50,"column":1}},"9":{"start":{"line":37,"column":26},"end":{"line":37,"column":91}},"10":{"start":{"line":39,"column":4},"end":{"line":47,"column":5}},"11":{"start":{"line":40,"column":29},"end":{"line":40,"column":49}},"12":{"start":{"line":41,"column":8},"end":{"line":46,"column":11}},"13":{"start":{"line":49,"column":4},"end":{"line":49,"column":17}},"14":{"start":{"line":29,"column":13},"end":{"line":29,"column":30}},"15":{"start":{"line":56,"column":33},"end":{"line":76,"column":1}},"16":{"start":{"line":57,"column":4},"end":{"line":62,"column":7}},"17":{"start":{"line":63,"column":4},"end":{"line":68,"column":7}},"18":{"start":{"line":69,"column":4},"end":{"line":74,"column":7}},"19":{"start":{"line":75,"column":4},"end":{"line":75,"column":16}},"20":{"start":{"line":56,"column":13},"end":{"line":56,"column":33}}},"fnMap":{"0":{"name":"(anonymous_1)","decl":{"start":{"line":17,"column":31},"end":{"line":17,"column":32}},"loc":{"start":{"line":17,"column":132},"end":{"line":23,"column":1}}},"1":{"name":"(anonymous_2)","decl":{"start":{"line":29,"column":30},"end":{"line":29,"column":null}},"loc":{"start":{"line":36,"column":12},"end":{"line":50,"column":1}}},"2":{"name":"(anonymous_3)","decl":{"start":{"line":56,"column":33},"end":{"line":56,"column":34}},"loc":{"start":{"line":56,"column":80},"end":{"line":76,"column":1}}}},"branchMap":{"0":{"loc":{"start":{"line":18,"column":19},"end":{"line":18,"column":46}},"type":"binary-expr","locations":[{"start":{"line":18,"column":19},"end":{"line":18,"column":29}},{"start":{"line":18,"column":33},"end":{"line":18,"column":46}}]},"1":{"loc":{"start":{"line":19,"column":4},"end":{"line":21,"column":5}},"type":"if","locations":[{"start":{"line":19,"column":4},"end":{"line":21,"column":5}}]},"2":{"loc":{"start":{"line":39,"column":4},"end":{"line":47,"column":5}},"type":"if","locations":[{"start":{"line":39,"column":4},"end":{"line":47,"column":5}}]}},"s":{"0":1,"1":1,"2":1,"3":0,"4":0,"5":0,"6":0,"7":1,"8":1,"9":0,"10":0,"11":0,"12":0,"13":0,"14":1,"15":1,"16":0,"17":0,"18":0,"19":0,"20":1},"f":{"0":0,"1":0,"2":0},"b":{"0":[0,0],"1":[0],"2":[0]}}
,"C:\\Users\\sondo\\Desktop\\Graduation Project 1 - Bus Tracker\\Implementation\\codebase\\webApp\\backend\\src\\helpers\\authHelper\\driverAuth.ts": {"path":"C:\\Users\\sondo\\Desktop\\Graduation Project 1 - Bus Tracker\\Implementation\\codebase\\webApp\\backend\\src\\helpers\\authHelper\\driverAuth.ts","statementMap":{"0":{"start":{"line":5,"column":0},"end":{"line":5,"column":45}},"1":{"start":{"line":7,"column":0},"end":{"line":7,"column":46}},"2":{"start":{"line":11,"column":32},"end":{"line":35,"column":1}},"3":{"start":{"line":12,"column":4},"end":{"line":34,"column":5}},"4":{"start":{"line":13,"column":8},"end":{"line":15,"column":9}},"5":{"start":{"line":14,"column":12},"end":{"line":14,"column":64}},"6":{"start":{"line":17,"column":8},"end":{"line":17,"column":22}},"7":{"start":{"line":19,"column":31},"end":{"line":24,"column":10}},"8":{"start":{"line":26,"column":8},"end":{"line":28,"column":9}},"9":{"start":{"line":27,"column":12},"end":{"line":27,"column":64}},"10":{"start":{"line":30,"column":8},"end":{"line":30,"column":20}},"11":{"start":{"line":32,"column":8},"end":{"line":32,"column":81}},"12":{"start":{"line":33,"column":8},"end":{"line":33,"column":20}},"13":{"start":{"line":11,"column":13},"end":{"line":11,"column":32}}},"fnMap":{"0":{"name":"(anonymous_1)","decl":{"start":{"line":11,"column":32},"end":{"line":11,"column":37}},"loc":{"start":{"line":11,"column":89},"end":{"line":35,"column":1}}}},"branchMap":{"0":{"loc":{"start":{"line":13,"column":8},"end":{"line":15,"column":9}},"type":"if","locations":[{"start":{"line":13,"column":8},"end":{"line":15,"column":9}}]},"1":{"loc":{"start":{"line":26,"column":8},"end":{"line":28,"column":9}},"type":"if","locations":[{"start":{"line":26,"column":8},"end":{"line":28,"column":9}}]}},"s":{"0":1,"1":1,"2":1,"3":0,"4":0,"5":0,"6":0,"7":0,"8":0,"9":0,"10":0,"11":0,"12":0,"13":1},"f":{"0":0},"b":{"0":[0],"1":[0]}}
,"C:\\Users\\sondo\\Desktop\\Graduation Project 1 - Bus Tracker\\Implementation\\codebase\\webApp\\backend\\src\\helpers\\authHelper\\env.ts": {"path":"C:\\Users\\sondo\\Desktop\\Graduation Project 1 - Bus Tracker\\Implementation\\codebase\\webApp\\backend\\src\\helpers\\authHelper\\env.ts","statementMap":{"0":{"start":{"line":5,"column":0},"end":{"line":5,"column":45}},"1":{"start":{"line":9,"column":31},"end":{"line":16,"column":1}},"2":{"start":{"line":10,"column":18},"end":{"line":10,"column":41}},"3":{"start":{"line":11,"column":22},"end":{"line":11,"column":67}},"4":{"start":{"line":12,"column":4},"end":{"line":14,"column":5}},"5":{"start":{"line":13,"column":8},"end":{"line":13,"column":58}},"6":{"start":{"line":15,"column":4},"end":{"line":15,"column":21}},"7":{"start":{"line":9,"column":13},"end":{"line":9,"column":31}}},"fnMap":{"0":{"name":"(anonymous_0)","decl":{"start":{"line":9,"column":31},"end":{"line":9,"column":32}},"loc":{"start":{"line":9,"column":62},"end":{"line":16,"column":1}}}},"branchMap":{"0":{"loc":{"start":{"line":11,"column":22},"end":{"line":11,"column":67}},"type":"cond-expr","locations":[{"start":{"line":11,"column":50},"end":{"line":11,"column":62}},{"start":{"line":11,"column":65},"end":{"line":11,"column":67}}]},"1":{"loc":{"start":{"line":12,"column":4},"end":{"line":14,"column":5}},"type":"if","locations":[{"start":{"line":12,"column":4},"end":{"line":14,"column":5}}]}},"s":{"0":3,"1":3,"2":0,"3":0,"4":0,"5":0,"6":0,"7":3},"f":{"0":0},"b":{"0":[0,0],"1":[0]}}
,"C:\\Users\\sondo\\Desktop\\Graduation Project 1 - Bus Tracker\\Implementation\\codebase\\webApp\\backend\\src\\helpers\\authHelper\\index.ts": {"path":"C:\\Users\\sondo\\Desktop\\Graduation Project 1 - Bus Tracker\\Implementation\\codebase\\webApp\\backend\\src\\helpers\\authHelper\\index.ts","statementMap":{"0":{"start":{"line":5,"column":0},"end":{"line":5,"column":24}},"1":{"start":{"line":7,"column":0},"end":{"line":7,"column":22}},"2":{"start":{"line":8,"column":0},"end":{"line":8,"column":25}},"3":{"start":{"line":9,"column":0},"end":{"line":9,"column":22}},"4":{"start":{"line":10,"column":0},"end":{"line":10,"column":28}},"5":{"start":{"line":11,"column":0},"end":{"line":11,"column":29}},"6":{"start":{"line":12,"column":0},"end":{"line":12,"column":31}},"7":{"start":{"line":13,"column":0},"end":{"line":13,"column":29}}},"fnMap":{},"branchMap":{},"s":{"0":1,"1":1,"2":1,"3":1,"4":1,"5":1,"6":1,"7":1},"f":{},"b":{}}
,"C:\\Users\\sondo\\Desktop\\Graduation Project 1 - Bus Tracker\\Implementation\\codebase\\webApp\\backend\\src\\helpers\\authHelper\\ipLocation.ts": {"path":"C:\\Users\\sondo\\Desktop\\Graduation Project 1 - Bus Tracker\\Implementation\\codebase\\webApp\\backend\\src\\helpers\\authHelper\\ipLocation.ts","statementMap":{"0":{"start":{"line":8,"column":0},"end":{"line":8,"column":53}},"1":{"start":{"line":12,"column":43},"end":{"line":44,"column":1}},"2":{"start":{"line":13,"column":52},"end":{"line":13,"column":80}},"3":{"start":{"line":15,"column":4},"end":{"line":43,"column":5}},"4":{"start":{"line":16,"column":19},"end":{"line":16,"column":47}},"5":{"start":{"line":17,"column":8},"end":{"line":20,"column":9}},"6":{"start":{"line":18,"column":12},"end":{"line":18,"column":79}},"7":{"start":{"line":19,"column":12},"end":{"line":19,"column":33}},"8":{"start":{"line":22,"column":25},"end":{"line":22,"column":94}},"9":{"start":{"line":24,"column":8},"end":{"line":27,"column":9}},"10":{"start":{"line":25,"column":12},"end":{"line":25,"column":84}},"11":{"start":{"line":26,"column":12},"end":{"line":26,"column":42}},"12":{"start":{"line":28,"column":33},"end":{"line":28,"column":69}},"13":{"start":{"line":29,"column":8},"end":{"line":32,"column":9}},"14":{"start":{"line":30,"column":12},"end":{"line":30,"column":102}},"15":{"start":{"line":31,"column":12},"end":{"line":31,"column":42}},"16":{"start":{"line":34,"column":21},"end":{"line":34,"column":60}},"17":{"start":{"line":35,"column":24},"end":{"line":35,"column":69}},"18":{"start":{"line":36,"column":23},"end":{"line":36,"column":66}},"19":{"start":{"line":38,"column":33},"end":{"line":38,"column":65}},"20":{"start":{"line":39,"column":8},"end":{"line":39,"column":32}},"21":{"start":{"line":41,"column":8},"end":{"line":41,"column":86}},"22":{"start":{"line":42,"column":8},"end":{"line":42,"column":29}},"23":{"start":{"line":12,"column":13},"end":{"line":12,"column":43}}},"fnMap":{"0":{"name":"(anonymous_0)","decl":{"start":{"line":12,"column":43},"end":{"line":12,"column":48}},"loc":{"start":{"line":12,"column":105},"end":{"line":44,"column":1}}}},"branchMap":{"0":{"loc":{"start":{"line":17,"column":8},"end":{"line":20,"column":9}},"type":"if","locations":[{"start":{"line":17,"column":8},"end":{"line":20,"column":9}}]},"1":{"loc":{"start":{"line":24,"column":8},"end":{"line":27,"column":9}},"type":"if","locations":[{"start":{"line":24,"column":8},"end":{"line":27,"column":9}}]},"2":{"loc":{"start":{"line":29,"column":8},"end":{"line":32,"column":9}},"type":"if","locations":[{"start":{"line":29,"column":8},"end":{"line":32,"column":9}}]},"3":{"loc":{"start":{"line":29,"column":12},"end":{"line":29,"column":75}},"type":"binary-expr","locations":[{"start":{"line":29,"column":12},"end":{"line":29,"column":29}},{"start":{"line":29,"column":33},"end":{"line":29,"column":75}}]},"4":{"loc":{"start":{"line":34,"column":21},"end":{"line":34,"column":60}},"type":"binary-expr","locations":[{"start":{"line":34,"column":21},"end":{"line":34,"column":42}},{"start":{"line":34,"column":46},"end":{"line":34,"column":60}}]},"5":{"loc":{"start":{"line":35,"column":24},"end":{"line":35,"column":69}},"type":"binary-expr","locations":[{"start":{"line":35,"column":24},"end":{"line":35,"column":48}},{"start":{"line":35,"column":52},"end":{"line":35,"column":69}}]},"6":{"loc":{"start":{"line":36,"column":23},"end":{"line":36,"column":66}},"type":"binary-expr","locations":[{"start":{"line":36,"column":23},"end":{"line":36,"column":46}},{"start":{"line":36,"column":50},"end":{"line":36,"column":66}}]}},"s":{"0":1,"1":1,"2":0,"3":0,"4":0,"5":0,"6":0,"7":0,"8":0,"9":0,"10":0,"11":0,"12":0,"13":0,"14":0,"15":0,"16":0,"17":0,"18":0,"19":0,"20":0,"21":0,"22":0,"23":1},"f":{"0":0},"b":{"0":[0],"1":[0],"2":[0],"3":[0,0],"4":[0,0],"5":[0,0],"6":[0,0]}}
,"C:\\Users\\sondo\\Desktop\\Graduation Project 1 - Bus Tracker\\Implementation\\codebase\\webApp\\backend\\src\\helpers\\authHelper\\jwt.ts": {"path":"C:\\Users\\sondo\\Desktop\\Graduation Project 1 - Bus Tracker\\Implementation\\codebase\\webApp\\backend\\src\\helpers\\authHelper\\jwt.ts","statementMap":{"0":{"start":{"line":5,"column":0},"end":{"line":5,"column":31}},"1":{"start":{"line":7,"column":0},"end":{"line":7,"column":49}},"2":{"start":{"line":13,"column":30},"end":{"line":36,"column":1}},"3":{"start":{"line":18,"column":4},"end":{"line":35,"column":5}},"4":{"start":{"line":19,"column":42},"end":{"line":19,"column":66}},"5":{"start":{"line":21,"column":8},"end":{"line":23,"column":9}},"6":{"start":{"line":22,"column":12},"end":{"line":22,"column":70}},"7":{"start":{"line":25,"column":26},"end":{"line":25,"column":72}},"8":{"start":{"line":26,"column":8},"end":{"line":28,"column":9}},"9":{"start":{"line":27,"column":12},"end":{"line":27,"column":68}},"10":{"start":{"line":29,"column":8},"end":{"line":29,"column":25}},"11":{"start":{"line":31,"column":8},"end":{"line":33,"column":9}},"12":{"start":{"line":32,"column":12},"end":{"line":32,"column":24}},"13":{"start":{"line":34,"column":8},"end":{"line":34,"column":66}},"14":{"start":{"line":13,"column":13},"end":{"line":13,"column":30}}},"fnMap":{"0":{"name":"(anonymous_1)","decl":{"start":{"line":13,"column":30},"end":{"line":13,"column":null}},"loc":{"start":{"line":17,"column":20},"end":{"line":36,"column":1}}}},"branchMap":{"0":{"loc":{"start":{"line":21,"column":8},"end":{"line":23,"column":9}},"type":"if","locations":[{"start":{"line":21,"column":8},"end":{"line":23,"column":9}}]},"1":{"loc":{"start":{"line":26,"column":8},"end":{"line":28,"column":9}},"type":"if","locations":[{"start":{"line":26,"column":8},"end":{"line":28,"column":9}}]},"2":{"loc":{"start":{"line":26,"column":12},"end":{"line":26,"column":55}},"type":"binary-expr","locations":[{"start":{"line":26,"column":12},"end":{"line":26,"column":22}},{"start":{"line":26,"column":26},"end":{"line":26,"column":55}}]},"3":{"loc":{"start":{"line":31,"column":8},"end":{"line":33,"column":9}},"type":"if","locations":[{"start":{"line":31,"column":8},"end":{"line":33,"column":9}}]}},"s":{"0":1,"1":1,"2":1,"3":0,"4":0,"5":0,"6":0,"7":0,"8":0,"9":0,"10":0,"11":0,"12":0,"13":0,"14":1},"f":{"0":0},"b":{"0":[0],"1":[0],"2":[0,0],"3":[0]}}
,"C:\\Users\\sondo\\Desktop\\Graduation Project 1 - Bus Tracker\\Implementation\\codebase\\webApp\\backend\\src\\helpers\\authHelper\\loginAttempt.ts": {"path":"C:\\Users\\sondo\\Desktop\\Graduation Project 1 - Bus Tracker\\Implementation\\codebase\\webApp\\backend\\src\\helpers\\authHelper\\loginAttempt.ts","statementMap":{"0":{"start":{"line":5,"column":0},"end":{"line":5,"column":62}},"1":{"start":{"line":11,"column":0},"end":{"line":11,"column":59}},"2":{"start":{"line":15,"column":28},"end":{"line":31,"column":1}},"3":{"start":{"line":16,"column":4},"end":{"line":30,"column":5}},"4":{"start":{"line":17,"column":63},"end":{"line":17,"column":101}},"5":{"start":{"line":19,"column":8},"end":{"line":26,"column":11}},"6":{"start":{"line":28,"column":8},"end":{"line":28,"column":75}},"7":{"start":{"line":29,"column":8},"end":{"line":29,"column":15}},"8":{"start":{"line":15,"column":13},"end":{"line":15,"column":28}}},"fnMap":{"0":{"name":"(anonymous_1)","decl":{"start":{"line":15,"column":28},"end":{"line":15,"column":33}},"loc":{"start":{"line":15,"column":117},"end":{"line":31,"column":1}}}},"branchMap":{},"s":{"0":1,"1":1,"2":1,"3":0,"4":0,"5":0,"6":0,"7":0,"8":1},"f":{"0":0},"b":{}}
,"C:\\Users\\sondo\\Desktop\\Graduation Project 1 - Bus Tracker\\Implementation\\codebase\\webApp\\backend\\src\\helpers\\authHelper\\urlTokens.ts": {"path":"C:\\Users\\sondo\\Desktop\\Graduation Project 1 - Bus Tracker\\Implementation\\codebase\\webApp\\backend\\src\\helpers\\authHelper\\urlTokens.ts","statementMap":{"0":{"start":{"line":5,"column":0},"end":{"line":5,"column":31}},"1":{"start":{"line":9,"column":0},"end":{"line":9,"column":40}},"2":{"start":{"line":17,"column":35},"end":{"line":20,"column":1}},"3":{"start":{"line":18,"column":22},"end":{"line":18,"column":49}},"4":{"start":{"line":19,"column":4},"end":{"line":19,"column":77}},"5":{"start":{"line":17,"column":13},"end":{"line":17,"column":35}},"6":{"start":{"line":26,"column":43},"end":{"line":29,"column":1}},"7":{"start":{"line":27,"column":22},"end":{"line":27,"column":63}},"8":{"start":{"line":28,"column":4},"end":{"line":28,"column":73}},"9":{"start":{"line":26,"column":13},"end":{"line":26,"column":43}},"10":{"start":{"line":31,"column":54},"end":{"line":34,"column":1}},"11":{"start":{"line":32,"column":22},"end":{"line":32,"column":63}},"12":{"start":{"line":33,"column":4},"end":{"line":33,"column":98}},"13":{"start":{"line":31,"column":13},"end":{"line":31,"column":54}},"14":{"start":{"line":39,"column":41},"end":{"line":41,"column":1}},"15":{"start":{"line":40,"column":4},"end":{"line":40,"column":62}},"16":{"start":{"line":39,"column":13},"end":{"line":39,"column":41}},"17":{"start":{"line":46,"column":30},"end":{"line":56,"column":1}},"18":{"start":{"line":47,"column":4},"end":{"line":55,"column":5}},"19":{"start":{"line":48,"column":21},"end":{"line":48,"column":54}},"20":{"start":{"line":49,"column":8},"end":{"line":51,"column":9}},"21":{"start":{"line":50,"column":12},"end":{"line":50,"column":24}},"22":{"start":{"line":52,"column":8},"end":{"line":52,"column":20}},"23":{"start":{"line":54,"column":8},"end":{"line":54,"column":20}},"24":{"start":{"line":46,"column":13},"end":{"line":46,"column":30}},"25":{"start":{"line":61,"column":41},"end":{"line":67,"column":1}},"26":{"start":{"line":62,"column":18},"end":{"line":62,"column":63}},"27":{"start":{"line":63,"column":4},"end":{"line":65,"column":5}},"28":{"start":{"line":64,"column":8},"end":{"line":64,"column":20}},"29":{"start":{"line":66,"column":4},"end":{"line":66,"column":47}},"30":{"start":{"line":61,"column":13},"end":{"line":61,"column":41}},"31":{"start":{"line":73,"column":51},"end":{"line":76,"column":1}},"32":{"start":{"line":74,"column":22},"end":{"line":74,"column":49}},"33":{"start":{"line":75,"column":4},"end":{"line":75,"column":56}},"34":{"start":{"line":73,"column":13},"end":{"line":73,"column":51}},"35":{"start":{"line":82,"column":54},"end":{"line":84,"column":1}},"36":{"start":{"line":83,"column":4},"end":{"line":83,"column":81}},"37":{"start":{"line":82,"column":13},"end":{"line":82,"column":54}},"38":{"start":{"line":90,"column":52},"end":{"line":92,"column":1}},"39":{"start":{"line":91,"column":4},"end":{"line":91,"column":79}},"40":{"start":{"line":90,"column":13},"end":{"line":90,"column":52}}},"fnMap":{"0":{"name":"(anonymous_1)","decl":{"start":{"line":17,"column":35},"end":{"line":17,"column":36}},"loc":{"start":{"line":17,"column":112},"end":{"line":20,"column":1}}},"1":{"name":"(anonymous_2)","decl":{"start":{"line":26,"column":43},"end":{"line":26,"column":44}},"loc":{"start":{"line":26,"column":69},"end":{"line":29,"column":1}}},"2":{"name":"(anonymous_3)","decl":{"start":{"line":31,"column":54},"end":{"line":31,"column":55}},"loc":{"start":{"line":31,"column":110},"end":{"line":34,"column":1}}},"3":{"name":"(anonymous_4)","decl":{"start":{"line":39,"column":41},"end":{"line":39,"column":42}},"loc":{"start":{"line":39,"column":67},"end":{"line":41,"column":1}}},"4":{"name":"(anonymous_5)","decl":{"start":{"line":46,"column":30},"end":{"line":46,"column":49}},"loc":{"start":{"line":46,"column":95},"end":{"line":56,"column":1}}},"5":{"name":"(anonymous_6)","decl":{"start":{"line":61,"column":41},"end":{"line":61,"column":60}},"loc":{"start":{"line":61,"column":109},"end":{"line":67,"column":1}}},"6":{"name":"(anonymous_7)","decl":{"start":{"line":73,"column":51},"end":{"line":73,"column":70}},"loc":{"start":{"line":73,"column":120},"end":{"line":76,"column":1}}},"7":{"name":"(anonymous_8)","decl":{"start":{"line":82,"column":54},"end":{"line":82,"column":73}},"loc":{"start":{"line":82,"column":103},"end":{"line":84,"column":1}}},"8":{"name":"(anonymous_9)","decl":{"start":{"line":90,"column":52},"end":{"line":90,"column":71}},"loc":{"start":{"line":90,"column":101},"end":{"line":92,"column":1}}}},"branchMap":{"0":{"loc":{"start":{"line":17,"column":71},"end":{"line":17,"column":100}},"type":"default-arg","locations":[{"start":{"line":17,"column":93},"end":{"line":17,"column":100}}]},"1":{"loc":{"start":{"line":49,"column":8},"end":{"line":51,"column":9}},"type":"if","locations":[{"start":{"line":49,"column":8},"end":{"line":51,"column":9}}]},"2":{"loc":{"start":{"line":49,"column":12},"end":{"line":49,"column":45}},"type":"binary-expr","locations":[{"start":{"line":49,"column":12},"end":{"line":49,"column":17}},{"start":{"line":49,"column":21},"end":{"line":49,"column":45}}]},"3":{"loc":{"start":{"line":62,"column":25},"end":{"line":62,"column":62}},"type":"binary-expr","locations":[{"start":{"line":62,"column":25},"end":{"line":62,"column":42}},{"start":{"line":62,"column":46},"end":{"line":62,"column":62}}]},"4":{"loc":{"start":{"line":63,"column":4},"end":{"line":65,"column":5}},"type":"if","locations":[{"start":{"line":63,"column":4},"end":{"line":65,"column":5}}]}},"s":{"0":2,"1":2,"2":2,"3":0,"4":0,"5":2,"6":2,"7":0,"8":0,"9":2,"10":2,"11":0,"12":0,"13":2,"14":2,"15":0,"16":2,"17":2,"18":0,"19":0,"20":0,"21":0,"22":0,"23":0,"24":2,"25":2,"26":0,"27":0,"28":0,"29":0,"30":2,"31":2,"32":0,"33":0,"34":2,"35":2,"36":0,"37":2,"38":2,"39":0,"40":2},"f":{"0":0,"1":0,"2":0,"3":0,"4":0,"5":0,"6":0,"7":0,"8":0},"b":{"0":[0],"1":[0],"2":[0,0],"3":[0,0],"4":[0]}}
,"C:\\Users\\sondo\\Desktop\\Graduation Project 1 - Bus Tracker\\Implementation\\codebase\\webApp\\backend\\src\\models\\busModel.ts": {"path":"C:\\Users\\sondo\\Desktop\\Graduation Project 1 - Bus Tracker\\Implementation\\codebase\\webApp\\backend\\src\\models\\busModel.ts","statementMap":{"0":{"start":{"line":5,"column":0},"end":{"line":5,"column":104}},"1":{"start":{"line":7,"column":0},"end":{"line":7,"column":45}},"2":{"start":{"line":14,"column":0},"end":{"line":14,"column":40}},"3":{"start":{"line":34,"column":0},"end":{"line":59,"column":2}},"4":{"start":{"line":63,"column":0},"end":{"line":63,"column":24}}},"fnMap":{},"branchMap":{},"s":{"0":1,"1":1,"2":1,"3":1,"4":1},"f":{},"b":{}}
,"C:\\Users\\sondo\\Desktop\\Graduation Project 1 - Bus Tracker\\Implementation\\codebase\\webApp\\backend\\src\\models\\loginAttempModel.ts": {"path":"C:\\Users\\sondo\\Desktop\\Graduation Project 1 - Bus Tracker\\Implementation\\codebase\\webApp\\backend\\src\\models\\loginAttempModel.ts","statementMap":{"0":{"start":{"line":4,"column":0},"end":{"line":4,"column":104}},"1":{"start":{"line":5,"column":0},"end":{"line":5,"column":45}},"2":{"start":{"line":24,"column":0},"end":{"line":56,"column":null}},"3":{"start":{"line":60,"column":0},"end":{"line":60,"column":33}}},"fnMap":{},"branchMap":{},"s":{"0":1,"1":1,"2":1,"3":1},"f":{},"b":{}}
,"C:\\Users\\sondo\\Desktop\\Graduation Project 1 - Bus Tracker\\Implementation\\codebase\\webApp\\backend\\src\\services\\apiClient.ts": {"path":"C:\\Users\\sondo\\Desktop\\Graduation Project 1 - Bus Tracker\\Implementation\\codebase\\webApp\\backend\\src\\services\\apiClient.ts","statementMap":{"0":{"start":{"line":5,"column":0},"end":{"line":5,"column":54}},"1":{"start":{"line":23,"column":20},"end":{"line":23,"column":43}},"2":{"start":{"line":25,"column":21},"end":{"line":25,"column":42}},"3":{"start":{"line":26,"column":18},"end":{"line":26,"column":65}},"4":{"start":{"line":26,"column":35},"end":{"line":26,"column":53}},"5":{"start":{"line":28,"column":2},"end":{"line":57,"column":3}},"6":{"start":{"line":30,"column":16},"end":{"line":37,"column":6}},"7":{"start":{"line":40,"column":25},"end":{"line":40,"column":29}},"8":{"start":{"line":41,"column":4},"end":{"line":46,"column":5}},"9":{"start":{"line":42,"column":6},"end":{"line":42,"column":37}},"10":{"start":{"line":45,"column":6},"end":{"line":45,"column":18}},"11":{"start":{"line":48,"column":4},"end":{"line":48,"column":52}},"12":{"start":{"line":52,"column":4},"end":{"line":52,"column":13}},"13":{"start":{"line":53,"column":4},"end":{"line":53,"column":29}},"14":{"start":{"line":56,"column":4},"end":{"line":56,"column":26}},"15":{"start":{"line":63,"column":13},"end":{"line":65,"column":2}},"16":{"start":{"line":64,"column":55},"end":{"line":64,"column":102}}},"fnMap":{"0":{"name":"requestJson","decl":{"start":{"line":22,"column":15},"end":{"line":22,"column":26}},"loc":{"start":{"line":22,"column":67},"end":{"line":58,"column":1}}},"1":{"name":"(anonymous_1)","decl":{"start":{"line":26,"column":29},"end":{"line":26,"column":32}},"loc":{"start":{"line":26,"column":35},"end":{"line":26,"column":53}}},"2":{"name":"(anonymous_2)","decl":{"start":{"line":64,"column":11},"end":{"line":64,"column":15}},"loc":{"start":{"line":64,"column":55},"end":{"line":64,"column":102}}}},"branchMap":{"0":{"loc":{"start":{"line":23,"column":20},"end":{"line":23,"column":43}},"type":"binary-expr","locations":[{"start":{"line":23,"column":20},"end":{"line":23,"column":35}},{"start":{"line":23,"column":39},"end":{"line":23,"column":43}}]},"1":{"loc":{"start":{"line":35,"column":12},"end":{"line":35,"column":31}},"type":"binary-expr","locations":[{"start":{"line":35,"column":12},"end":{"line":35,"column":25}},{"start":{"line":35,"column":29},"end":{"line":35,"column":31}}]}},"s":{"0":1,"1":0,"2":0,"3":0,"4":0,"5":0,"6":0,"7":0,"8":0,"9":0,"10":0,"11":0,"12":0,"13":0,"14":0,"15":1,"16":0},"f":{"0":0,"1":0,"2":0},"b":{"0":[0,0],"1":[0,0]}}
,"C:\\Users\\sondo\\Desktop\\Graduation Project 1 - Bus Tracker\\Implementation\\codebase\\webApp\\backend\\src\\services\\busService.ts": {"path":"C:\\Users\\sondo\\Desktop\\Graduation Project 1 - Bus Tracker\\Implementation\\codebase\\webApp\\backend\\src\\services\\busService.ts","statementMap":{"0":{"start":{"line":6,"column":0},"end":{"line":6,"column":42}},"1":{"start":{"line":11,"column":0},"end":{"line":11,"column":42}},"2":{"start":{"line":15,"column":0},"end":{"line":15,"column":51}},"3":{"start":{"line":16,"column":15},"end":{"line":16,"column":31}},"4":{"start":{"line":30,"column":8},"end":{"line":33,"column":11}},"5":{"start":{"line":35,"column":8},"end":{"line":35,"column":53}},"6":{"start":{"line":45,"column":8},"end":{"line":45,"column":59}},"7":{"start":{"line":47,"column":8},"end":{"line":47,"column":53}},"8":{"start":{"line":56,"column":23},"end":{"line":58,"column":10}},"9":{"start":{"line":60,"column":8},"end":{"line":63,"column":10}},"10":{"start":{"line":71,"column":8},"end":{"line":96,"column":9}},"11":{"start":{"line":73,"column":32},"end":{"line":73,"column":34}},"12":{"start":{"line":75,"column":12},"end":{"line":88,"column":13}},"13":{"start":{"line":76,"column":16},"end":{"line":78,"column":19}},"14":{"start":{"line":81,"column":16},"end":{"line":86,"column":19}},"15":{"start":{"line":90,"column":12},"end":{"line":90,"column":71}},"16":{"start":{"line":94,"column":12},"end":{"line":94,"column":72}},"17":{"start":{"line":95,"column":12},"end":{"line":95,"column":24}},"18":{"start":{"line":22,"column":0},"end":{"line":22,"column":13}}},"fnMap":{"0":{"name":"(anonymous_1)","decl":{"start":{"line":28,"column":4},"end":{"line":28,"column":9}},"loc":{"start":{"line":28,"column":45},"end":{"line":36,"column":5}}},"1":{"name":"(anonymous_2)","decl":{"start":{"line":43,"column":4},"end":{"line":43,"column":9}},"loc":{"start":{"line":43,"column":34},"end":{"line":48,"column":5}}},"2":{"name":"(anonymous_3)","decl":{"start":{"line":54,"column":4},"end":{"line":54,"column":9}},"loc":{"start":{"line":54,"column":47},"end":{"line":64,"column":5}}},"3":{"name":"(anonymous_4)","decl":{"start":{"line":70,"column":4},"end":{"line":70,"column":9}},"loc":{"start":{"line":70,"column":39},"end":{"line":97,"column":5}}}},"branchMap":{"0":{"loc":{"start":{"line":62,"column":24},"end":{"line":62,"column":88}},"type":"cond-expr","locations":[{"start":{"line":62,"column":41},"end":{"line":62,"column":62}},{"start":{"line":62,"column":65},"end":{"line":62,"column":88}}]},"1":{"loc":{"start":{"line":75,"column":12},"end":{"line":88,"column":13}},"type":"if","locations":[{"start":{"line":75,"column":12},"end":{"line":88,"column":13}},{"start":{"line":80,"column":17},"end":{"line":88,"column":13}}]}},"s":{"0":1,"1":1,"2":1,"3":1,"4":4,"5":1,"6":3,"7":1,"8":3,"9":2,"10":4,"11":4,"12":4,"13":2,"14":2,"15":2,"16":2,"17":2,"18":1},"f":{"0":4,"1":3,"2":3,"3":4},"b":{"0":[1,1],"1":[2,2]}}
,"C:\\Users\\sondo\\Desktop\\Graduation Project 1 - Bus Tracker\\Implementation\\codebase\\webApp\\backend\\src\\services\\driverService.ts": {"path":"C:\\Users\\sondo\\Desktop\\Graduation Project 1 - Bus Tracker\\Implementation\\codebase\\webApp\\backend\\src\\services\\driverService.ts","statementMap":{"0":{"start":{"line":6,"column":0},"end":{"line":6,"column":44}},"1":{"start":{"line":7,"column":0},"end":{"line":7,"column":64}},"2":{"start":{"line":8,"column":0},"end":{"line":8,"column":52}},"3":{"start":{"line":9,"column":0},"end":{"line":9,"column":46}},"4":{"start":{"line":10,"column":0},"end":{"line":10,"column":42}},"5":{"start":{"line":13,"column":0},"end":{"line":13,"column":55}},"6":{"start":{"line":16,"column":0},"end":{"line":16,"column":89}},"7":{"start":{"line":19,"column":0},"end":{"line":19,"column":40}},"8":{"start":{"line":20,"column":20},"end":{"line":20,"column":37}},"9":{"start":{"line":23,"column":0},"end":{"line":23,"column":51}},"10":{"start":{"line":24,"column":15},"end":{"line":24,"column":31}},"11":{"start":{"line":26,"column":0},"end":{"line":26,"column":59}},"12":{"start":{"line":27,"column":23},"end":{"line":27,"column":43}},"13":{"start":{"line":29,"column":0},"end":{"line":29,"column":65}},"14":{"start":{"line":31,"column":0},"end":{"line":31,"column":31}},"15":{"start":{"line":42,"column":8},"end":{"line":78,"column":9}},"16":{"start":{"line":43,"column":12},"end":{"line":57,"column":15}},"17":{"start":{"line":52,"column":32},"end":{"line":52,"column":43}},"18":{"start":{"line":53,"column":20},"end":{"line":53,"column":78}},"19":{"start":{"line":53,"column":35},"end":{"line":53,"column":78}},"20":{"start":{"line":54,"column":20},"end":{"line":54,"column":64}},"21":{"start":{"line":54,"column":37},"end":{"line":54,"column":64}},"22":{"start":{"line":55,"column":20},"end":{"line":55,"column":31}},"23":{"start":{"line":60,"column":12},"end":{"line":62,"column":13}},"24":{"start":{"line":61,"column":16},"end":{"line":61,"column":75}},"25":{"start":{"line":64,"column":12},"end":{"line":64,"column":59}},"26":{"start":{"line":68,"column":12},"end":{"line":70,"column":13}},"27":{"start":{"line":69,"column":16},"end":{"line":69,"column":28}},"28":{"start":{"line":71,"column":12},"end":{"line":73,"column":13}},"29":{"start":{"line":72,"column":16},"end":{"line":72,"column":83}},"30":{"start":{"line":74,"column":12},"end":{"line":76,"column":13}},"31":{"start":{"line":75,"column":16},"end":{"line":75,"column":28}},"32":{"start":{"line":77,"column":12},"end":{"line":77,"column":24}},"33":{"start":{"line":89,"column":12},"end":{"line":89,"column":67}},"34":{"start":{"line":91,"column":12},"end":{"line":91,"column":null}},"35":{"start":{"line":99,"column":23},"end":{"line":106,"column":null}},"36":{"start":{"line":109,"column":8},"end":{"line":112,"column":10}},"37":{"start":{"line":121,"column":8},"end":{"line":154,"column":9}},"38":{"start":{"line":122,"column":23},"end":{"line":122,"column":74}},"39":{"start":{"line":126,"column":12},"end":{"line":145,"column":13}},"40":{"start":{"line":128,"column":13},"end":{"line":133,"column":16}},"41":{"start":{"line":137,"column":16},"end":{"line":143,"column":19}},"42":{"start":{"line":149,"column":12},"end":{"line":149,"column":76}},"43":{"start":{"line":153,"column":12},"end":{"line":153,"column":24}},"44":{"start":{"line":162,"column":8},"end":{"line":187,"column":9}},"45":{"start":{"line":163,"column":23},"end":{"line":163,"column":52}},"46":{"start":{"line":164,"column":12},"end":{"line":166,"column":13}},"47":{"start":{"line":165,"column":16},"end":{"line":165,"column":79}},"48":{"start":{"line":168,"column":27},"end":{"line":171,"column":14}},"49":{"start":{"line":173,"column":12},"end":{"line":175,"column":13}},"50":{"start":{"line":174,"column":16},"end":{"line":174,"column":66}},"51":{"start":{"line":177,"column":12},"end":{"line":177,"column":75}},"52":{"start":{"line":180,"column":12},"end":{"line":182,"column":13}},"53":{"start":{"line":181,"column":16},"end":{"line":181,"column":28}},"54":{"start":{"line":183,"column":12},"end":{"line":185,"column":13}},"55":{"start":{"line":184,"column":16},"end":{"line":184,"column":28}},"56":{"start":{"line":186,"column":12},"end":{"line":186,"column":24}},"57":{"start":{"line":195,"column":8},"end":{"line":291,"column":9}},"58":{"start":{"line":196,"column":23},"end":{"line":196,"column":52}},"59":{"start":{"line":197,"column":12},"end":{"line":199,"column":13}},"60":{"start":{"line":198,"column":16},"end":{"line":198,"column":79}},"61":{"start":{"line":201,"column":26},"end":{"line":201,"column":36}},"62":{"start":{"line":202,"column":29},"end":{"line":202,"column":68}},"63":{"start":{"line":204,"column":26},"end":{"line":233,"column":14}},"64":{"start":{"line":235,"column":26},"end":{"line":235,"column":null}},"65":{"start":{"line":245,"column":12},"end":{"line":278,"column":13}},"66":{"start":{"line":246,"column":37},"end":{"line":246,"column":56}},"67":{"start":{"line":248,"column":32},"end":{"line":248,"column":82}},"68":{"start":{"line":249,"column":31},"end":{"line":249,"column":100}},"69":{"start":{"line":251,"column":28},"end":{"line":251,"column":50}},"70":{"start":{"line":253,"column":16},"end":{"line":260,"column":17}},"71":{"start":{"line":254,"column":20},"end":{"line":259,"column":23}},"72":{"start":{"line":262,"column":29},"end":{"line":262,"column":80}},"73":{"start":{"line":264,"column":34},"end":{"line":264,"column":101}},"74":{"start":{"line":265,"column":33},"end":{"line":265,"column":90}},"75":{"start":{"line":266,"column":33},"end":{"line":266,"column":96}},"76":{"start":{"line":267,"column":35},"end":{"line":267,"column":102}},"77":{"start":{"line":268,"column":38},"end":{"line":268,"column":80}},"78":{"start":{"line":270,"column":16},"end":{"line":277,"column":19}},"79":{"start":{"line":280,"column":12},"end":{"line":283,"column":14}},"80":{"start":{"line":287,"column":12},"end":{"line":289,"column":13}},"81":{"start":{"line":288,"column":16},"end":{"line":288,"column":28}},"82":{"start":{"line":290,"column":12},"end":{"line":290,"column":24}},"83":{"start":{"line":35,"column":0},"end":{"line":35,"column":13}}},"fnMap":{"0":{"name":"(anonymous_1)","decl":{"start":{"line":41,"column":4},"end":{"line":41,"column":9}},"loc":{"start":{"line":41,"column":48},"end":{"line":79,"column":5}}},"1":{"name":"(anonymous_2)","decl":{"start":{"line":51,"column":27},"end":{"line":51,"column":32}},"loc":{"start":{"line":51,"column":42},"end":{"line":56,"column":17}}},"2":{"name":"(anonymous_3)","decl":{"start":{"line":87,"column":4},"end":{"line":87,"column":9}},"loc":{"start":{"line":87,"column":40},"end":{"line":92,"column":5}}},"3":{"name":"(anonymous_4)","decl":{"start":{"line":97,"column":4},"end":{"line":97,"column":9}},"loc":{"start":{"line":97,"column":51},"end":{"line":114,"column":5}}},"4":{"name":"(anonymous_5)","decl":{"start":{"line":120,"column":4},"end":{"line":120,"column":9}},"loc":{"start":{"line":120,"column":62},"end":{"line":155,"column":5}}},"5":{"name":"(anonymous_6)","decl":{"start":{"line":161,"column":4},"end":{"line":161,"column":9}},"loc":{"start":{"line":161,"column":46},"end":{"line":188,"column":5}}},"6":{"name":"(anonymous_7)","decl":{"start":{"line":194,"column":4},"end":{"line":194,"column":9}},"loc":{"start":{"line":194,"column":47},"end":{"line":292,"column":5}}}},"branchMap":{"0":{"loc":{"start":{"line":53,"column":20},"end":{"line":53,"column":78}},"type":"if","locations":[{"start":{"line":53,"column":20},"end":{"line":53,"column":78}}]},"1":{"loc":{"start":{"line":54,"column":20},"end":{"line":54,"column":64}},"type":"if","locations":[{"start":{"line":54,"column":20},"end":{"line":54,"column":64}}]},"2":{"loc":{"start":{"line":60,"column":12},"end":{"line":62,"column":13}},"type":"if","locations":[{"start":{"line":60,"column":12},"end":{"line":62,"column":13}}]},"3":{"loc":{"start":{"line":68,"column":12},"end":{"line":70,"column":13}},"type":"if","locations":[{"start":{"line":68,"column":12},"end":{"line":70,"column":13}}]},"4":{"loc":{"start":{"line":71,"column":12},"end":{"line":73,"column":13}},"type":"if","locations":[{"start":{"line":71,"column":12},"end":{"line":73,"column":13}}]},"5":{"loc":{"start":{"line":74,"column":12},"end":{"line":76,"column":13}},"type":"if","locations":[{"start":{"line":74,"column":12},"end":{"line":76,"column":13}}]},"6":{"loc":{"start":{"line":111,"column":24},"end":{"line":111,"column":88}},"type":"cond-expr","locations":[{"start":{"line":111,"column":41},"end":{"line":111,"column":62}},{"start":{"line":111,"column":65},"end":{"line":111,"column":88}}]},"7":{"loc":{"start":{"line":122,"column":23},"end":{"line":122,"column":74}},"type":"cond-expr","locations":[{"start":{"line":122,"column":54},"end":{"line":122,"column":69}},{"start":{"line":122,"column":72},"end":{"line":122,"column":74}}]},"8":{"loc":{"start":{"line":126,"column":12},"end":{"line":145,"column":13}},"type":"if","locations":[{"start":{"line":126,"column":12},"end":{"line":145,"column":13}},{"start":{"line":136,"column":18},"end":{"line":145,"column":13}}]},"9":{"loc":{"start":{"line":129,"column":23},"end":{"line":131,"column":43}},"type":"cond-expr","locations":[{"start":{"line":130,"column":22},"end":{"line":130,"column":47}},{"start":{"line":131,"column":22},"end":{"line":131,"column":43}}]},"10":{"loc":{"start":{"line":163,"column":30},"end":{"line":163,"column":44}},"type":"binary-expr","locations":[{"start":{"line":163,"column":30},"end":{"line":163,"column":38}},{"start":{"line":163,"column":42},"end":{"line":163,"column":44}}]},"11":{"loc":{"start":{"line":164,"column":12},"end":{"line":166,"column":13}},"type":"if","locations":[{"start":{"line":164,"column":12},"end":{"line":166,"column":13}}]},"12":{"loc":{"start":{"line":173,"column":12},"end":{"line":175,"column":13}},"type":"if","locations":[{"start":{"line":173,"column":12},"end":{"line":175,"column":13}}]},"13":{"loc":{"start":{"line":180,"column":12},"end":{"line":182,"column":13}},"type":"if","locations":[{"start":{"line":180,"column":12},"end":{"line":182,"column":13}}]},"14":{"loc":{"start":{"line":183,"column":12},"end":{"line":185,"column":13}},"type":"if","locations":[{"start":{"line":183,"column":12},"end":{"line":185,"column":13}}]},"15":{"loc":{"start":{"line":196,"column":30},"end":{"line":196,"column":44}},"type":"binary-expr","locations":[{"start":{"line":196,"column":30},"end":{"line":196,"column":38}},{"start":{"line":196,"column":42},"end":{"line":196,"column":44}}]},"16":{"loc":{"start":{"line":197,"column":12},"end":{"line":199,"column":13}},"type":"if","locations":[{"start":{"line":197,"column":12},"end":{"line":199,"column":13}}]},"17":{"loc":{"start":{"line":202,"column":29},"end":{"line":202,"column":68}},"type":"binary-expr","locations":[{"start":{"line":202,"column":29},"end":{"line":202,"column":62}},{"start":{"line":202,"column":66},"end":{"line":202,"column":68}}]},"18":{"loc":{"start":{"line":249,"column":31},"end":{"line":249,"column":100}},"type":"cond-expr","locations":[{"start":{"line":249,"column":72},"end":{"line":249,"column":95}},{"start":{"line":249,"column":98},"end":{"line":249,"column":100}}]},"19":{"loc":{"start":{"line":253,"column":16},"end":{"line":260,"column":17}},"type":"if","locations":[{"start":{"line":253,"column":16},"end":{"line":260,"column":17}}]},"20":{"loc":{"start":{"line":264,"column":34},"end":{"line":264,"column":101}},"type":"cond-expr","locations":[{"start":{"line":264,"column":74},"end":{"line":264,"column":96}},{"start":{"line":264,"column":99},"end":{"line":264,"column":101}}]},"21":{"loc":{"start":{"line":265,"column":33},"end":{"line":265,"column":90}},"type":"cond-expr","locations":[{"start":{"line":265,"column":68},"end":{"line":265,"column":85}},{"start":{"line":265,"column":88},"end":{"line":265,"column":90}}]},"22":{"loc":{"start":{"line":266,"column":33},"end":{"line":266,"column":96}},"type":"cond-expr","locations":[{"start":{"line":266,"column":71},"end":{"line":266,"column":91}},{"start":{"line":266,"column":94},"end":{"line":266,"column":96}}]},"23":{"loc":{"start":{"line":267,"column":35},"end":{"line":267,"column":102}},"type":"cond-expr","locations":[{"start":{"line":267,"column":75},"end":{"line":267,"column":97}},{"start":{"line":267,"column":100},"end":{"line":267,"column":102}}]},"24":{"loc":{"start":{"line":287,"column":12},"end":{"line":289,"column":13}},"type":"if","locations":[{"start":{"line":287,"column":12},"end":{"line":289,"column":13}}]}},"s":{"0":1,"1":1,"2":1,"3":1,"4":1,"5":1,"6":1,"7":1,"8":1,"9":1,"10":1,"11":1,"12":1,"13":1,"14":1,"15":4,"16":4,"17":1,"18":1,"19":1,"20":1,"21":1,"22":1,"23":2,"24":2,"25":1,"26":3,"27":1,"28":2,"29":1,"30":1,"31":0,"32":1,"33":3,"34":1,"35":2,"36":2,"37":3,"38":3,"39":3,"40":2,"41":1,"42":2,"43":1,"44":4,"45":4,"46":4,"47":1,"48":3,"49":2,"50":1,"51":1,"52":3,"53":1,"54":2,"55":1,"56":1,"57":3,"58":3,"59":3,"60":1,"61":2,"62":2,"63":2,"64":1,"65":1,"66":1,"67":1,"68":1,"69":1,"70":1,"71":1,"72":1,"73":1,"74":1,"75":1,"76":1,"77":1,"78":1,"79":1,"80":2,"81":1,"82":1,"83":1},"f":{"0":4,"1":1,"2":3,"3":2,"4":3,"5":4,"6":3},"b":{"0":[1],"1":[1],"2":[2],"3":[1],"4":[1],"5":[0],"6":[1,1],"7":[0,3],"8":[2,1],"9":[0,2],"10":[4,1],"11":[1],"12":[1],"13":[1],"14":[1],"15":[3,1],"16":[1],"17":[2,0],"18":[1,0],"19":[1],"20":[1,0],"21":[1,0],"22":[1,0],"23":[1,0],"24":[1]}}
,"C:\\Users\\sondo\\Desktop\\Graduation Project 1 - Bus Tracker\\Implementation\\codebase\\webApp\\backend\\src\\services\\stationService.ts": {"path":"C:\\Users\\sondo\\Desktop\\Graduation Project 1 - Bus Tracker\\Implementation\\codebase\\webApp\\backend\\src\\services\\stationService.ts","statementMap":{"0":{"start":{"line":6,"column":0},"end":{"line":6,"column":50}},"1":{"start":{"line":7,"column":0},"end":{"line":7,"column":60}},"2":{"start":{"line":8,"column":0},"end":{"line":8,"column":46}},"3":{"start":{"line":10,"column":0},"end":{"line":10,"column":31}},"4":{"start":{"line":11,"column":0},"end":{"line":11,"column":47}},"5":{"start":{"line":14,"column":0},"end":{"line":14,"column":59}},"6":{"start":{"line":22,"column":0},"end":{"line":22,"column":60}},"7":{"start":{"line":25,"column":0},"end":{"line":25,"column":51}},"8":{"start":{"line":26,"column":15},"end":{"line":26,"column":31}},"9":{"start":{"line":42,"column":36},"end":{"line":42,"column":74}},"10":{"start":{"line":43,"column":34},"end":{"line":43,"column":70}},"11":{"start":{"line":45,"column":42},"end":{"line":45,"column":127}},"12":{"start":{"line":46,"column":40},"end":{"line":46,"column":121}},"13":{"start":{"line":50,"column":51},"end":{"line":55,"column":16}},"14":{"start":{"line":52,"column":29},"end":{"line":52,"column":39}},"15":{"start":{"line":53,"column":29},"end":{"line":53,"column":38}},"16":{"start":{"line":54,"column":32},"end":{"line":54,"column":45}},"17":{"start":{"line":59,"column":23},"end":{"line":59,"column":71}},"18":{"start":{"line":62,"column":8},"end":{"line":113,"column":11}},"19":{"start":{"line":63,"column":12},"end":{"line":112,"column":13}},"20":{"start":{"line":64,"column":32},"end":{"line":64,"column":80}},"21":{"start":{"line":65,"column":16},"end":{"line":65,"column":39}},"22":{"start":{"line":65,"column":30},"end":{"line":65,"column":39}},"23":{"start":{"line":67,"column":38},"end":{"line":72,"column":18}},"24":{"start":{"line":74,"column":52},"end":{"line":76,"column":57}},"25":{"start":{"line":75,"column":38},"end":{"line":75,"column":58}},"26":{"start":{"line":76,"column":36},"end":{"line":76,"column":56}},"27":{"start":{"line":80,"column":44},"end":{"line":82,"column":35}},"28":{"start":{"line":81,"column":51},"end":{"line":81,"column":89}},"29":{"start":{"line":84,"column":39},"end":{"line":84,"column":110}},"30":{"start":{"line":86,"column":35},"end":{"line":86,"column":85}},"31":{"start":{"line":87,"column":34},"end":{"line":87,"column":112}},"32":{"start":{"line":87,"column":85},"end":{"line":87,"column":111}},"33":{"start":{"line":89,"column":16},"end":{"line":91,"column":17}},"34":{"start":{"line":90,"column":20},"end":{"line":90,"column":29}},"35":{"start":{"line":95,"column":16},"end":{"line":95,"column":88}},"36":{"start":{"line":98,"column":16},"end":{"line":105,"column":17}},"37":{"start":{"line":99,"column":33},"end":{"line":103,"column":23}},"38":{"start":{"line":99,"column":73},"end":{"line":103,"column":22}},"39":{"start":{"line":104,"column":20},"end":{"line":104,"column":81}},"40":{"start":{"line":108,"column":16},"end":{"line":111,"column":18}},"41":{"start":{"line":120,"column":21},"end":{"line":124,"column":10}},"42":{"start":{"line":126,"column":8},"end":{"line":128,"column":58}},"43":{"start":{"line":127,"column":50},"end":{"line":127,"column":69}},"44":{"start":{"line":128,"column":36},"end":{"line":128,"column":56}},"45":{"start":{"line":136,"column":8},"end":{"line":158,"column":10}},"46":{"start":{"line":140,"column":28},"end":{"line":140,"column":37}},"47":{"start":{"line":142,"column":16},"end":{"line":144,"column":17}},"48":{"start":{"line":143,"column":20},"end":{"line":143,"column":84}},"49":{"start":{"line":146,"column":16},"end":{"line":148,"column":17}},"50":{"start":{"line":147,"column":20},"end":{"line":147,"column":43}},"51":{"start":{"line":149,"column":16},"end":{"line":149,"column":57}},"52":{"start":{"line":150,"column":16},"end":{"line":152,"column":17}},"53":{"start":{"line":151,"column":20},"end":{"line":151,"column":48}},"54":{"start":{"line":154,"column":16},"end":{"line":154,"column":27}},"55":{"start":{"line":160,"column":36},"end":{"line":160,"column":56}},"56":{"start":{"line":161,"column":8},"end":{"line":163,"column":9}},"57":{"start":{"line":162,"column":12},"end":{"line":162,"column":56}},"58":{"start":{"line":165,"column":8},"end":{"line":165,"column":56}},"59":{"start":{"line":172,"column":8},"end":{"line":172,"column":67}},"60":{"start":{"line":173,"column":8},"end":{"line":173,"column":53}},"61":{"start":{"line":180,"column":20},"end":{"line":180,"column":31}},"62":{"start":{"line":181,"column":15},"end":{"line":183,"column":9}},"63":{"start":{"line":187,"column":36},"end":{"line":187,"column":61}},"64":{"start":{"line":188,"column":26},"end":{"line":188,"column":88}},"65":{"start":{"line":191,"column":28},"end":{"line":191,"column":50}},"66":{"start":{"line":192,"column":2},"end":{"line":194,"column":3}},"67":{"start":{"line":193,"column":3},"end":{"line":193,"column":34}},"68":{"start":{"line":196,"column":2},"end":{"line":196,"column":59}},"69":{"start":{"line":197,"column":2},"end":{"line":199,"column":3}},"70":{"start":{"line":198,"column":3},"end":{"line":198,"column":39}},"71":{"start":{"line":201,"column":23},"end":{"line":203,"column":10}},"72":{"start":{"line":206,"column":29},"end":{"line":206,"column":53}},"73":{"start":{"line":207,"column":26},"end":{"line":207,"column":88}},"74":{"start":{"line":209,"column":29},"end":{"line":209,"column":80}},"75":{"start":{"line":212,"column":35},"end":{"line":216,"column":41}},"76":{"start":{"line":219,"column":2},"end":{"line":225,"column":3}},"77":{"start":{"line":220,"column":3},"end":{"line":224,"column":5}},"78":{"start":{"line":229,"column":2},"end":{"line":232,"column":4}},"79":{"start":{"line":234,"column":8},"end":{"line":237,"column":10}},"80":{"start":{"line":246,"column":35},"end":{"line":249,"column":10}},"81":{"start":{"line":251,"column":34},"end":{"line":253,"column":49}},"82":{"start":{"line":252,"column":31},"end":{"line":252,"column":52}},"83":{"start":{"line":253,"column":28},"end":{"line":253,"column":48}},"84":{"start":{"line":255,"column":8},"end":{"line":273,"column":9}},"85":{"start":{"line":258,"column":12},"end":{"line":261,"column":14}},"86":{"start":{"line":264,"column":12},"end":{"line":267,"column":14}},"87":{"start":{"line":269,"column":12},"end":{"line":272,"column":14}},"88":{"start":{"line":276,"column":8},"end":{"line":279,"column":10}},"89":{"start":{"line":281,"column":25},"end":{"line":283,"column":10}},"90":{"start":{"line":285,"column":8},"end":{"line":285,"column":74}},"91":{"start":{"line":292,"column":25},"end":{"line":295,"column":10}},"92":{"start":{"line":297,"column":32},"end":{"line":297,"column":52}},"93":{"start":{"line":300,"column":32},"end":{"line":302,"column":57}},"94":{"start":{"line":301,"column":50},"end":{"line":301,"column":69}},"95":{"start":{"line":302,"column":36},"end":{"line":302,"column":56}},"96":{"start":{"line":304,"column":8},"end":{"line":304,"column":81}},"97":{"start":{"line":313,"column":38},"end":{"line":313,"column":71}},"98":{"start":{"line":314,"column":41},"end":{"line":314,"column":79}},"99":{"start":{"line":317,"column":25},"end":{"line":319,"column":10}},"100":{"start":{"line":321,"column":34},"end":{"line":328,"column":null}},"101":{"start":{"line":323,"column":34},"end":{"line":323,"column":76}},"102":{"start":{"line":324,"column":28},"end":{"line":324,"column":70}},"103":{"start":{"line":325,"column":48},"end":{"line":325,"column":58}},"104":{"start":{"line":327,"column":16},"end":{"line":327,"column":73}},"105":{"start":{"line":331,"column":8},"end":{"line":331,"column":82}},"106":{"start":{"line":338,"column":20},"end":{"line":338,"column":78}},"107":{"start":{"line":339,"column":8},"end":{"line":339,"column":69}},"108":{"start":{"line":346,"column":20},"end":{"line":346,"column":76}},"109":{"start":{"line":347,"column":8},"end":{"line":347,"column":69}},"110":{"start":{"line":34,"column":0},"end":{"line":34,"column":13}}},"fnMap":{"0":{"name":"(anonymous_1)","decl":{"start":{"line":39,"column":12},"end":{"line":39,"column":17}},"loc":{"start":{"line":39,"column":98},"end":{"line":114,"column":5}}},"1":{"name":"(anonymous_2)","decl":{"start":{"line":52,"column":21},"end":{"line":52,"column":22}},"loc":{"start":{"line":52,"column":29},"end":{"line":52,"column":39}}},"2":{"name":"(anonymous_3)","decl":{"start":{"line":53,"column":21},"end":{"line":53,"column":22}},"loc":{"start":{"line":53,"column":29},"end":{"line":53,"column":38}}},"3":{"name":"(anonymous_4)","decl":{"start":{"line":54,"column":24},"end":{"line":54,"column":25}},"loc":{"start":{"line":54,"column":32},"end":{"line":54,"column":45}}},"4":{"name":"(anonymous_5)","decl":{"start":{"line":62,"column":36},"end":{"line":62,"column":41}},"loc":{"start":{"line":62,"column":48},"end":{"line":113,"column":9}}},"5":{"name":"(anonymous_6)","decl":{"start":{"line":75,"column":25},"end":{"line":75,"column":26}},"loc":{"start":{"line":75,"column":38},"end":{"line":75,"column":58}}},"6":{"name":"(anonymous_7)","decl":{"start":{"line":76,"column":28},"end":{"line":76,"column":29}},"loc":{"start":{"line":76,"column":36},"end":{"line":76,"column":56}}},"7":{"name":"(anonymous_8)","decl":{"start":{"line":81,"column":43},"end":{"line":81,"column":44}},"loc":{"start":{"line":81,"column":51},"end":{"line":81,"column":89}}},"8":{"name":"(anonymous_9)","decl":{"start":{"line":87,"column":72},"end":{"line":87,"column":73}},"loc":{"start":{"line":87,"column":85},"end":{"line":87,"column":111}}},"9":{"name":"(anonymous_10)","decl":{"start":{"line":99,"column":52},"end":{"line":99,"column":53}},"loc":{"start":{"line":99,"column":73},"end":{"line":103,"column":22}}},"10":{"name":"(anonymous_11)","decl":{"start":{"line":119,"column":12},"end":{"line":119,"column":17}},"loc":{"start":{"line":119,"column":64},"end":{"line":129,"column":5}}},"11":{"name":"(anonymous_12)","decl":{"start":{"line":127,"column":17},"end":{"line":127,"column":18}},"loc":{"start":{"line":127,"column":50},"end":{"line":127,"column":69}}},"12":{"name":"(anonymous_13)","decl":{"start":{"line":128,"column":20},"end":{"line":128,"column":21}},"loc":{"start":{"line":128,"column":36},"end":{"line":128,"column":56}}},"13":{"name":"(anonymous_14)","decl":{"start":{"line":135,"column":4},"end":{"line":135,"column":9}},"loc":{"start":{"line":135,"column":49},"end":{"line":166,"column":5}}},"14":{"name":"(anonymous_15)","decl":{"start":{"line":139,"column":23},"end":{"line":139,"column":28}},"loc":{"start":{"line":139,"column":37},"end":{"line":156,"column":13}}},"15":{"name":"(anonymous_16)","decl":{"start":{"line":171,"column":4},"end":{"line":171,"column":9}},"loc":{"start":{"line":171,"column":42},"end":{"line":174,"column":5}}},"16":{"name":"(anonymous_17)","decl":{"start":{"line":179,"column":4},"end":{"line":179,"column":
[...]
:59}},"30":{"start":{"line":86,"column":12},"end":{"line":86,"column":25}},"31":{"start":{"line":90,"column":12},"end":{"line":90,"column":38}},"32":{"start":{"line":91,"column":12},"end":{"line":91,"column":66}},"33":{"start":{"line":92,"column":12},"end":{"line":92,"column":25}},"34":{"start":{"line":95,"column":8},"end":{"line":95,"column":72}},"35":{"start":{"line":97,"column":8},"end":{"line":97,"column":114}},"36":{"start":{"line":100,"column":8},"end":{"line":100,"column":62}},"37":{"start":{"line":101,"column":8},"end":{"line":101,"column":69}},"38":{"start":{"line":25,"column":13},"end":{"line":25,"column":21}}},"fnMap":{"0":{"name":"(anonymous_1)","decl":{"start":{"line":25,"column":21},"end":{"line":25,"column":26}},"loc":{"start":{"line":25,"column":95},"end":{"line":103,"column":1}}},"1":{"name":"(anonymous_2)","decl":{"start":{"line":62,"column":66},"end":{"line":62,"column":67}},"loc":{"start":{"line":62,"column":86},"end":{"line":67,"column":9}}},"2":{"name":"(anonymous_3)","decl":{"start":{"line":63,"column":57},"end":{"line":63,"column":58}},"loc":{"start":{"line":63,"column":73},"end":{"line":66,"column":13}}}},"branchMap":{"0":{"loc":{"start":{"line":36,"column":8},"end":{"line":38,"column":9}},"type":"if","locations":[{"start":{"line":36,"column":8},"end":{"line":38,"column":9}}]},"1":{"loc":{"start":{"line":36,"column":12},"end":{"line":36,"column":92}},"type":"binary-expr","locations":[{"start":{"line":36,"column":12},"end":{"line":36,"column":37}},{"start":{"line":36,"column":41},"end":{"line":36,"column":69}},{"start":{"line":36,"column":73},"end":{"line":36,"column":79}},{"start":{"line":36,"column":83},"end":{"line":36,"column":92}}]},"2":{"loc":{"start":{"line":51,"column":8},"end":{"line":53,"column":9}},"type":"if","locations":[{"start":{"line":51,"column":8},"end":{"line":53,"column":9}}]},"3":{"loc":{"start":{"line":58,"column":8},"end":{"line":60,"column":9}},"type":"if","locations":[{"start":{"line":58,"column":8},"end":{"line":60,"column":9}}]},"4":{"loc":{"start":{"line":64,"column":16},"end":{"line":64,"column":48}},"type":"if","locations":[{"start":{"line":64,"column":16},"end":{"line":64,"column":48}}]},"5":{"loc":{"start":{"line":77,"column":8},"end":{"line":93,"column":9}},"type":"if","locations":[{"start":{"line":77,"column":8},"end":{"line":93,"column":9}},{"start":{"line":89,"column":13},"end":{"line":93,"column":9}}]},"6":{"loc":{"start":{"line":97,"column":37},"end":{"line":97,"column":111}},"type":"cond-expr","locations":[{"start":{"line":97,"column":57},"end":{"line":97,"column":77}},{"start":{"line":97,"column":80},"end":{"line":97,"column":111}}]}},"s":{"0":1,"1":1,"2":1,"3":1,"4":1,"5":7,"6":7,"7":7,"8":7,"9":2,"10":5,"11":5,"12":5,"13":5,"14":1,"15":4,"16":4,"17":1,"18":3,"19":3,"20":3,"21":1,"22":2,"23":2,"24":2,"25":2,"26":2,"27":1,"28":1,"29":1,"30":1,"31":1,"32":1,"33":1,"34":2,"35":2,"36":1,"37":1,"38":1},"f":{"0":7,"1":3,"2":3},"b":{"0":[2],"1":[7,6,6,5],"2":[1],"3":[1],"4":[1],"5":[1,1],"6":[1,1]}}
,"C:\\Users\\sondo\\Desktop\\Graduation Project 1 - Bus Tracker\\Implementation\\codebase\\webApp\\backend\\src\\services\\authService\\logout.ts": {"path":"C:\\Users\\sondo\\Desktop\\Graduation Project 1 - Bus Tracker\\Implementation\\codebase\\webApp\\backend\\src\\services\\authService\\logout.ts","statementMap":{"0":{"start":{"line":7,"column":0},"end":{"line":7,"column":51}},"1":{"start":{"line":8,"column":19},"end":{"line":8,"column":35}},"2":{"start":{"line":10,"column":0},"end":{"line":10,"column":49}},"3":{"start":{"line":16,"column":22},"end":{"line":33,"column":1}},"4":{"start":{"line":17,"column":4},"end":{"line":32,"column":5}},"5":{"start":{"line":18,"column":8},"end":{"line":18,"column":36}},"6":{"start":{"line":19,"column":8},"end":{"line":19,"column":42}},"7":{"start":{"line":21,"column":8},"end":{"line":21,"column":66}},"8":{"start":{"line":25,"column":8},"end":{"line":25,"column":53}},"9":{"start":{"line":27,"column":8},"end":{"line":29,"column":9}},"10":{"start":{"line":28,"column":12},"end":{"line":28,"column":62}},"11":{"start":{"line":31,"column":8},"end":{"line":31,"column":69}},"12":{"start":{"line":16,"column":13},"end":{"line":16,"column":22}}},"fnMap":{"0":{"name":"(anonymous_1)","decl":{"start":{"line":16,"column":22},"end":{"line":16,"column":27}},"loc":{"start":{"line":16,"column":96},"end":{"line":33,"column":1}}}},"branchMap":{"0":{"loc":{"start":{"line":27,"column":8},"end":{"line":29,"column":9}},"type":"if","locations":[{"start":{"line":27,"column":8},"end":{"line":29,"column":9}}]}},"s":{"0":1,"1":1,"2":1,"3":1,"4":4,"5":4,"6":2,"7":1,"8":3,"9":3,"10":1,"11":2,"12":1},"f":{"0":4},"b":{"0":[1]}}
,"C:\\Users\\sondo\\Desktop\\Graduation Project 1 - Bus Tracker\\Implementation\\codebase\\webApp\\backend\\src\\services\\authService\\passwordReset.ts": {"path":"C:\\Users\\sondo\\Desktop\\Graduation Project 1 - Bus Tracker\\Implementation\\codebase\\webApp\\backend\\src\\services\\authService\\passwordReset.ts","statementMap":{"0":{"start":{"line":5,"column":0},"end":{"line":5,"column":28}},"1":{"start":{"line":13,"column":0},"end":{"line":13,"column":47}},"2":{"start":{"line":19,"column":0},"end":{"line":19,"column":51}},"3":{"start":{"line":20,"column":19},"end":{"line":20,"column":35}},"4":{"start":{"line":22,"column":0},"end":{"line":22,"column":92}},"5":{"start":{"line":24,"column":0},"end":{"line":24,"column":52}},"6":{"start":{"line":30,"column":40},"end":{"line":106,"column":1}},"7":{"start":{"line":35,"column":4},"end":{"line":105,"column":5}},"8":{"start":{"line":36,"column":37},"end":{"line":36,"column":45}},"9":{"start":{"line":40,"column":12},"end":{"line":40,"column":16}},"10":{"start":{"line":42,"column":8},"end":{"line":44,"column":9}},"11":{"start":{"line":43,"column":12},"end":{"line":43,"column":94}},"12":{"start":{"line":47,"column":27},"end":{"line":52,"column":10}},"13":{"start":{"line":54,"column":8},"end":{"line":56,"column":9}},"14":{"start":{"line":55,"column":12},"end":{"line":55,"column":95}},"15":{"start":{"line":58,"column":25},"end":{"line":58,"column":40}},"16":{"start":{"line":61,"column":8},"end":{"line":63,"column":9}},"17":{"start":{"line":62,"column":12},"end":{"line":62,"column":92}},"18":{"start":{"line":67,"column":8},"end":{"line":76,"column":9}},"19":{"start":{"line":68,"column":12},"end":{"line":71,"column":14}},"20":{"start":{"line":74,"column":12},"end":{"line":74,"column":87}},"21":{"start":{"line":75,"column":12},"end":{"line":75,"column":78}},"22":{"start":{"line":79,"column":36},"end":{"line":79,"column":52}},"23":{"start":{"line":82,"column":26},"end":{"line":82,"column":100}},"24":{"start":{"line":83,"column":28},"end":{"line":96,"column":79}},"25":{"start":{"line":98,"column":8},"end":{"line":98,"column":57}},"26":{"start":{"line":100,"column":8},"end":{"line":100,"column":83}},"27":{"start":{"line":103,"column":8},"end":{"line":103,"column":82}},"28":{"start":{"line":104,"column":8},"end":{"line":104,"column":69}},"29":{"start":{"line":30,"column":13},"end":{"line":30,"column":40}},"30":{"start":{"line":111,"column":40},"end":{"line":138,"column":1}},"31":{"start":{"line":112,"column":4},"end":{"line":137,"column":5}},"32":{"start":{"line":113,"column":25},"end":{"line":113,"column":110}},"33":{"start":{"line":114,"column":8},"end":{"line":116,"column":9}},"34":{"start":{"line":115,"column":12},"end":{"line":115,"column":24}},"35":{"start":{"line":118,"column":21},"end":{"line":121,"column":10}},"36":{"start":{"line":123,"column":8},"end":{"line":125,"column":9}},"37":{"start":{"line":124,"column":12},"end":{"line":124,"column":24}},"38":{"start":{"line":127,"column":32},"end":{"line":127,"column":109}},"39":{"start":{"line":128,"column":29},"end":{"line":128,"column":76}},"40":{"start":{"line":129,"column":8},"end":{"line":131,"column":9}},"41":{"start":{"line":130,"column":12},"end":{"line":130,"column":24}},"42":{"start":{"line":132,"column":8},"end":{"line":132,"column":24}},"43":{"start":{"line":135,"column":8},"end":{"line":135,"column":69}},"44":{"start":{"line":136,"column":8},"end":{"line":136,"column":20}},"45":{"start":{"line":111,"column":13},"end":{"line":111,"column":40}},"46":{"start":{"line":143,"column":29},"end":{"line":198,"column":1}},"47":{"start":{"line":144,"column":4},"end":{"line":197,"column":5}},"48":{"start":{"line":146,"column":25},"end":{"line":146,"column":60}},"49":{"start":{"line":148,"column":8},"end":{"line":150,"column":9}},"50":{"start":{"line":149,"column":12},"end":{"line":149,"column":75}},"51":{"start":{"line":153,"column":34},"end":{"line":153,"column":42}},"52":{"start":{"line":158,"column":12},"end":{"line":158,"column":16}},"53":{"start":{"line":160,"column":8},"end":{"line":162,"column":9}},"54":{"start":{"line":161,"column":12},"end":{"line":161,"column":97}},"55":{"start":{"line":165,"column":8},"end":{"line":167,"column":9}},"56":{"start":{"line":166,"column":12},"end":{"line":166,"column":99}},"57":{"start":{"line":171,"column":39},"end":{"line":171,"column":72}},"58":{"start":{"line":173,"column":34},"end":{"line":179,"column":10}},"59":{"start":{"line":181,"column":8},"end":{"line":183,"column":9}},"60":{"start":{"line":182,"column":12},"end":{"line":182,"column":87}},"61":{"start":{"line":185,"column":8},"end":{"line":188,"column":10}},"62":{"start":{"line":190,"column":8},"end":{"line":190,"column":81}},"63":{"start":{"line":194,"column":8},"end":{"line":194,"column":76}},"64":{"start":{"line":196,"column":8},"end":{"line":196,"column":69}},"65":{"start":{"line":143,"column":13},"end":{"line":143,"column":29}}},"fnMap":{"0":{"name":"(anonymous_1)","decl":{"start":{"line":30,"column":40},"end":{"line":30,"column":45}},"loc":{"start":{"line":34,"column":32},"end":{"line":106,"column":1}}},"1":{"name":"(anonymous_2)","decl":{"start":{"line":111,"column":40},"end":{"line":111,"column":45}},"loc":{"start":{"line":111,"column":99},"end":{"line":138,"column":1}}},"2":{"name":"(anonymous_3)","decl":{"start":{"line":143,"column":29},"end":{"line":143,"column":34}},"loc":{"start":{"line":143,"column":103},"end":{"line":198,"column":1}}}},"branchMap":{"0":{"loc":{"start":{"line":42,"column":8},"end":{"line":44,"column":9}},"type":"if","locations":[{"start":{"line":42,"column":8},"end":{"line":44,"column":9}}]},"1":{"loc":{"start":{"line":54,"column":8},"end":{"line":56,"column":9}},"type":"if","locations":[{"start":{"line":54,"column":8},"end":{"line":56,"column":9}}]},"2":{"loc":{"start":{"line":61,"column":8},"end":{"line":63,"column":9}},"type":"if","locations":[{"start":{"line":61,"column":8},"end":{"line":63,"column":9}}]},"3":{"loc":{"start":{"line":70,"column":16},"end":{"line":70,"column":105}},"type":"cond-expr","locations":[{"start":{"line":70,"column":70},"end":{"line":70,"column":101}},{"start":{"line":70,"column":104},"end":{"line":70,"column":105}}]},"4":{"loc":{"start":{"line":114,"column":8},"end":{"line":116,"column":9}},"type":"if","locations":[{"start":{"line":114,"column":8},"end":{"line":116,"column":9}}]},"5":{"loc":{"start":{"line":114,"column":12},"end":{"line":114,"column":72}},"type":"binary-expr","locations":[{"start":{"line":114,"column":12},"end":{"line":114,"column":21}},{"start":{"line":114,"column":25},"end":{"line":114,"column":53}},{"start":{"line":114,"column":57},"end":{"line":114,"column":72}}]},"6":{"loc":{"start":{"line":123,"column":8},"end":{"line":125,"column":9}},"type":"if","locations":[{"start":{"line":123,"column":8},"end":{"line":125,"column":9}}]},"7":{"loc":{"start":{"line":127,"column":32},"end":{"line":127,"column":109}},"type":"cond-expr","locations":[{"start":{"line":127,"column":80},"end":{"line":127,"column":105}},{"start":{"line":127,"column":108},"end":{"line":127,"column":109}}]},"8":{"loc":{"start":{"line":128,"column":29},"end":{"line":128,"column":76}},"type":"cond-expr","locations":[{"start":{"line":128,"column":62},"end":{"line":128,"column":72}},{"start":{"line":128,"column":75},"end":{"line":128,"column":76}}]},"9":{"loc":{"start":{"line":129,"column":8},"end":{"line":131,"column":9}},"type":"if","locations":[{"start":{"line":129,"column":8},"end":{"line":131,"column":9}}]},"10":{"loc":{"start":{"line":148,"column":8},"end":{"line":150,"column":9}},"type":"if","locations":[{"start":{"line":148,"column":8},"end":{"line":150,"column":9}}]},"11":{"loc":{"start":{"line":160,"column":8},"end":{"line":162,"column":9}},"type":"if","locations":[{"start":{"line":160,"column":8},"end":{"line":162,"column":9}}]},"12":{"loc":{"start":{"line":160,"column":12},"end":{"line":160,"column":44}},"type":"binary-expr","locations":[{"start":{"line":160,"column":12},"end":{"line":160,"column":24}},{"start":{"line":160,"column":28},"end":{"line":160,"column":44}}]},"13":{"loc":{"start":{"line":165,"column":8},"end":{"line":167,"column":9}},"type":"if","locations":[{"start":{"line":165,"column":8},"end":{"line":167,"column":9}}]},"14":{"loc":{"start":{"line":181,"column":8},"end":{"line":183,"column":9}},"type":"if","locations":[{"start":{"line":181,"column":8},"end":{"line":183,"column":9}}]}},"s":{"0":3,"1":3,"2":3,"3":3,"4":3,"5":3,"6":3,"7":6,"8":6,"9":6,"10":6,"11":1,"12":5,"13":5,"14":1,"15":4,"16":4,"17":1,"18":3,"19":3,"20":1,"21":1,"22":2,"23":2,"24":2,"25":2,"26":1,"27":1,"28":1,"29":3,"30":3,"31":11,"32":11,"33":10,"34":2,"35":8,"36":8,"37":1,"38":7,"39":7,"40":7,"41":1,"42":6,"43":1,"44":1,"45":3,"46":3,"47":7,"48":7,"49":7,"50":2,"51":5,"52":5,"53":5,"54":1,"55":4,"56":1,"57":3,"58":2,"59":2,"60":1,"61":1,"62":1,"63":1,"64":1,"65":3},"f":{"0":6,"1":11,"2":7},"b":{"0":[1],"1":[1],"2":[1],"3":[3,0],"4":[2],"5":[10,8,8],"6":[1],"7":[7,0],"8":[7,0],"9":[1],"10":[2],"11":[1],"12":[5,4],"13":[1],"14":[1]}}
,"C:\\Users\\sondo\\Desktop\\Graduation Project 1 - Bus Tracker\\Implementation\\codebase\\webApp\\backend\\src\\services\\authService\\setPassword.ts": {"path":"C:\\Users\\sondo\\Desktop\\Graduation Project 1 - Bus Tracker\\Implementation\\codebase\\webApp\\backend\\src\\services\\authService\\setPassword.ts","statementMap":{"0":{"start":{"line":5,"column":0},"end":{"line":5,"column":28}},"1":{"start":{"line":7,"column":0},"end":{"line":7,"column":31}},"2":{"start":{"line":15,"column":0},"end":{"line":15,"column":47}},"3":{"start":{"line":18,"column":0},"end":{"line":18,"column":51}},"4":{"start":{"line":19,"column":19},"end":{"line":19,"column":35}},"5":{"start":{"line":21,"column":0},"end":{"line":21,"column":52}},"6":{"start":{"line":30,"column":38},"end":{"line":58,"column":1}},"7":{"start":{"line":31,"column":4},"end":{"line":57,"column":5}},"8":{"start":{"line":32,"column":25},"end":{"line":32,"column":93}},"9":{"start":{"line":33,"column":8},"end":{"line":35,"column":9}},"10":{"start":{"line":34,"column":12},"end":{"line":34,"column":24}},"11":{"start":{"line":38,"column":21},"end":{"line":41,"column":10}},"12":{"start":{"line":44,"column":8},"end":{"line":46,"column":9}},"13":{"start":{"line":45,"column":12},"end":{"line":45,"column":24}},"14":{"start":{"line":49,"column":8},"end":{"line":51,"column":9}},"15":{"start":{"line":50,"column":12},"end":{"line":50,"column":24}},"16":{"start":{"line":52,"column":8},"end":{"line":52,"column":24}},"17":{"start":{"line":55,"column":8},"end":{"line":55,"column":69}},"18":{"start":{"line":56,"column":8},"end":{"line":56,"column":20}},"19":{"start":{"line":30,"column":13},"end":{"line":30,"column":38}},"20":{"start":{"line":63,"column":33},"end":{"line":93,"column":1}},"21":{"start":{"line":64,"column":37},"end":{"line":64,"column":80}},"22":{"start":{"line":66,"column":32},"end":{"line":66,"column":51}},"23":{"start":{"line":67,"column":20},"end":{"line":67,"column":90}},"24":{"start":{"line":68,"column":24},"end":{"line":88,"column":73}},"25":{"start":{"line":90,"column":4},"end":{"line":90,"column":53}},"26":{"start":{"line":92,"column":4},"end":{"line":92,"column":59}},"27":{"start":{"line":63,"column":13},"end":{"line":63,"column":33}},"28":{"start":{"line":98,"column":27},"end":{"line":150,"column":1}},"29":{"start":{"line":99,"column":4},"end":{"line":149,"column":5}},"30":{"start":{"line":101,"column":25},"end":{"line":101,"column":58}},"31":{"start":{"line":103,"column":8},"end":{"line":105,"column":9}},"32":{"start":{"line":104,"column":12},"end":{"line":104,"column":75}},"33":{"start":{"line":108,"column":34},"end":{"line":108,"column":42}},"34":{"start":{"line":113,"column":12},"end":{"line":113,"column":16}},"35":{"start":{"line":115,"column":8},"end":{"line":117,"column":9}},"36":{"start":{"line":116,"column":12},"end":{"line":116,"column":95}},"37":{"start":{"line":120,"column":8},"end":{"line":122,"column":9}},"38":{"start":{"line":121,"column":12},"end":{"line":121,"column":97}},"39":{"start":{"line":126,"column":39},"end":{"line":126,"column":72}},"40":{"start":{"line":128,"column":34},"end":{"line":135,"column":10}},"41":{"start":{"line":137,"column":8},"end":{"line":139,"column":9}},"42":{"start":{"line":138,"column":12},"end":{"line":138,"column":75}},"43":{"start":{"line":142,"column":8},"end":{"line":142,"column":42}},"44":{"start":{"line":144,"column":8},"end":{"line":144,"column":79}},"45":{"start":{"line":147,"column":8},"end":{"line":147,"column":71}},"46":{"start":{"line":148,"column":8},"end":{"line":148,"column":69}},"47":{"start":{"line":98,"column":13},"end":{"line":98,"column":27}}},"fnMap":{"0":{"name":"(anonymous_1)","decl":{"start":{"line":30,"column":38},"end":{"line":30,"column":43}},"loc":{"start":{"line":30,"column":97},"end":{"line":58,"column":1}}},"1":{"name":"(anonymous_2)","decl":{"start":{"line":63,"column":33},"end":{"line":63,"column":38}},"loc":{"start":{"line":63,"column":85},"end":{"line":93,"column":1}}},"2":{"name":"(anonymous_3)","decl":{"start":{"line":98,"column":27},"end":{"line":98,"column":32}},"loc":{"start":{"line":98,"column":101},"end":{"line":150,"column":1}}}},"branchMap":{"0":{"loc":{"start":{"line":33,"column":8},"end":{"line":35,"column":9}},"type":"if","locations":[{"start":{"line":33,"column":8},"end":{"line":35,"column":9}}]},"1":{"loc":{"start":{"line":33,"column":12},"end":{"line":33,"column":72}},"type":"binary-expr","locations":[{"start":{"line":33,"column":12},"end":{"line":33,"column":21}},{"start":{"line":33,"column":25},"end":{"line":33,"column":53}},{"start":{"line":33,"column":57},"end":{"line":33,"column":72}}]},"2":{"loc":{"start":{"line":44,"column":8},"end":{"line":46,"column":9}},"type":"if","locations":[{"start":{"line":44,"column":8},"end":{"line":46,"column":9}}]},"3":{"loc":{"start":{"line":49,"column":8},"end":{"line":51,"column":9}},"type":"if","locations":[{"start":{"line":49,"column":8},"end":{"line":51,"column":9}}]},"4":{"loc":{"start":{"line":103,"column":8},"end":{"line":105,"column":9}},"type":"if","locations":[{"start":{"line":103,"column":8},"end":{"line":105,"column":9}}]},"5":{"loc":{"start":{"line":115,"column":8},"end":{"line":117,"column":9}},"type":"if","locations":[{"start":{"line":115,"column":8},"end":{"line":117,"column":9}}]},"6":{"loc":{"start":{"line":115,"column":12},"end":{"line":115,"column":44}},"type":"binary-expr","locations":[{"start":{"line":115,"column":12},"end":{"line":115,"column":24}},{"start":{"line":115,"column":28},"end":{"line":115,"column":44}}]},"7":{"loc":{"start":{"line":120,"column":8},"end":{"line":122,"column":9}},"type":"if","locations":[{"start":{"line":120,"column":8},"end":{"line":122,"column":9}}]},"8":{"loc":{"start":{"line":137,"column":8},"end":{"line":139,"column":9}},"type":"if","locations":[{"start":{"line":137,"column":8},"end":{"line":139,"column":9}}]}},"s":{"0":1,"1":1,"2":1,"3":1,"4":1,"5":1,"6":1,"7":10,"8":10,"9":10,"10":2,"11":8,"12":8,"13":1,"14":7,"15":1,"16":6,"17":0,"18":0,"19":1,"20":1,"21":2,"22":2,"23":2,"24":2,"25":2,"26":1,"27":1,"28":1,"29":6,"30":6,"31":6,"32":1,"33":5,"34":5,"35":5,"36":1,"37":4,"38":1,"39":3,"40":2,"41":2,"42":1,"43":1,"44":1,"45":1,"46":1,"47":1},"f":{"0":10,"1":2,"2":6},"b":{"0":[2],"1":[10,8,8],"2":[1],"3":[1],"4":[1],"5":[1],"6":[5,4],"7":[1],"8":[1]}}
}
