{"C:\\Users\\sondo\\Desktop\\Graduation Project 1 - Bus Tracker\\Implementation\\codebase\\webApp\\backend\\src\\config\\database.ts": {"path":"C:\\Users\\sondo\\Desktop\\Graduation Project 1 - Bus Tracker\\Implementation\\codebase\\webApp\\backend\\src\\config\\database.ts","statementMap":{"0":{"start":{"line":5,"column":0},"end":{"line":5,"column":28}},"1":{"start":{"line":6,"column":0},"end":{"line":6,"column":24}},"2":{"start":{"line":7,"column":0},"end":{"line":7,"column":47}},"3":{"start":{"line":10,"column":0},"end":{"line":10,"column":63}},"4":{"start":{"line":13,"column":17},"end":{"line":13,"column":49}},"5":{"start":{"line":14,"column":21},"end":{"line":14,"column":84}},"6":{"start":{"line":17,"column":13},"end":{"line":27,"column":2}},"7":{"start":{"line":33,"column":13},"end":{"line":45,"column":2}}},"fnMap":{},"branchMap":{"0":{"loc":{"start":{"line":14,"column":21},"end":{"line":14,"column":84}},"type":"cond-expr","locations":[{"start":{"line":14,"column":32},"end":{"line":14,"column":39}},{"start":{"line":14,"column":43},"end":{"line":14,"column":83}}]},"1":{"loc":{"start":{"line":14,"column":43},"end":{"line":14,"column":83}},"type":"binary-expr","locations":[{"start":{"line":14,"column":43},"end":{"line":14,"column":68}},{"start":{"line":14,"column":72},"end":{"line":14,"column":83}}]},"2":{"loc":{"start":{"line":18,"column":12},"end":{"line":18,"column":47}},"type":"binary-expr","locations":[{"start":{"line":18,"column":12},"end":{"line":18,"column":37}},{"start":{"line":18,"column":41},"end":{"line":18,"column":47}}]},"3":{"loc":{"start":{"line":19,"column":12},"end":{"line":19,"column":60}},"type":"binary-expr","locations":[{"start":{"line":19,"column":12},"end":{"line":19,"column":41}},{"start":{"line":19,"column":45},"end":{"line":19,"column":60}}]},"4":{"loc":{"start":{"line":20,"column":12},"end":{"line":20,"column":54}},"type":"binary-expr","locations":[{"start":{"line":20,"column":12},"end":{"line":20,"column":37}},{"start":{"line":20,"column":41},"end":{"line":20,"column":54}}]},"5":{"loc":{"start":{"line":22,"column":8},"end":{"line":22,"column":49}},"type":"binary-expr","locations":[{"start":{"line":22,"column":8},"end":{"line":22,"column":41}},{"start":{"line":22,"column":45},"end":{"line":22,"column":49}}]},"6":{"loc":{"start":{"line":23,"column":12},"end":{"line":23,"column":63}},"type":"binary-expr","locations":[{"start":{"line":23,"column":12},"end":{"line":23,"column":52}},{"start":{"line":23,"column":56},"end":{"line":23,"column":63}}]}},"s":{"0":2,"1":2,"2":2,"3":2,"4":2,"5":2,"6":2,"7":2},"f":{},"b":{"0":[0,2],"1":[2,2],"2":[2,2],"3":[2,2],"4":[2,2],"5":[2,2],"6":[2,2]}}
,"C:\\Users\\sondo\\Desktop\\Graduation Project 1 - Bus Tracker\\Implementation\\codebase\\webApp\\backend\\src\\enums\\busEnum.ts": {"path":"C:\\Users\\sondo\\Desktop\\Graduation Project 1 - Bus Tracker\\Implementation\\codebase\\webApp\\backend\\src\\enums\\busEnum.ts","statementMap":{"0":{"start":{"line":5,"column":0},"end":{"line":5,"column":null}},"1":{"start":{"line":6,"column":4},"end":{"line":6,"column":null}},"2":{"start":{"line":7,"column":4},"end":{"line":7,"column":null}},"3":{"start":{"line":8,"column":4},"end":{"line":8,"column":null}}},"fnMap":{"0":{"name":"(anonymous_0)","decl":{"start":{"line":5,"column":0},"end":{"line":5,"column":12}},"loc":{"start":{"line":5,"column":18},"end":{"line":9,"column":1}}}},"branchMap":{"0":{"loc":{"start":{"line":5,"column":12},"end":{"line":5,"column":null}},"type":"binary-expr","locations":[{"start":{"line":5,"column":12},"end":{"line":5,"column":18}},{"start":{"line":5,"column":18},"end":{"line":5,"column":null}}]}},"s":{"0":3,"1":3,"2":3,"3":3},"f":{"0":3},"b":{"0":[3,3]}}
,"C:\\Users\\sondo\\Desktop\\Graduation Project 1 - Bus Tracker\\Implementation\\codebase\\webApp\\backend\\src\\enums\\routeEnum.ts": {"path":"C:\\Users\\sondo\\Desktop\\Graduation Project 1 - Bus Tracker\\Implementation\\codebase\\webApp\\backend\\src\\enums\\routeEnum.ts","statementMap":{"0":{"start":{"line":5,"column":0},"end":{"line":5,"column":null}},"1":{"start":{"line":6,"column":4},"end":{"line":6,"column":null}},"2":{"start":{"line":7,"column":4},"end":{"line":7,"column":null}}},"fnMap":{"0":{"name":"(anonymous_0)","decl":{"start":{"line":5,"column":0},"end":{"line":5,"column":12}},"loc":{"start":{"line":5,"column":18},"end":{"line":8,"column":1}}}},"branchMap":{"0":{"loc":{"start":{"line":5,"column":12},"end":{"line":5,"column":null}},"type":"binary-expr","locations":[{"start":{"line":5,"column":12},"end":{"line":5,"column":18}},{"start":{"line":5,"column":18},"end":{"line":5,"column":null}}]}},"s":{"0":1,"1":1,"2":1},"f":{"0":1},"b":{"0":[1,1]}}
,"C:\\Users\\sondo\\Desktop\\Graduation Project 1 - Bus Tracker\\Implementation\\codebase\\webApp\\backend\\src\\enums\\stationEnum.ts": {"path":"C:\\Users\\sondo\\Desktop\\Graduation Project 1 - Bus Tracker\\Implementation\\codebase\\webApp\\backend\\src\\enums\\stationEnum.ts","statementMap":{"0":{"start":{"line":5,"column":0},"end":{"line":5,"column":null}},"1":{"start":{"line":6,"column":3},"end":{"line":6,"column":null}},"2":{"start":{"line":7,"column":3},"end":{"line":7,"column":null}},"3":{"start":{"line":11,"column":0},"end":{"line":11,"column":null}},"4":{"start":{"line":12,"column":3},"end":{"line":12,"column":null}},"5":{"start":{"line":13,"column":3},"end":{"line":13,"column":null}}},"fnMap":{"0":{"name":"(anonymous_0)","decl":{"start":{"line":5,"column":0},"end":{"line":5,"column":12}},"loc":{"start":{"line":5,"column":18},"end":{"line":8,"column":1}}},"1":{"name":"(anonymous_1)","decl":{"start":{"line":11,"column":0},"end":{"line":11,"column":12}},"loc":{"start":{"line":11,"column":23},"end":{"line":14,"column":1}}}},"branchMap":{"0":{"loc":{"start":{"line":5,"column":12},"end":{"line":5,"column":null}},"type":"binary-expr","locations":[{"start":{"line":5,"column":12},"end":{"line":5,"column":18}},{"start":{"line":5,"column":18},"end":{"line":5,"column":null}}]},"1":{"loc":{"start":{"line":11,"column":12},"end":{"line":11,"column":null}},"type":"binary-expr","locations":[{"start":{"line":11,"column":12},"end":{"line":11,"column":23}},{"start":{"line":11,"column":23},"end":{"line":11,"column":null}}]}},"s":{"0":1,"1":1,"2":1,"3":1,"4":1,"5":1},"f":{"0":1,"1":1},"b":{"0":[1,1],"1":[1,1]}}
,"C:\\Users\\sondo\\Desktop\\Graduation Project 1 - Bus Tracker\\Implementation\\codebase\\webApp\\backend\\src\\enums\\tokenNameEnum.ts": {"path":"C:\\Users\\sondo\\Desktop\\Graduation Project 1 - Bus Tracker\\Implementation\\codebase\\webApp\\backend\\src\\enums\\tokenNameEnum.ts","statementMap":{"0":{"start":{"line":5,"column":18},"end":{"line":5,"column":30}},"1":{"start":{"line":11,"column":8},"end":{"line":11,"column":18}},"2":{"start":{"line":7,"column":27},"end":{"line":7,"column":47}},"3":{"start":{"line":11,"column":20},"end":{"line":11,"column":38}},"4":{"start":{"line":9,"column":25},"end":{"line":9,"column":43}},"5":{"start":{"line":11,"column":40},"end":{"line":11,"column":56}}},"fnMap":{},"branchMap":{},"s":{"0":2,"1":2,"2":2,"3":2,"4":2,"5":2},"f":{},"b":{}}
,"C:\\Users\\sondo\\Desktop\\Graduation Project 1 - Bus Tracker\\Implementation\\codebase\\webApp\\backend\\src\\enums\\userEnum.ts": {"path":"C:\\Users\\sondo\\Desktop\\Graduation Project 1 - Bus Tracker\\Implementation\\codebase\\webApp\\backend\\src\\enums\\userEnum.ts","statementMap":{"0":{"start":{"line":5,"column":0},"end":{"line":5,"column":null}},"1":{"start":{"line":6,"column":4},"end":{"line":6,"column":null}},"2":{"start":{"line":7,"column":4},"end":{"line":7,"column":null}},"3":{"start":{"line":13,"column":0},"end":{"line":13,"column":null}},"4":{"start":{"line":14,"column":4},"end":{"line":14,"column":null}},"5":{"start":{"line":15,"column":4},"end":{"line":15,"column":null}},"6":{"start":{"line":21,"column":0},"end":{"line":21,"column":null}},"7":{"start":{"line":22,"column":4},"end":{"line":22,"column":null}},"8":{"start":{"line":23,"column":4},"end":{"line":23,"column":null}},"9":{"start":{"line":29,"column":0},"end":{"line":29,"column":null}},"10":{"start":{"line":30,"column":4},"end":{"line":30,"column":null}},"11":{"start":{"line":31,"column":4},"end":{"line":31,"column":null}},"12":{"start":{"line":37,"column":0},"end":{"line":37,"column":null}},"13":{"start":{"line":38,"column":4},"end":{"line":38,"column":null}},"14":{"start":{"line":39,"column":4},"end":{"line":39,"column":null}}},"fnMap":{"0":{"name":"(anonymous_0)","decl":{"start":{"line":5,"column":0},"end":{"line":5,"column":12}},"loc":{"start":{"line":5,"column":16},"end":{"line":8,"column":1}}},"1":{"name":"(anonymous_1)","decl":{"start":{"line":13,"column":0},"end":{"line":13,"column":12}},"loc":{"start":{"line":13,"column":18},"end":{"line":16,"column":1}}},"2":{"name":"(anonymous_2)","decl":{"start":{"line":21,"column":0},"end":{"line":21,"column":12}},"loc":{"start":{"line":21,"column":18},"end":{"line":24,"column":1}}},"3":{"name":"(anonymous_3)","decl":{"start":{"line":29,"column":0},"end":{"line":29,"column":12}},"loc":{"start":{"line":29,"column":20},"end":{"line":32,"column":1}}},"4":{"name":"(anonymous_4)","decl":{"start":{"line":37,"column":0},"end":{"line":37,"column":12}},"loc":{"start":{"line":37,"column":22},"end":{"line":40,"column":1}}}},"branchMap":{"0":{"loc":{"start":{"line":5,"column":12},"end":{"line":5,"column":null}},"type":"binary-expr","locations":[{"start":{"line":5,"column":12},"end":{"line":5,"column":16}},{"start":{"line":5,"column":16},"end":{"line":5,"column":null}}]},"1":{"loc":{"start":{"line":13,"column":12},"end":{"line":13,"column":null}},"type":"binary-expr","locations":[{"start":{"line":13,"column":12},"end":{"line":13,"column":18}},{"start":{"line":13,"column":18},"end":{"line":13,"column":null}}]},"2":{"loc":{"start":{"line":21,"column":12},"end":{"line":21,"column":null}},"type":"binary-expr","locations":[{"start":{"line":21,"column":12},"end":{"line":21,"column":18}},{"start":{"line":21,"column":18},"end":{"line":21,"column":null}}]},"3":{"loc":{"start":{"line":29,"column":12},"end":{"line":29,"column":null}},"type":"binary-expr","locations":[{"start":{"line":29,"column":12},"end":{"line":29,"column":20}},{"start":{"line":29,"column":20},"end":{"line":29,"column":null}}]},"4":{"loc":{"start":{"line":37,"column":12},"end":{"line":37,"column":null}},"type":"binary-expr","locations":[{"start":{"line":37,"column":12},"end":{"line":37,"column":22}},{"start":{"line":37,"column":22},"end":{"line":37,"column":null}}]}},"s":{"0":2,"1":2,"2":2,"3":2,"4":2,"5":2,"6":2,"7":2,"8":2,"9":2,"10":2,"11":2,"12":2,"13":2,"14":2},"f":{"0":2,"1":2,"2":2,"3":2,"4":2},"b":{"0":[2,2],"1":[2,2],"2":[2,2],"3":[2,2],"4":[2,2]}}
,"C:\\Users\\sondo\\Desktop\\Graduation Project 1 - Bus Tracker\\Implementation\\codebase\\webApp\\backend\\src\\errors\\AppError.ts": {"path":"C:\\Users\\sondo\\Desktop\\Graduation Project 1 - Bus Tracker\\Implementation\\codebase\\webApp\\backend\\src\\errors\\AppError.ts","statementMap":{"0":{"start":{"line":6,"column":8},"end":{"line":6,"column":23}},"1":{"start":{"line":7,"column":8},"end":{"line":7,"column":58}},"2":{"start":{"line":1,"column":0},"end":{"line":1,"column":22}}},"fnMap":{"0":{"name":"(anonymous_0)","decl":{"start":{"line":5,"column":4},"end":{"line":5,"column":26}},"loc":{"start":{"line":5,"column":41},"end":{"line":8,"column":5}}}},"branchMap":{},"s":{"0":28,"1":28,"2":10},"f":{"0":28},"b":{}}
,"C:\\Users\\sondo\\Desktop\\Graduation Project 1 - Bus Tracker\\Implementation\\codebase\\webApp\\backend\\src\\errors\\ConflictError.ts": {"path":"C:\\Users\\sondo\\Desktop\\Graduation Project 1 - Bus Tracker\\Implementation\\codebase\\webApp\\backend\\src\\errors\\ConflictError.ts","statementMap":{"0":{"start":{"line":1,"column":0},"end":{"line":1,"column":38}},"1":{"start":{"line":4,"column":17},"end":{"line":4,"column":20}},"2":{"start":{"line":5,"column":11},"end":{"line":5,"column":27}},"3":{"start":{"line":8,"column":8},"end":{"line":8,"column":23}},"4":{"start":{"line":3,"column":0},"end":{"line":3,"column":13}}},"fnMap":{"0":{"name":"(anonymous_0)","decl":{"start":{"line":7,"column":4},"end":{"line":7,"column":16}},"loc":{"start":{"line":7,"column":31},"end":{"line":9,"column":5}}}},"branchMap":{},"s":{"0":10,"1":3,"2":3,"3":3,"4":10},"f":{"0":3},"b":{}}
,"C:\\Users\\sondo\\Desktop\\Graduation Project 1 - Bus Tracker\\Implementation\\codebase\\webApp\\backend\\src\\errors\\EmailServiceError.ts": {"path":"C:\\Users\\sondo\\Desktop\\Graduation Project 1 - Bus Tracker\\Implementation\\codebase\\webApp\\backend\\src\\errors\\EmailServiceError.ts","statementMap":{"0":{"start":{"line":2,"column":31},"end":{"line":2,"column":34}},"1":{"start":{"line":3,"column":31},"end":{"line":3,"column":58}},"2":{"start":{"line":6,"column":4},"end":{"line":6,"column":19}},"3":{"start":{"line":7,"column":4},"end":{"line":7,"column":36}},"4":{"start":{"line":8,"column":4},"end":{"line":8,"column":43}},"5":{"start":{"line":8,"column":16},"end":{"line":8,"column":43}},"6":{"start":{"line":1,"column":0},"end":{"line":1,"column":13}}},"fnMap":{"0":{"name":"(anonymous_0)","decl":{"start":{"line":5,"column":2},"end":{"line":5,"column":14}},"loc":{"start":{"line":5,"column":63},"end":{"line":9,"column":3}}}},"branchMap":{"0":{"loc":{"start":{"line":5,"column":14},"end":{"line":5,"column":46}},"type":"default-arg","locations":[{"start":{"line":5,"column":24},"end":{"line":5,"column":46}}]},"1":{"loc":{"start":{"line":8,"column":4},"end":{"line":8,"column":43}},"type":"if","locations":[{"start":{"line":8,"column":4},"end":{"line":8,"column":43}}]}},"s":{"0":0,"1":0,"2":0,"3":0,"4":0,"5":0,"6":10},"f":{"0":0},"b":{"0":[0],"1":[0]}}
,"C:\\Users\\sondo\\Desktop\\Graduation Project 1 - Bus Tracker\\Implementation\\codebase\\webApp\\backend\\src\\errors\\ForbiddenError.ts": {"path":"C:\\Users\\sondo\\Desktop\\Graduation Project 1 - Bus Tracker\\Implementation\\codebase\\webApp\\backend\\src\\errors\\ForbiddenError.ts","statementMap":{"0":{"start":{"line":1,"column":0},"end":{"line":1,"column":38}},"1":{"start":{"line":4,"column":17},"end":{"line":4,"column":20}},"2":{"start":{"line":5,"column":11},"end":{"line":5,"column":28}},"3":{"start":{"line":8,"column":8},"end":{"line":8,"column":23}},"4":{"start":{"line":3,"column":0},"end":{"line":3,"column":13}}},"fnMap":{"0":{"name":"(anonymous_0)","decl":{"start":{"line":7,"column":4},"end":{"line":7,"column":16}},"loc":{"start":{"line":7,"column":31},"end":{"line":9,"column":5}}}},"branchMap":{},"s":{"0":10,"1":0,"2":0,"3":0,"4":10},"f":{"0":0},"b":{}}
,"C:\\Users\\sondo\\Desktop\\Graduation Project 1 - Bus Tracker\\Implementation\\codebase\\webApp\\backend\\src\\errors\\InternalError.ts": {"path":"C:\\Users\\sondo\\Desktop\\Graduation Project 1 - Bus Tracker\\Implementation\\codebase\\webApp\\backend\\src\\errors\\InternalError.ts","statementMap":{"0":{"start":{"line":2,"column":31},"end":{"line":2,"column":34}},"1":{"start":{"line":3,"column":31},"end":{"line":3,"column":55}},"2":{"start":{"line":6,"column":4},"end":{"line":6,"column":35}},"3":{"start":{"line":7,"column":4},"end":{"line":7,"column":32}},"4":{"start":{"line":9,"column":4},"end":{"line":11,"column":5}},"5":{"start":{"line":10,"column":7},"end":{"line":10,"column":34}},"6":{"start":{"line":1,"column":0},"end":{"line":1,"column":13}}},"fnMap":{"0":{"name":"(anonymous_0)","decl":{"start":{"line":5,"column":2},"end":{"line":5,"column":14}},"loc":{"start":{"line":5,"column":29},"end":{"line":12,"column":3}}}},"branchMap":{"0":{"loc":{"start":{"line":9,"column":4},"end":{"line":11,"column":5}},"type":"if","locations":[{"start":{"line":9,"column":4},"end":{"line":11,"column":5}}]}},"s":{"0":0,"1":0,"2":0,"3":0,"4":0,"5":0,"6":10},"f":{"0":0},"b":{"0":[0]}}
,"C:\\Users\\sondo\\Desktop\\Graduation Project 1 - Bus Tracker\\Implementation\\codebase\\webApp\\backend\\src\\errors\\NetworkError.ts": {"path":"C:\\Users\\sondo\\Desktop\\Graduation Project 1 - Bus Tracker\\Implementation\\codebase\\webApp\\backend\\src\\errors\\NetworkError.ts","statementMap":{"0":{"start":{"line":6,"column":4},"end":{"line":6,"column":36}},"1":{"start":{"line":7,"column":4},"end":{"line":7,"column":31}},"2":{"start":{"line":4,"column":0},"end":{"line":4,"column":13}}},"fnMap":{"0":{"name":"(anonymous_0)","decl":{"start":{"line":5,"column":2},"end":{"line":5,"column":null}},"loc":{"start":{"line":5,"column":2},"end":{"line":8,"column":3}}}},"branchMap":{},"s":{"0":0,"1":0,"2":2},"f":{"0":0},"b":{}}
,"C:\\Users\\sondo\\Desktop\\Graduation Project 1 - Bus Tracker\\Implementation\\codebase\\webApp\\backend\\src\\errors\\NotFoundError.ts": {"path":"C:\\Users\\sondo\\Desktop\\Graduation Project 1 - Bus Tracker\\Implementation\\codebase\\webApp\\backend\\src\\errors\\NotFoundError.ts","statementMap":{"0":{"start":{"line":1,"column":0},"end":{"line":1,"column":38}},"1":{"start":{"line":4,"column":17},"end":{"line":4,"column":20}},"2":{"start":{"line":5,"column":11},"end":{"line":5,"column":28}},"3":{"start":{"line":8,"column":8},"end":{"line":8,"column":23}},"4":{"start":{"line":3,"column":0},"end":{"line":3,"column":13}}},"fnMap":{"0":{"name":"(anonymous_0)","decl":{"start":{"line":7,"column":4},"end":{"line":7,"column":16}},"loc":{"start":{"line":7,"column":31},"end":{"line":9,"column":5}}}},"branchMap":{},"s":{"0":10,"1":7,"2":7,"3":7,"4":10},"f":{"0":7},"b":{}}
,"C:\\Users\\sondo\\Desktop\\Graduation Project 1 - Bus Tracker\\Implementation\\codebase\\webApp\\backend\\src\\errors\\UnauthorizedError.ts": {"path":"C:\\Users\\sondo\\Desktop\\Graduation Project 1 - Bus Tracker\\Implementation\\codebase\\webApp\\backend\\src\\errors\\UnauthorizedError.ts","statementMap":{"0":{"start":{"line":1,"column":0},"end":{"line":1,"column":38}},"1":{"start":{"line":4,"column":17},"end":{"line":4,"column":20}},"2":{"start":{"line":5,"column":11},"end":{"line":5,"column":31}},"3":{"start":{"line":8,"column":8},"end":{"line":8,"column":23}},"4":{"start":{"line":3,"column":0},"end":{"line":3,"column":13}}},"fnMap":{"0":{"name":"(anonymous_0)","decl":{"start":{"line":7,"column":4},"end":{"line":7,"column":16}},"loc":{"start":{"line":7,"column":31},"end":{"line":9,"column":5}}}},"branchMap":{},"s":{"0":10,"1":2,"2":2,"3":2,"4":10},"f":{"0":2},"b":{}}
,"C:\\Users\\sondo\\Desktop\\Graduation Project 1 - Bus Tracker\\Implementation\\codebase\\webApp\\backend\\src\\errors\\ValidationError.ts": {"path":"C:\\Users\\sondo\\Desktop\\Graduation Project 1 - Bus Tracker\\Implementation\\codebase\\webApp\\backend\\src\\errors\\ValidationError.ts","statementMap":{"0":{"start":{"line":1,"column":0},"end":{"line":1,"column":38}},"1":{"start":{"line":4,"column":17},"end":{"line":4,"column":20}},"2":{"start":{"line":5,"column":11},"end":{"line":5,"column":29}},"3":{"start":{"line":8,"column":8},"end":{"line":8,"column":23}},"4":{"start":{"line":3,"column":0},"end":{"line":3,"column":13}}},"fnMap":{"0":{"name":"(anonymous_0)","decl":{"start":{"line":7,"column":4},"end":{"line":7,"column":16}},"loc":{"start":{"line":7,"column":31},"end":{"line":9,"column":5}}}},"branchMap":{},"s":{"0":10,"1":16,"2":16,"3":16,"4":10},"f":{"0":16},"b":{}}
,"C:\\Users\\sondo\\Desktop\\Graduation Project 1 - Bus Tracker\\Implementation\\codebase\\webApp\\backend\\src\\errors\\index.ts": {"path":"C:\\Users\\sondo\\Desktop\\Graduation Project 1 - Bus Tracker\\Implementation\\codebase\\webApp\\backend\\src\\errors\\index.ts","statementMap":{"0":{"start":{"line":1,"column":0},"end":{"line":1,"column":27}},"1":{"start":{"line":3,"column":0},"end":{"line":3,"column":34}},"2":{"start":{"line":4,"column":0},"end":{"line":4,"column":32}},"3":{"start":{"line":5,"column":0},"end":{"line":5,"column":32}},"4":{"start":{"line":6,"column":0},"end":{"line":6,"column":36}},"5":{"start":{"line":7,"column":0},"end":{"line":7,"column":33}},"6":{"start":{"line":8,"column":0},"end":{"line":8,"column":36}},"7":{"start":{"line":9,"column":0},"end":{"line":9,"column":32}}},"fnMap":{},"branchMap":{},"s":{"0":10,"1":10,"2":10,"3":10,"4":10,"5":10,"6":10,"7":10},"f":{},"b":{}}
,"C:\\Users\\sondo\\Desktop\\Graduation Project 1 - Bus Tracker\\Implementation\\codebase\\webApp\\backend\\src\\helpers\\authHelpher.ts": {"path":"C:\\Users\\sondo\\Desktop\\Graduation Project 1 - Bus Tracker\\Implementation\\codebase\\webApp\\backend\\src\\helpers\\authHelpher.ts","statementMap":{"0":{"start":{"line":5,"column":0},"end":{"line":5,"column":52}},"1":{"start":{"line":10,"column":0},"end":{"line":10,"column":42}},"2":{"start":{"line":12,"column":0},"end":{"line":12,"column":null}},"3":{"start":{"line":30,"column":0},"end":{"line":30,"column":70}},"4":{"start":{"line":103,"column":26},"end":{"line":103,"column":63}},"5":{"start":{"line":105,"column":8},"end":{"line":105,"column":36}},"6":{"start":{"line":106,"column":8},"end":{"line":106,"column":38}},"7":{"start":{"line":107,"column":8},"end":{"line":107,"column":38}},"8":{"start":{"line":108,"column":8},"end":{"line":112,"column":26}},"9":{"start":{"line":119,"column":8},"end":{"line":119,"column":55}},"10":{"start":{"line":126,"column":26},"end":{"line":126,"column":63}},"11":{"start":{"line":127,"column":8},"end":{"line":127,"column":72}},"12":{"start":{"line":137,"column":23},"end":{"line":137,"column":50}},"13":{"start":{"line":138,"column":8},"end":{"line":140,"column":9}},"14":{"start":{"line":139,"column":12},"end":{"line":139,"column":62}},"15":{"start":{"line":141,"column":8},"end":{"line":141,"column":22}},"16":{"start":{"line":151,"column":8},"end":{"line":151,"column":43}},"17":{"start":{"line":162,"column":8},"end":{"line":162,"column":67}},"18":{"start":{"line":169,"column":8},"end":{"line":169,"column":50}},"19":{"start":{"line":173,"column":8},"end":{"line":173,"column":83}},"20":{"start":{"line":180,"column":8},"end":{"line":180,"column":48}},"21":{"start":{"line":188,"column":8},"end":{"line":188,"column":51}},"22":{"start":{"line":194,"column":8},"end":{"line":194,"column":60}},"23":{"start":{"line":204,"column":8},"end":{"line":204,"column":71}},"24":{"start":{"line":211,"column":8},"end":{"line":211,"column":62}},"25":{"start":{"line":218,"column":8},"end":{"line":218,"column":60}},"26":{"start":{"line":235,"column":8},"end":{"line":235,"column":34}},"27":{"start":{"line":237,"column":8},"end":{"line":237,"column":94}},"28":{"start":{"line":245,"column":8},"end":{"line":245,"column":49}},"29":{"start":{"line":252,"column":22},"end":{"line":254,"column":5}},"30":{"start":{"line":253,"column":8},"end":{"line":253,"column":74}},"31":{"start":{"line":260,"column":34},"end":{"line":262,"column":5}},"32":{"start":{"line":261,"column":8},"end":{"line":261,"column":48}},"33":{"start":{"line":269,"column":8},"end":{"line":269,"column":63}},"34":{"start":{"line":278,"column":8},"end":{"line":278,"column":49}},"35":{"start":{"line":284,"column":0},"end":{"line":284,"column":26}}},"fnMap":{"0":{"name":"(anonymous_0)","decl":{"start":{"line":102,"column":4},"end":{"line":102,"column":22}},"loc":{"start":{"line":102,"column":58},"end":{"line":113,"column":5}}},"1":{"name":"(anonymous_1)","decl":{"start":{"line":118,"column":4},"end":{"line":118,"column":21}},"loc":{"start":{"line":118,"column":39},"end":{"line":120,"column":5}}},"2":{"name":"(anonymous_2)","decl":{"start":{"line":125,"column":4},"end":{"line":125,"column":15}},"loc":{"start":{"line":125,"column":32},"end":{"line":128,"column":5}}},"3":{"name":"(anonymous_3)","decl":{"start":{"line":136,"column":12},"end":{"line":136,"column":27}},"loc":{"start":{"line":136,"column":45},"end":{"line":142,"column":5}}},"4":{"name":"(anonymous_4)","decl":{"start":{"line":150,"column":12},"end":{"line":150,"column":27}},"loc":{"start":{"line":150,"column":46},"end":{"line":152,"column":5}}},"5":{"name":"(anonymous_5)","decl":{"start":{"line":161,"column":4},"end":{"line":161,"column":23}},"loc":{"start":{"line":161,"column":88},"end":{"line":163,"column":5}}},"6":{"name":"(anonymous_6)","decl":{"start":{"line":168,"column":4},"end":{"line":168,"column":31}},"loc":{"start":{"line":168,"column":45},"end":{"line":170,"column":5}}},"7":{"name":"(anonymous_7)","decl":{"start":{"line":172,"column":4},"end":{"line":172,"column":42}},"loc":{"start":{"line":172,"column":86},"end":{"line":174,"column":5}}},"8":{"name":"(anonymous_8)","decl":{"start":{"line":179,"column":4},"end":{"line":179,"column":29}},"loc":{"start":{"line":179,"column":43},"end":{"line":181,"column":5}}},"9":{"name":"(anonymous_9)","decl":{"start":{"line":187,"column":4},"end":{"line":187,"column":18}},"loc":{"start":{"line":187,"column":69},"end":{"line":189,"column":5}}},"10":{"name":"(anonymous_10)","decl":{"start":{"line":193,"column":4},"end":{"line":193,"column":29}},"loc":{"start":{"line":193,"column":83},"end":{"line":195,"column":5}}},"11":{"name":"(anonymous_11)","decl":{"start":{"line":203,"column":4},"end":{"line":203,"column":39}},"loc":{"start":{"line":203,"column":94},"end":{"line":205,"column":5}}},"12":{"name":"(anonymous_12)","decl":{"start":{"line":210,"column":4},"end":{"line":210,"column":42}},"loc":{"start":{"line":210,"column":77},"end":{"line":212,"column":5}}},"13":{"name":"(anonymous_13)","decl":{"start":{"line":217,"column":4},"end":{"line":217,"column":40}},"loc":{"start":{"line":217,"column":75},"end":{"line":219,"column":5}}},"14":{"name":"(anonymous_14)","decl":{"start":{"line":225,"column":4},"end":{"line":225,"column":18}},"loc":{"start":{"line":231,"column":28},"end":{"line":238,"column":5}}},"15":{"name":"(anonymous_15)","decl":{"start":{"line":244,"column":4},"end":{"line":244,"column":21}},"loc":{"start":{"line":244,"column":58},"end":{"line":246,"column":5}}},"16":{"name":"(anonymous_16)","decl":{"start":{"line":252,"column":22},"end":{"line":252,"column":40}},"loc":{"start":{"line":252,"column":116},"end":{"line":254,"column":5}}},"17":{"name":"(anonymous_17)","decl":{"start":{"line":260,"column":34},"end":{"line":260,"column":39}},"loc":{"start":{"line":260,"column":98},"end":{"line":262,"column":5}}},"18":{"name":"(anonymous_18)","decl":{"start":{"line":268,"column":4},"end":{"line":268,"column":9}},"loc":{"start":{"line":268,"column":86},"end":{"line":270,"column":5}}},"19":{"name":"(anonymous_19)","decl":{"start":{"line":277,"column":4},"end":{"line":277,"column":9}},"loc":{"start":{"line":277,"column":58},"end":{"line":279,"column":5}}}},"branchMap":{"0":{"loc":{"start":{"line":137,"column":23},"end":{"line":137,"column":50}},"type":"binary-expr","locations":[{"start":{"line":137,"column":23},"end":{"line":137,"column":33}},{"start":{"line":137,"column":37},"end":{"line":137,"column":50}}]},"1":{"loc":{"start":{"line":138,"column":8},"end":{"line":140,"column":9}},"type":"if","locations":[{"start":{"line":138,"column":8},"end":{"line":140,"column":9}}]},"2":{"loc":{"start":{"line":161,"column":59},"end":{"line":161,"column":88}},"type":"default-arg","locations":[{"start":{"line":161,"column":81},"end":{"line":161,"column":88}}]}},"s":{"0":2,"1":2,"2":2,"3":2,"4":0,"5":0,"6":0,"7":0,"8":0,"9":0,"10":0,"11":0,"12":0,"13":0,"14":0,"15":0,"16":0,"17":0,"18":0,"19":0,"20":0,"21":0,"22":0,"23":0,"24":0,"25":0,"26":0,"27":0,"28":0,"29":2,"30":0,"31":2,"32":0,"33":0,"34":0,"35":2},"f":{"0":0,"1":0,"2":0,"3":0,"4":0,"5":0,"6":0,"7":0,"8":0,"9":0,"10":0,"11":0,"12":0,"13":0,"14":0,"15":0,"16":0,"17":0,"18":0,"19":0},"b":{"0":[0,0],"1":[0],"2":[0]}}
,"C:\\Users\\sondo\\Desktop\\Graduation Project 1 - Bus Tracker\\Implementation\\codebase\\webApp\\backend\\src\\helpers\\sendEmail.ts": {"path":"C:\\Users\\sondo\\Desktop\\Graduation Project 1 - Bus Tracker\\Implementation\\codebase\\webApp\\backend\\src\\helpers\\sendEmail.ts","statementMap":{"0":{"start":{"line":4,"column":0},"end":{"line":4,"column":24}},"1":{"start":{"line":5,"column":0},"end":{"line":5,"column":28}},"2":{"start":{"line":6,"column":0},"end":{"line":6,"column":63}},"3":{"start":{"line":8,"column":0},"end":{"line":8,"column":36}},"4":{"start":{"line":11,"column":0},"end":{"line":11,"column":46}},"5":{"start":{"line":14,"column":25},"end":{"line":51,"column":1}},"6":{"start":{"line":15,"column":4},"end":{"line":49,"column":5}},"7":{"start":{"line":17,"column":56},"end":{"line":28,"column":10}},"8":{"start":{"line":29,"column":28},"end":{"line":29,"column":72}},"9":{"start":{"line":33,"column":29},"end":{"line":38,"column":10}},"10":{"start":{"line":41,"column":8},"end":{"line":41,"column":49}},"11":{"start":{"line":43,"column":8},"end":{"line":43,"column":16}},"12":{"start":{"line":47,"column":8},"end":{"line":47,"column":null}},"13":{"start":{"line":48,"column":8},"end":{"line":48,"column":null}},"14":{"start":{"line":14,"column":13},"end":{"line":14,"column":25}}},"fnMap":{"0":{"name":"(anonymous_1)","decl":{"start":{"line":14,"column":25},"end":{"line":14,"column":30}},"loc":{"start":{"line":14,"column":105},"end":{"line":51,"column":1}}}},"branchMap":{},"s":{"0":2,"1":2,"2":2,"3":2,"4":2,"5":2,"6":0,"7":0,"8":0,"9":0,"10":0,"11":0,"12":0,"13":0,"14":2},"f":{"0":0},"b":{}}
,"C:\\Users\\sondo\\Desktop\\Graduation Project 1 - Bus Tracker\\Implementation\\codebase\\webApp\\backend\\src\\helpers\\authHelper\\cookie.ts": {"path":"C:\\Users\\sondo\\Desktop\\Graduation Project 1 - Bus Tracker\\Implementation\\codebase\\webApp\\backend\\src\\helpers\\authHelper\\cookie.ts","statementMap":{"0":{"start":{"line":5,"column":0},"end":{"line":5,"column":31}},"1":{"start":{"line":7,"column":0},"end":{"line":7,"column":45}},"2":{"start":{"line":17,"column":31},"end":{"line":23,"column":1}},"3":{"start":{"line":18,"column":19},"end":{"line":18,"column":46}},"4":{"start":{"line":19,"column":4},"end":{"line":21,"column":5}},"5":{"start":{"line":20,"column":8},"end":{"line":20,"column":58}},"6":{"start":{"line":22,"column":4},"end":{"line":22,"column":18}},"7":{"start":{"line":17,"column":13},"end":{"line":17,"column":31}},"8":{"start":{"line":29,"column":30},"end":{"line":50,"column":1}},"9":{"start":{"line":37,"column":26},"end":{"line":37,"column":91}},"10":{"start":{"line":39,"column":4},"end":{"line":47,"column":5}},"11":{"start":{"line":40,"column":29},"end":{"line":40,"column":49}},"12":{"start":{"line":41,"column":8},"end":{"line":46,"column":11}},"13":{"start":{"line":49,"column":4},"end":{"line":49,"column":17}},"14":{"start":{"line":29,"column":13},"end":{"line":29,"column":30}},"15":{"start":{"line":56,"column":33},"end":{"line":76,"column":1}},"16":{"start":{"line":57,"column":4},"end":{"line":62,"column":7}},"17":{"start":{"line":63,"column":4},"end":{"line":68,"column":7}},"18":{"start":{"line":69,"column":4},"end":{"line":74,"column":7}},"19":{"start":{"line":75,"column":4},"end":{"line":75,"column":16}},"20":{"start":{"line":56,"column":13},"end":{"line":56,"column":33}}},"fnMap":{"0":{"name":"(anonymous_1)","decl":{"start":{"line":17,"column":31},"end":{"line":17,"column":32}},"loc":{"start":{"line":17,"column":132},"end":{"line":23,"column":1}}},"1":{"name":"(anonymous_2)","decl":{"start":{"line":29,"column":30},"end":{"line":29,"column":null}},"loc":{"start":{"line":36,"column":12},"end":{"line":50,"column":1}}},"2":{"name":"(anonymous_3)","decl":{"start":{"line":56,"column":33},"end":{"line":56,"column":34}},"loc":{"start":{"line":56,"column":80},"end":{"line":76,"column":1}}}},"branchMap":{"0":{"loc":{"start":{"line":18,"column":19},"end":{"line":18,"column":46}},"type":"binary-expr","locations":[{"start":{"line":18,"column":19},"end":{"line":18,"column":29}},{"start":{"line":18,"column":33},"end":{"line":18,"column":46}}]},"1":{"loc":{"start":{"line":19,"column":4},"end":{"line":21,"column":5}},"type":"if","locations":[{"start":{"line":19,"column":4},"end":{"line":21,"column":5}}]},"2":{"loc":{"start":{"line":39,"column":4},"end":{"line":47,"column":5}},"type":"if","locations":[{"start":{"line":39,"column":4},"end":{"line":47,"column":5}}]}},"s":{"0":2,"1":2,"2":2,"3":0,"4":0,"5":0,"6":0,"7":2,"8":2,"9":0,"10":0,"11":0,"12":0,"13":0,"14":2,"15":2,"16":0,"17":0,"18":0,"19":0,"20":2},"f":{"0":0,"1":0,"2":0},"b":{"0":[0,0],"1":[0],"2":[0]}}
,"C:\\Users\\sondo\\Desktop\\Graduation Project 1 - Bus Tracker\\Implementation\\codebase\\webApp\\backend\\src\\helpers\\authHelper\\driverAuth.ts": {"path":"C:\\Users\\sondo\\Desktop\\Graduation Project 1 - Bus Tracker\\Implementation\\codebase\\webApp\\backend\\src\\helpers\\authHelper\\driverAuth.ts","statementMap":{"0":{"start":{"line":5,"column":0},"end":{"line":5,"column":45}},"1":{"start":{"line":7,"column":0},"end":{"line":7,"column":46}},"2":{"start":{"line":11,"column":32},"end":{"line":35,"column":1}},"3":{"start":{"line":12,"column":4},"end":{"line":34,"column":5}},"4":{"start":{"line":13,"column":8},"end":{"line":15,"column":9}},"5":{"start":{"line":14,"column":12},"end":{"line":14,"column":64}},"6":{"start":{"line":17,"column":8},"end":{"line":17,"column":22}},"7":{"start":{"line":19,"column":31},"end":{"line":24,"column":10}},"8":{"start":{"line":26,"column":8},"end":{"line":28,"column":9}},"9":{"start":{"line":27,"column":12},"end":{"line":27,"column":64}},"10":{"start":{"line":30,"column":8},"end":{"line":30,"column":20}},"11":{"start":{"line":32,"column":8},"end":{"line":32,"column":81}},"12":{"start":{"line":33,"column":8},"end":{"line":33,"column":20}},"13":{"start":{"line":11,"column":13},"end":{"line":11,"column":32}}},"fnMap":{"0":{"name":"(anonymous_1)","decl":{"start":{"line":11,"column":32},"end":{"line":11,"column":37}},"loc":{"start":{"line":11,"column":89},"end":{"line":35,"column":1}}}},"branchMap":{"0":{"loc":{"start":{"line":13,"column":8},"end":{"line":15,"column":9}},"type":"if","locations":[{"start":{"line":13,"column":8},"end":{"line":15,"column":9}}]},"1":{"loc":{"start":{"line":26,"column":8},"end":{"line":28,"column":9}},"type":"if","locations":[{"start":{"line":26,"column":8},"end":{"line":28,"column":9}}]}},"s":{"0":2,"1":2,"2":2,"3":0,"4":0,"5":0,"6":0,"7":0,"8":0,"9":0,"10":0,"11":0,"12":0,"13":2},"f":{"0":0},"b":{"0":[0],"1":[0]}}
,"C:\\Users\\sondo\\Desktop\\Graduation Project 1 - Bus Tracker\\Implementation\\codebase\\webApp\\backend\\src\\helpers\\authHelper\\env.ts": {"path":"C:\\Users\\sondo\\Desktop\\Graduation Project 1 - Bus Tracker\\Implementation\\codebase\\webApp\\backend\\src\\helpers\\authHelper\\env.ts","statementMap":{"0":{"start":{"line":5,"column":0},"end":{"line":5,"column":45}},"1":{"start":{"line":9,"column":31},"end":{"line":16,"column":1}},"2":{"start":{"line":10,"column":18},"end":{"line":10,"column":41}},"3":{"start":{"line":11,"column":22},"end":{"line":11,"column":67}},"4":{"start":{"line":12,"column":4},"end":{"line":14,"column":5}},"5":{"start":{"line":13,"column":8},"end":{"line":13,"column":58}},"6":{"start":{"line":15,"column":4},"end":{"line":15,"column":21}},"7":{"start":{"line":9,"column":13},"end":{"line":9,"column":31}}},"fnMap":{"0":{"name":"(anonymous_0)","decl":{"start":{"line":9,"column":31},"end":{"line":9,"column":32}},"loc":{"start":{"line":9,"column":62},"end":{"line":16,"column":1}}}},"branchMap":{"0":{"loc":{"start":{"line":11,"column":22},"end":{"line":11,"column":67}},"type":"cond-expr","locations":[{"start":{"line":11,"column":50},"end":{"line":11,"column":62}},{"start":{"line":11,"column":65},"end":{"line":11,"column":67}}]},"1":{"loc":{"start":{"line":12,"column":4},"end":{"line":14,"column":5}},"type":"if","locations":[{"start":{"line":12,"column":4},"end":{"line":14,"column":5}}]}},"s":{"0":4,"1":4,"2":0,"3":0,"4":0,"5":0,"6":0,"7":4},"f":{"0":0},"b":{"0":[0,0],"1":[0]}}
,"C:\\Users\\sondo\\Desktop\\Graduation Project 1 - Bus Tracker\\Implementation\\codebase\\webApp\\backend\\src\\helpers\\authHelper\\index.ts": {"path":"C:\\Users\\sondo\\Desktop\\Graduation Project 1 - Bus Tracker\\Implementation\\codebase\\webApp\\backend\\src\\helpers\\authHelper\\index.ts","statementMap":{"0":{"start":{"line":5,"column":0},"end":{"line":5,"column":24}},"1":{"start":{"line":7,"column":0},"end":{"line":7,"column":22}},"2":{"start":{"line":8,"column":0},"end":{"line":8,"column":25}},"3":{"start":{"line":9,"column":0},"end":{"line":9,"column":22}},"4":{"start":{"line":10,"column":0},"end":{"line":10,"column":28}},"5":{"start":{"line":11,"column":0},"end":{"line":11,"column":29}},"6":{"start":{"line":12,"column":0},"end":{"line":12,"column":31}},"7":{"start":{"line":13,"column":0},"end":{"line":13,"column":29}}},"fnMap":{},"branchMap":{},"s":{"0":2,"1":2,"2":2,"3":2,"4":2,"5":2,"6":2,"7":2},"f":{},"b":{}}
,"C:\\Users\\sondo\\Desktop\\Graduation Project 1 - Bus Tracker\\Implementation\\codebase\\webApp\\backend\\src\\helpers\\authHelper\\ipLocation.ts": {"path":"C:\\Users\\sondo\\Desktop\\Graduation Project 1 - Bus Tracker\\Implementation\\codebase\\webApp\\backend\\src\\helpers\\authHelper\\ipLocation.ts","statementMap":{"0":{"start":{"line":8,"column":0},"end":{"line":8,"column":53}},"1":{"start":{"line":12,"column":43},"end":{"line":44,"column":1}},"2":{"start":{"line":13,"column":52},"end":{"line":13,"column":80}},"3":{"start":{"line":15,"column":4},"end":{"line":43,"column":5}},"4":{"start":{"line":16,"column":19},"end":{"line":16,"column":47}},"5":{"start":{"line":17,"column":8},"end":{"line":20,"column":9}},"6":{"start":{"line":18,"column":12},"end":{"line":18,"column":79}},"7":{"start":{"line":19,"column":12},"end":{"line":19,"column":33}},"8":{"start":{"line":22,"column":25},"end":{"line":22,"column":94}},"9":{"start":{"line":24,"column":8},"end":{"line":27,"column":9}},"10":{"start":{"line":25,"column":12},"end":{"line":25,"column":84}},"11":{"start":{"line":26,"column":12},"end":{"line":26,"column":42}},"12":{"start":{"line":28,"column":33},"end":{"line":28,"column":69}},"13":{"start":{"line":29,"column":8},"end":{"line":32,"column":9}},"14":{"start":{"line":30,"column":12},"end":{"line":30,"column":102}},"15":{"start":{"line":31,"column":12},"end":{"line":31,"column":42}},"16":{"start":{"line":34,"column":21},"end":{"line":34,"column":60}},"17":{"start":{"line":35,"column":24},"end":{"line":35,"column":69}},"18":{"start":{"line":36,"column":23},"end":{"line":36,"column":66}},"19":{"start":{"line":38,"column":33},"end":{"line":38,"column":65}},"20":{"start":{"line":39,"column":8},"end":{"line":39,"column":32}},"21":{"start":{"line":41,"column":8},"end":{"line":41,"column":86}},"22":{"start":{"line":42,"column":8},"end":{"line":42,"column":29}},"23":{"start":{"line":12,"column":13},"end":{"line":12,"column":43}}},"fnMap":{"0":{"name":"(anonymous_0)","decl":{"start":{"line":12,"column":43},"end":{"line":12,"column":48}},"loc":{"start":{"line":12,"column":105},"end":{"line":44,"column":1}}}},"branchMap":{"0":{"loc":{"start":{"line":17,"column":8},"end":{"line":20,"column":9}},"type":"if","locations":[{"start":{"line":17,"column":8},"end":{"line":20,"column":9}}]},"1":{"loc":{"start":{"line":24,"column":8},"end":{"line":27,"column":9}},"type":"if","locations":[{"start":{"line":24,"column":8},"end":{"line":27,"column":9}}]},"2":{"loc":{"start":{"line":29,"column":8},"end":{"line":32,"column":9}},"type":"if","locations":[{"start":{"line":29,"column":8},"end":{"line":32,"column":9}}]},"3":{"loc":{"start":{"line":29,"column":12},"end":{"line":29,"column":75}},"type":"binary-expr","locations":[{"start":{"line":29,"column":12},"end":{"line":29,"column":29}},{"start":{"line":29,"column":33},"end":{"line":29,"column":75}}]},"4":{"loc":{"start":{"line":34,"column":21},"end":{"line":34,"column":60}},"type":"binary-expr","locations":[{"start":{"line":34,"column":21},"end":{"line":34,"column":42}},{"start":{"line":34,"column":46},"end":{"line":34,"column":60}}]},"5":{"loc":{"start":{"line":35,"column":24},"end":{"line":35,"column":69}},"type":"binary-expr","locations":[{"start":{"line":35,"column":24},"end":{"line":35,"column":48}},{"start":{"line":35,"column":52},"end":{"line":35,"column":69}}]},"6":{"loc":{"start":{"line":36,"column":23},"end":{"line":36,"column":66}},"type":"binary-expr","locations":[{"start":{"line":36,"column":23},"end":{"line":36,"column":46}},{"start":{"line":36,"column":50},"end":{"line":36,"column":66}}]}},"s":{"0":2,"1":2,"2":0,"3":0,"4":0,"5":0,"6":0,"7":0,"8":0,"9":0,"10":0,"11":0,"12":0,"13":0,"14":0,"15":0,"16":0,"17":0,"18":0,"19":0,"20":0,"21":0,"22":0,"23":2},"f":{"0":0},"b":{"0":[0],"1":[0],"2":[0],"3":[0,0],"4":[0,0],"5":[0,0],"6":[0,0]}}
,"C:\\Users\\sondo\\Desktop\\Graduation Project 1 - Bus Tracker\\Implementation\\codebase\\webApp\\backend\\src\\helpers\\authHelper\\jwt.ts": {"path":"C:\\Users\\sondo\\Desktop\\Graduation Project 1 - Bus Tracker\\Implementation\\codebase\\webApp\\backend\\src\\helpers\\authHelper\\jwt.ts","statementMap":{"0":{"start":{"line":5,"column":0},"end":{"line":5,"column":31}},"1":{"start":{"line":7,"column":0},"end":{"line":7,"column":49}},"2":{"start":{"line":13,"column":30},"end":{"line":36,"column":1}},"3":{"start":{"line":18,"column":4},"end":{"line":35,"column":5}},"4":{"start":{"line":19,"column":42},"end":{"line":19,"column":66}},"5":{"start":{"line":21,"column":8},"end":{"line":23,"column":9}},"6":{"start":{"line":22,"column":12},"end":{"line":22,"column":70}},"7":{"start":{"line":25,"column":26},"end":{"line":25,"column":72}},"8":{"start":{"line":26,"column":8},"end":{"line":28,"column":9}},"9":{"start":{"line":27,"column":12},"end":{"line":27,"column":68}},"10":{"start":{"line":29,"column":8},"end":{"line":29,"column":25}},"11":{"start":{"line":31,"column":8},"end":{"line":33,"column":9}},"12":{"start":{"line":32,"column":12},"end":{"line":32,"column":24}},"13":{"start":{"line":34,"column":8},"end":{"line":34,"column":66}},"14":{"start":{"line":13,"column":13},"end":{"line":13,"column":30}}},"fnMap":{"0":{"name":"(anonymous_1)","decl":{"start":{"line":13,"column":30},"end":{"line":13,"column":null}},"loc":{"start":{"line":17,"column":20},"end":{"line":36,"column":1}}}},"branchMap":{"0":{"loc":{"start":{"line":21,"column":8},"end":{"line":23,"column":9}},"type":"if","locations":[{"start":{"line":21,"column":8},"end":{"line":23,"column":9}}]},"1":{"loc":{"start":{"line":26,"column":8},"end":{"line":28,"column":9}},"type":"if","locations":[{"start":{"line":26,"column":8},"end":{"line":28,"column":9}}]},"2":{"loc":{"start":{"line":26,"column":12},"end":{"line":26,"column":55}},"type":"binary-expr","locations":[{"start":{"line":26,"column":12},"end":{"line":26,"column":22}},{"start":{"line":26,"column":26},"end":{"line":26,"column":55}}]},"3":{"loc":{"start":{"line":31,"column":8},"end":{"line":33,"column":9}},"type":"if","locations":[{"start":{"line":31,"column":8},"end":{"line":33,"column":9}}]}},"s":{"0":2,"1":2,"2":2,"3":0,"4":0,"5":0,"6":0,"7":0,"8":0,"9":0,"10":0,"11":0,"12":0,"13":0,"14":2},"f":{"0":0},"b":{"0":[0],"1":[0],"2":[0,0],"3":[0]}}
,"C:\\Users\\sondo\\Desktop\\Graduation Project 1 - Bus Tracker\\Implementation\\codebase\\webApp\\backend\\src\\helpers\\authHelper\\loginAttempt.ts": {"path":"C:\\Users\\sondo\\Desktop\\Graduation Project 1 - Bus Tracker\\Implementation\\codebase\\webApp\\backend\\src\\helpers\\authHelper\\loginAttempt.ts","statementMap":{"0":{"start":{"line":5,"column":0},"end":{"line":5,"column":62}},"1":{"start":{"line":11,"column":0},"end":{"line":11,"column":59}},"2":{"start":{"line":15,"column":28},"end":{"line":31,"column":1}},"3":{"start":{"line":16,"column":4},"end":{"line":30,"column":5}},"4":{"start":{"line":17,"column":63},"end":{"line":17,"column":101}},"5":{"start":{"line":19,"column":8},"end":{"line":26,"column":11}},"6":{"start":{"line":28,"column":8},"end":{"line":28,"column":75}},"7":{"start":{"line":29,"column":8},"end":{"line":29,"column":15}},"8":{"start":{"line":15,"column":13},"end":{"line":15,"column":28}}},"fnMap":{"0":{"name":"(anonymous_1)","decl":{"start":{"line":15,"column":28},"end":{"line":15,"column":33}},"loc":{"start":{"line":15,"column":117},"end":{"line":31,"column":1}}}},"branchMap":{},"s":{"0":2,"1":2,"2":2,"3":0,"4":0,"5":0,"6":0,"7":0,"8":2},"f":{"0":0},"b":{}}
,"C:\\Users\\sondo\\Desktop\\Graduation Project 1 - Bus Tracker\\Implementation\\codebase\\webApp\\backend\\src\\helpers\\authHelper\\urlTokens.ts": {"path":"C:\\Users\\sondo\\Desktop\\Graduation Project 1 - Bus Tracker\\Implementation\\codebase\\webApp\\backend\\src\\helpers\\authHelper\\urlTokens.ts","statementMap":{"0":{"start":{"line":5,"column":0},"end":{"line":5,"column":31}},"1":{"start":{"line":9,"column":0},"end":{"line":9,"column":40}},"2":{"start":{"line":17,"column":35},"end":{"line":20,"column":1}},"3":{"start":{"line":18,"column":22},"end":{"line":18,"column":49}},"4":{"start":{"line":19,"column":4},"end":{"line":19,"column":77}},"5":{"start":{"line":17,"column":13},"end":{"line":17,"column":35}},"6":{"start":{"line":26,"column":43},"end":{"line":29,"column":1}},"7":{"start":{"line":27,"column":22},"end":{"line":27,"column":63}},"8":{"start":{"line":28,"column":4},"end":{"line":28,"column":73}},"9":{"start":{"line":26,"column":13},"end":{"line":26,"column":43}},"10":{"start":{"line":31,"column":54},"end":{"line":34,"column":1}},"11":{"start":{"line":32,"column":22},"end":{"line":32,"column":63}},"12":{"start":{"line":33,"column":4},"end":{"line":33,"column":98}},"13":{"start":{"line":31,"column":13},"end":{"line":31,"column":54}},"14":{"start":{"line":39,"column":41},"end":{"line":41,"column":1}},"15":{"start":{"line":40,"column":4},"end":{"line":40,"column":62}},"16":{"start":{"line":39,"column":13},"end":{"line":39,"column":41}},"17":{"start":{"line":46,"column":30},"end":{"line":56,"column":1}},"18":{"start":{"line":47,"column":4},"end":{"line":55,"column":5}},"19":{"start":{"line":48,"column":21},"end":{"line":48,"column":54}},"20":{"start":{"line":49,"column":8},"end":{"line":51,"column":9}},"21":{"start":{"line":50,"column":12},"end":{"line":50,"column":24}},"22":{"start":{"line":52,"column":8},"end":{"line":52,"column":20}},"23":{"start":{"line":54,"column":8},"end":{"line":54,"column":20}},"24":{"start":{"line":46,"column":13},"end":{"line":46,"column":30}},"25":{"start":{"line":61,"column":41},"end":{"line":67,"column":1}},"26":{"start":{"line":62,"column":18},"end":{"line":62,"column":63}},"27":{"start":{"line":63,"column":4},"end":{"line":65,"column":5}},"28":{"start":{"line":64,"column":8},"end":{"line":64,"column":20}},"29":{"start":{"line":66,"column":4},"end":{"line":66,"column":47}},"30":{"start":{"line":61,"column":13},"end":{"line":61,"column":41}},"31":{"start":{"line":73,"column":51},"end":{"line":76,"column":1}},"32":{"start":{"line":74,"column":22},"end":{"line":74,"column":49}},"33":{"start":{"line":75,"column":4},"end":{"line":75,"column":56}},"34":{"start":{"line":73,"column":13},"end":{"line":73,"column":51}},"35":{"start":{"line":82,"column":54},"end":{"line":84,"column":1}},"36":{"start":{"line":83,"column":4},"end":{"line":83,"column":81}},"37":{"start":{"line":82,"column":13},"end":{"line":82,"column":54}},"38":{"start":{"line":90,"column":52},"end":{"line":92,"column":1}},"39":{"start":{"line":91,"column":4},"end":{"line":91,"column":79}},"40":{"start":{"line":90,"column":13},"end":{"line":90,"column":52}}},"fnMap":{"0":{"name":"(anonymous_1)","decl":{"start":{"line":17,"column":35},"end":{"line":17,"column":36}},"loc":{"start":{"line":17,"column":112},"end":{"line":20,"column":1}}},"1":{"name":"(anonymous_2)","decl":{"start":{"line":26,"column":43},"end":{"line":26,"column":44}},"loc":{"start":{"line":26,"column":69},"end":{"line":29,"column":1}}},"2":{"name":"(anonymous_3)","decl":{"start":{"line":31,"column":54},"end":{"line":31,"column":55}},"loc":{"start":{"line":31,"column":110},"end":{"line":34,"column":1}}},"3":{"name":"(anonymous_4)","decl":{"start":{"line":39,"column":41},"end":{"line":39,"column":42}},"loc":{"start":{"line":39,"column":67},"end":{"line":41,"column":1}}},"4":{"name":"(anonymous_5)","decl":{"start":{"line":46,"column":30},"end":{"line":46,"column":49}},"loc":{"start":{"line":46,"column":95},"end":{"line":56,"column":1}}},"5":{"name":"(anonymous_6)","decl":{"start":{"line":61,"column":41},"end":{"line":61,"column":60}},"loc":{"start":{"line":61,"column":109},"end":{"line":67,"column":1}}},"6":{"name":"(anonymous_7)","decl":{"start":{"line":73,"column":51},"end":{"line":73,"column":70}},"loc":{"start":{"line":73,"column":120},"end":{"line":76,"column":1}}},"7":{"name":"(anonymous_8)","decl":{"start":{"line":82,"column":54},"end":{"line":82,"column":73}},"loc":{"start":{"line":82,"column":103},"end":{"line":84,"column":1}}},"8":{"name":"(anonymous_9)","decl":{"start":{"line":90,"column":52},"end":{"line":90,"column":71}},"loc":{"start":{"line":90,"column":101},"end":{"line":92,"column":1}}}},"branchMap":{"0":{"loc":{"start":{"line":17,"column":71},"end":{"line":17,"column":100}},"type":"default-arg","locations":[{"start":{"line":17,"column":93},"end":{"line":17,"column":100}}]},"1":{"loc":{"start":{"line":49,"column":8},"end":{"line":51,"column":9}},"type":"if","locations":[{"start":{"line":49,"column":8},"end":{"line":51,"column":9}}]},"2":{"loc":{"start":{"line":49,"column":12},"end":{"line":49,"column":45}},"type":"binary-expr","locations":[{"start":{"line":49,"column":12},"end":{"line":49,"column":17}},{"start":{"line":49,"column":21},"end":{"line":49,"column":45}}]},"3":{"loc":{"start":{"line":62,"column":25},"end":{"line":62,"column":62}},"type":"binary-expr","locations":[{"start":{"line":62,"column":25},"end":{"line":62,"column":42}},{"start":{"line":62,"column":46},"end":{"line":62,"column":62}}]},"4":{"loc":{"start":{"line":63,"column":4},"end":{"line":65,"column":5}},"type":"if","locations":[{"start":{"line":63,"column":4},"end":{"line":65,"column":5}}]}},"s":{"0":3,"1":3,"2":3,"3":0,"4":0,"5":3,"6":3,"7":0,"8":0,"9":3,"10":3,"11":0,"12":0,"13":3,"14":3,"15":0,"16":3,"17":3,"18":0,"19":0,"20":0,"21":0,"22":0,"23":0,"24":3,"25":3,"26":0,"27":0,"28":0,"29":0,"30":3,"31":3,"32":0,"33":0,"34":3,"35":3,"36":0,"37":3,"38":3,"39":0,"40":3},"f":{"0":0,"1":0,"2":0,"3":0,"4":0,"5":0,"6":0,"7":0,"8":0},"b":{"0":[0],"1":[0],"2":[0,0],"3":[0,0],"4":[0]}}
,"C:\\Users\\sondo\\Desktop\\Graduation Project 1 - Bus Tracker\\Implementation\\codebase\\webApp\\backend\\src\\models\\busModel.ts": {"path":"C:\\Users\\sondo\\Desktop\\Graduation Project 1 - Bus Tracker\\Implementation\\codebase\\webApp\\backend\\src\\models\\busModel.ts","statementMap":{"0":{"start":{"line":5,"column":0},"end":{"line":5,"column":104}},"1":{"start":{"line":7,"column":0},"end":{"line":7,"column":45}},"2":{"start":{"line":14,"column":0},"end":{"line":14,"column":40}},"3":{"start":{"line":34,"column":0},"end":{"line":59,"column":2}},"4":{"start":{"line":63,"column":0},"end":{"line":63,"column":24}}},"fnMap":{},"branchMap":{},"s":{"0":2,"1":2,"2":2,"3":2,"4":2},"f":{},"b":{}}
,"C:\\Users\\sondo\\Desktop\\Graduation Project 1 - Bus Tracker\\Implementation\\codebase\\webApp\\backend\\src\\models\\loginAttempModel.ts": {"path":"C:\\Users\\sondo\\Desktop\\Graduation Project 1 - Bus Tracker\\Implementation\\codebase\\webApp\\backend\\src\\models\\loginAttempModel.ts","statementMap":{"0":{"start":{"line":4,"column":0},"end":{"line":4,"column":104}},"1":{"start":{"line":5,"column":0},"end":{"line":5,"column":45}},"2":{"start":{"line":24,"column":0},"end":{"line":56,"column":null}},"3":{"start":{"line":60,"column":0},"end":{"line":60,"column":33}}},"fnMap":{},"branchMap":{},"s":{"0":2,"1":2,"2":2,"3":2},"f":{},"b":{}}
,"C:\\Users\\sondo\\Desktop\\Graduation Project 1 - Bus Tracker\\Implementation\\codebase\\webApp\\backend\\src\\services\\apiClient.ts": {"path":"C:\\Users\\sondo\\Desktop\\Graduation Project 1 - Bus Tracker\\Implementation\\codebase\\webApp\\backend\\src\\services\\apiClient.ts","statementMap":{"0":{"start":{"line":5,"column":0},"end":{"line":5,"column":54}},"1":{"start":{"line":23,"column":20},"end":{"line":23,"column":43}},"2":{"start":{"line":25,"column":21},"end":{"line":25,"column":42}},"3":{"start":{"line":26,"column":18},"end":{"line":26,"column":65}},"4":{"start":{"line":26,"column":35},"end":{"line":26,"column":53}},"5":{"start":{"line":28,"column":2},"end":{"line":57,"column":3}},"6":{"start":{"line":30,"column":16},"end":{"line":37,"column":6}},"7":{"start":{"line":40,"column":25},"end":{"line":40,"column":29}},"8":{"start":{"line":41,"column":4},"end":{"line":46,"column":5}},"9":{"start":{"line":42,"column":6},"end":{"line":42,"column":37}},"10":{"start":{"line":45,"column":6},"end":{"line":45,"column":18}},"11":{"start":{"line":48,"column":4},"end":{"line":48,"column":52}},"12":{"start":{"line":52,"column":4},"end":{"line":52,"column":13}},"13":{"start":{"line":53,"column":4},"end":{"line":53,"column":29}},"14":{"start":{"line":56,"column":4},"end":{"line":56,"column":26}},"15":{"start":{"line":63,"column":13},"end":{"line":65,"column":2}},"16":{"start":{"line":64,"column":55},"end":{"line":64,"column":102}}},"fnMap":{"0":{"name":"requestJson","decl":{"start":{"line":22,"column":15},"end":{"line":22,"column":26}},"loc":{"start":{"line":22,"column":67},"end":{"line":58,"column":1}}},"1":{"name":"(anonymous_1)","decl":{"start":{"line":26,"column":29},"end":{"line":26,"column":32}},"loc":{"start":{"line":26,"column":35},"end":{"line":26,"column":53}}},"2":{"name":"(anonymous_2)","decl":{"start":{"line":64,"column":11},"end":{"line":64,"column":15}},"loc":{"start":{"line":64,"column":55},"end":{"line":64,"column":102}}}},"branchMap":{"0":{"loc":{"start":{"line":23,"column":20},"end":{"line":23,"column":43}},"type":"binary-expr","locations":[{"start":{"line":23,"column":20},"end":{"line":23,"column":35}},{"start":{"line":23,"column":39},"end":{"line":23,"column":43}}]},"1":{"loc":{"start":{"line":35,"column":12},"end":{"line":35,"column":31}},"type":"binary-expr","locations":[{"start":{"line":35,"column":12},"end":{"line":35,"column":25}},{"start":{"line":35,"column":29},"end":{"line":35,"column":31}}]}},"s":{"0":2,"1":0,"2":0,"3":0,"4":0,"5":0,"6":0,"7":0,"8":0,"9":0,"10":0,"11":0,"12":0,"13":0,"14":0,"15":2,"16":0},"f":{"0":0,"1":0,"2":0},"b":{"0":[0,0],"1":[0,0]}}
,"C:\\Users\\sondo\\Desktop\\Graduation Project 1 - Bus Tracker\\Implementation\\codebase\\webApp\\backend\\src\\services\\busService.ts": {"path":"C:\\Users\\sondo\\Desktop\\Graduation Project 1 - Bus Tracker\\Implementation\\codebase\\webApp\\backend\\src\\services\\busService.ts","statementMap":{"0":{"start":{"line":6,"column":0},"end":{"line":6,"column":42}},"1":{"start":{"line":11,"column":0},"end":{"line":11,"column":42}},"2":{"start":{"line":15,"column":0},"end":{"line":15,"column":51}},"3":{"start":{"line":16,"column":15},"end":{"line":16,"column":31}},"4":{"start":{"line":30,"column":8},"end":{"line":33,"column":11}},"5":{"start":{"line":35,"column":8},"end":{"line":35,"column":53}},"6":{"start":{"line":45,"column":8},"end":{"line":45,"column":59}},"7":{"start":{"line":47,"column":8},"end":{"line":47,"column":53}},"8":{"start":{"line":56,"column":23},"end":{"line":58,"column":10}},"9":{"start":{"line":60,"column":8},"end":{"line":63,"column":10}},"10":{"start":{"line":71,"column":28},"end":{"line":71,"column":30}},"11":{"start":{"line":73,"column":8},"end":{"line":86,"column":9}},"12":{"start":{"line":74,"column":12},"end":{"line":76,"column":15}},"13":{"start":{"line":79,"column":12},"end":{"line":84,"column":15}},"14":{"start":{"line":88,"column":8},"end":{"line":88,"column":67}},"15":{"start":{"line":22,"column":0},"end":{"line":22,"column":13}}},"fnMap":{"0":{"name":"(anonymous_1)","decl":{"start":{"line":28,"column":4},"end":{"line":28,"column":9}},"loc":{"start":{"line":28,"column":45},"end":{"line":36,"column":5}}},"1":{"name":"(anonymous_2)","decl":{"start":{"line":43,"column":4},"end":{"line":43,"column":9}},"loc":{"start":{"line":43,"column":34},"end":{"line":48,"column":5}}},"2":{"name":"(anonymous_3)","decl":{"start":{"line":54,"column":4},"end":{"line":54,"column":9}},"loc":{"start":{"line":54,"column":47},"end":{"line":64,"column":5}}},"3":{"name":"(anonymous_4)","decl":{"start":{"line":70,"column":4},"end":{"line":70,"column":9}},"loc":{"start":{"line":70,"column":39},"end":{"line":89,"column":5}}}},"branchMap":{"0":{"loc":{"start":{"line":62,"column":24},"end":{"line":62,"column":88}},"type":"cond-expr","locations":[{"start":{"line":62,"column":41},"end":{"line":62,"column":62}},{"start":{"line":62,"column":65},"end":{"line":62,"column":88}}]},"1":{"loc":{"start":{"line":73,"column":8},"end":{"line":86,"column":9}},"type":"if","locations":[{"start":{"line":73,"column":8},"end":{"line":86,"column":9}},{"start":{"line":78,"column":13},"end":{"line":86,"column":9}}]}},"s":{"0":2,"1":2,"2":2,"3":2,"4":4,"5":1,"6":3,"7":1,"8":3,"9":2,"10":4,"11":4,"12":2,"13":2,"14":2,"15":2},"f":{"0":4,"1":3,"2":3,"3":4},"b":{"0":[1,1],"1":[2,2]}}
,"C:\\Users\\sondo\\Desktop\\Graduation Project 1 - Bus Tracker\\Implementation\\codebase\\webApp\\backend\\src\\services\\driverService.ts": {"path":"C:\\Users\\sondo\\Desktop\\Graduation Project 1 - Bus Tracker\\Implementation\\codebase\\webApp\\backend\\src\\services\\driverService.ts","statementMap":{"0":{"start":{"line":6,"column":0},"end":{"line":6,"column":44}},"1":{"start":{"line":7,"column":0},"end":{"line":7,"column":64}},"2":{"start":{"line":8,"column":0},"end":{"line":8,"column":52}},"3":{"start":{"line":9,"column":0},"end":{"line":9,"column":46}},"4":{"start":{"line":10,"column":0},"end":{"line":10,"column":42}},"5":{"start":{"line":13,"column":0},"end":{"line":13,"column":55}},"6":{"start":{"line":16,"column":0},"end":{"line":16,"column":89}},"7":{"start":{"line":19,"column":0},"end":{"line":19,"column":40}},"8":{"start":{"line":20,"column":20},"end":{"line":20,"column":37}},"9":{"start":{"line":23,"column":0},"end":{"line":23,"column":51}},"10":{"start":{"line":24,"column":15},"end":{"line":24,"column":31}},"11":{"start":{"line":26,"column":0},"end":{"line":26,"column":59}},"12":{"start":{"line":27,"column":23},"end":{"line":27,"column":43}},"13":{"start":{"line":29,"column":0},"end":{"line":29,"column":65}},"14":{"start":{"line":31,"column":0},"end":{"line":31,"column":31}},"15":{"start":{"line":42,"column":8},"end":{"line":78,"column":9}},"16":{"start":{"line":43,"column":12},"end":{"line":57,"column":15}},"17":{"start":{"line":52,"column":32},"end":{"line":52,"column":43}},"18":{"start":{"line":53,"column":20},"end":{"line":53,"column":78}},"19":{"start":{"line":53,"column":35},"end":{"line":53,"column":78}},"20":{"start":{"line":54,"column":20},"end":{"line":54,"column":64}},"21":{"start":{"line":54,"column":37},"end":{"line":54,"column":64}},"22":{"start":{"line":55,"column":20},"end":{"line":55,"column":31}},"23":{"start":{"line":60,"column":12},"end":{"line":62,"column":13}},"24":{"start":{"line":61,"column":16},"end":{"line":61,"column":75}},"25":{"start":{"line":64,"column":12},"end":{"line":64,"column":59}},"26":{"start":{"line":68,"column":12},"end":{"line":70,"column":13}},"27":{"start":{"line":69,"column":16},"end":{"line":69,"column":28}},"28":{"start":{"line":71,"column":12},"end":{"line":73,"column":13}},"29":{"start":{"line":72,"column":16},"end":{"line":72,"column":83}},"30":{"start":{"line":74,"column":12},"end":{"line":76,"column":13}},"31":{"start":{"line":75,"column":16},"end":{"line":75,"column":28}},"32":{"start":{"line":77,"column":12},"end":{"line":77,"column":24}},"33":{"start":{"line":89,"column":12},"end":{"line":89,"column":67}},"34":{"start":{"line":91,"column":12},"end":{"line":91,"column":null}},"35":{"start":{"line":99,"column":23},"end":{"line":106,"column":null}},"36":{"start":{"line":109,"column":8},"end":{"line":112,"column":10}},"37":{"start":{"line":121,"column":23},"end":{"line":121,"column":74}},"38":{"start":{"line":125,"column":12},"end":{"line":144,"column":13}},"39":{"start":{"line":127,"column":13},"end":{"line":132,"column":16}},"40":{"start":{"line":136,"column":16},"end":{"line":142,"column":19}},"41":{"start":{"line":148,"column":12},"end":{"line":148,"column":76}},"42":{"start":{"line":156,"column":23},"end":{"line":156,"column":52}},"43":{"start":{"line":157,"column":12},"end":{"line":159,"column":13}},"44":{"start":{"line":158,"column":16},"end":{"line":158,"column":79}},"45":{"start":{"line":161,"column":27},"end":{"line":164,"column":14}},"46":{"start":{"line":166,"column":12},"end":{"line":168,"column":13}},"47":{"start":{"line":167,"column":16},"end":{"line":167,"column":66}},"48":{"start":{"line":170,"column":12},"end":{"line":170,"column":75}},"49":{"start":{"line":178,"column":19},"end":{"line":178,"column":48}},"50":{"start":{"line":179,"column":8},"end":{"line":181,"column":9}},"51":{"start":{"line":180,"column":12},"end":{"line":180,"column":75}},"52":{"start":{"line":183,"column":22},"end":{"line":183,"column":32}},"53":{"start":{"line":184,"column":25},"end":{"line":184,"column":64}},"54":{"start":{"line":186,"column":22},"end":{"line":215,"column":10}},"55":{"start":{"line":217,"column":22},"end":{"line":217,"column":null}},"56":{"start":{"line":227,"column":8},"end":{"line":260,"column":9}},"57":{"start":{"line":228,"column":33},"end":{"line":228,"column":52}},"58":{"start":{"line":230,"column":28},"end":{"line":230,"column":78}},"59":{"start":{"line":231,"column":27},"end":{"line":231,"column":96}},"60":{"start":{"line":233,"column":24},"end":{"line":233,"column":46}},"61":{"start":{"line":235,"column":12},"end":{"line":242,"column":13}},"62":{"start":{"line":236,"column":16},"end":{"line":241,"column":19}},"63":{"start":{"line":244,"column":25},"end":{"line":244,"column":76}},"64":{"start":{"line":246,"column":30},"end":{"line":246,"column":97}},"65":{"start":{"line":247,"column":29},"end":{"line":247,"column":86}},"66":{"start":{"line":248,"column":29},"end":{"line":248,"column":92}},"67":{"start":{"line":249,"column":31},"end":{"line":249,"column":98}},"68":{"start":{"line":250,"column":34},"end":{"line":250,"column":76}},"69":{"start":{"line":252,"column":12},"end":{"line":259,"column":15}},"70":{"start":{"line":262,"column":8},"end":{"line":265,"column":10}},"71":{"start":{"line":35,"column":0},"end":{"line":35,"column":13}}},"fnMap":{"0":{"name":"(anonymous_1)","decl":{"start":{"line":41,"column":4},"end":{"line":41,"column":9}},"loc":{"start":{"line":41,"column":48},"end":{"line":79,"column":5}}},"1":{"name":"(anonymous_2)","decl":{"start":{"line":51,"column":27},"end":{"line":51,"column":32}},"loc":{"start":{"line":51,"column":42},"end":{"line":56,"column":17}}},"2":{"name":"(anonymous_3)","decl":{"start":{"line":87,"column":4},"end":{"line":87,"column":9}},"loc":{"start":{"line":87,"column":40},"end":{"line":92,"column":5}}},"3":{"name":"(anonymous_4)","decl":{"start":{"line":97,"column":4},"end":{"line":97,"column":9}},"loc":{"start":{"line":97,"column":51},"end":{"line":114,"column":5}}},"4":{"name":"(anonymous_5)","decl":{"start":{"line":120,"column":4},"end":{"line":120,"column":9}},"loc":{"start":{"line":120,"column":62},"end":{"line":149,"column":5}}},"5":{"name":"(anonymous_6)","decl":{"start":{"line":155,"column":4},"end":{"line":155,"column":9}},"loc":{"start":{"line":155,"column":46},"end":{"line":171,"column":5}}},"6":{"name":"(anonymous_7)","decl":{"start":{"line":177,"column":4},"end":{"line":177,"column":9}},"loc":{"start":{"line":177,"column":47},"end":{"line":266,"column":5}}}},"branchMap":{"0":{"loc":{"start":{"line":53,"column":20},"end":{"line":53,"column":78}},"type":"if","locations":[{"start":{"line":53,"column":20},"end":{"line":53,"column":78}}]},"1":{"loc":{"start":{"line":54,"column":20},"end":{"line":54,"column":64}},"type":"if","locations":[{"start":{"line":54,"column":20},"end":{"line":54,"column":64}}]},"2":{"loc":{"start":{"line":60,"column":12},"end":{"line":62,"column":13}},"type":"if","locations":[{"start":{"line":60,"column":12},"end":{"line":62,"column":13}}]},"3":{"loc":{"start":{"line":68,"column":12},"end":{"line":70,"column":13}},"type":"if","locations":[{"start":{"line":68,"column":12},"end":{"line":70,"column":13}}]},"4":{"loc":{"start":{"line":71,"column":12},"end":{"line":73,"column":13}},"type":"if","locations":[{"start":{"line":71,"column":12},"end":{"line":73,"column":13}}]},"5":{"loc":{"start":{"line":74,"column":12},"end":{"line":76,"column":13}},"type":"if","locations":[{"start":{"line":74,"column":12},"end":{"line":76,"column":13}}]},"6":{"loc":{"start":{"line":111,"column":24},"end":{"line":111,"column":88}},"type":"cond-expr","locations":[{"start":{"line":111,"column":41},"end":{"line":111,"column":62}},{"start":{"line":111,"column":65},"end":{"line":111,"column":88}}]},"7":{"loc":{"start":{"line":121,"column":23},"end":{"line":121,"column":74}},"type":"cond-expr","locations":[{"start":{"line":121,"column":54},"end":{"line":121,"column":69}},{"start":{"line":121,"column":72},"end":{"line":121,"column":74}}]},"8":{"loc":{"start":{"line":125,"column":12},"end":{"line":144,"column":13}},"type":"if","locations":[{"start":{"line":125,"column":12},"end":{"line":144,"column":13}},{"start":{"line":135,"column":18},"end":{"line":144,"column":13}}]},"9":{"loc":{"start":{"line":128,"column":23},"end":{"line":130,"column":43}},"type":"cond-expr","locations":[{"start":{"line":129,"column":22},"end":{"line":129,"column":47}},{"start":{"line":130,"column":22},"end":{"line":130,"column":43}}]},"10":{"loc":{"start":{"line":156,"column":30},"end":{"line":156,"column":44}},"type":"binary-expr","locations":[{"start":{"line":156,"column":30},"end":{"line":156,"column":38}},{"start":{"line":156,"column":42},"end":{"line":156,"column":44}}]},"11":{"loc":{"start":{"line":157,"column":12},"end":{"line":159,"column":13}},"type":"if","locations":[{"start":{"line":157,"column":12},"end":{"line":159,"column":13}}]},"12":{"loc":{"start":{"line":166,"column":12},"end":{"line":168,"column":13}},"type":"if","locations":[{"start":{"line":166,"column":12},"end":{"line":168,"column":13}}]},"13":{"loc":{"start":{"line":178,"column":26},"end":{"line":178,"column":40}},"type":"binary-expr","locations":[{"start":{"line":178,"column":26},"end":{"line":178,"column":34}},{"start":{"line":178,"column":38},"end":{"line":178,"column":40}}]},"14":{"loc":{"start":{"line":179,"column":8},"end":{"line":181,"column":9}},"type":"if","locations":[{"start":{"line":179,"column":8},"end":{"line":181,"column":9}}]},"15":{"loc":{"start":{"line":184,"column":25},"end":{"line":184,"column":64}},"type":"binary-expr","locations":[{"start":{"line":184,"column":25},"end":{"line":184,"column":58}},{"start":{"line":184,"column":62},"end":{"line":184,"column":64}}]},"16":{"loc":{"start":{"line":231,"column":27},"end":{"line":231,"column":96}},"type":"cond-expr","locations":[{"start":{"line":231,"column":68},"end":{"line":231,"column":91}},{"start":{"line":231,"column":94},"end":{"line":231,"column":96}}]},"17":{"loc":{"start":{"line":235,"column":12},"end":{"line":242,"column":13}},"type":"if","locations":[{"start":{"line":235,"column":12},"end":{"line":242,"column":13}}]},"18":{"loc":{"start":{"line":246,"column":30},"end":{"line":246,"column":97}},"type":"cond-expr","locations":[{"start":{"line":246,"column":70},"end":{"line":246,"column":92}},{"start":{"line":246,"column":95},"end":{"line":246,"column":97}}]},"19":{"loc":{"start":{"line":247,"column":29},"end":{"line":247,"column":86}},"type":"cond-expr","locations":[{"start":{"line":247,"column":64},"end":{"line":247,"column":81}},{"start":{"line":247,"column":84},"end":{"line":247,"column":86}}]},"20":{"loc":{"start":{"line":248,"column":29},"end":{"line":248,"column":92}},"type":"cond-expr","locations":[{"start":{"line":248,"column":67},"end":{"line":248,"column":87}},{"start":{"line":248,"column":90},"end":{"line":248,"column":92}}]},"21":{"loc":{"start":{"line":249,"column":31},"end":{"line":249,"column":98}},"type":"cond-expr","locations":[{"start":{"line":249,"column":71},"end":{"line":249,"column":93}},{"start":{"line":249,"column":96},"end":{"line":249,"column":98}}]}},"s":{"0":1,"1":1,"2":1,"3":1,"4":1,"5":1,"6":1,"7":1,"8":1,"9":1,"10":1,"11":1,"12":1,"13":1,"14":1,"15":4,"16":4,"17":1,"18":1,"19":1,"20":1,"21":1,"22":1,"23":2,"24":2,"25":1,"26":3,"27":1,"28":2,"29":1,"30":1,"31":0,"32":1,"33":3,"34":1,"35":2,"36":2,"37":3,"38":3,"39":2,"40":1,"41":2,"42":4,"43":4,"44":1,"45":3,"46":2,"47":1,"48":1,"49":3,"50":3,"51":1,"52":2,"53":2,"54":2,"55":1,"56":1,"57":1,"58":1,"59":1,"60":1,"61":1,"62":1,"63":1,"64":1,"65":1,"66":1,"67":1,"68":1,"69":1,"70":1,"71":1},"f":{"0":4,"1":1,"2":3,"3":2,"4":3,"5":4,"6":3},"b":{"0":[1],"1":[1],"2":[2],"3":[1],"4":[1],"5":[0],"6":[1,1],"7":[0,3],"8":[2,1],"9":[0,2],"10":[4,1],"11":[1],"12":[1],"13":[3,1],"14":[1],"15":[2,0],"16":[1,0],"17":[1],"18":[1,0],"19":[1,0],"20":[1,0],"21":[1,0]}}
,"C:\\Users\\sondo\\Desktop\\Graduation Project 1 - Bus Tracker\\Implementation\\codebase\\webApp\\backend\\src\\services\\routeService.ts": {"path":"C:\\Users\\sondo\\Desktop\\Graduation Project 1 - Bus Tracker\\Implementation\\codebase\\webApp\\backend\\src\\services\\routeService.ts","statementMap":{"0":{"start":{"line":6,"column":0},"end":{"line":6,"column":43}},"1":{"start":{"line":9,"column":0},"end":{"line":9,"column":46}},"2":{"start":{"line":10,"column":0},"end":{"line":10,"column":60}},"3":{"start":{"line":11,"column":0},"end":{"line":11,"column":50}},"4":{"start":{"line":13,"column":0},"end":{"line":13,"column":90}},"5":{"start":{"line":15,"column":0},"end":{"line":15,"column":51}},"6":{"start":{"line":16,"column":15},"end":{"line":16,"column":31}},"7":{"start":{"line":18,"column":0},"end":{"line":18,"column":65}},"8":{"start":{"line":20,"column":0},"end":{"line":20,"column":79}},"9":{"start":{"line":24,"column":0},"end":{"line":24,"column":50}},"10":{"start":{"line":25,"column":23},"end":{"line":25,"column":43}},"11":{"start":{"line":39,"column":21},"end":{"line":39,"column":34}},"12":{"start":{"line":40,"column":35},"end":{"line":40,"column":84}},"13":{"start":{"line":42,"column":36},"end":{"line":42,"column":84}},"14":{"start":{"line":43,"column":34},"end":{"line":43,"column":80}},"15":{"start":{"line":45,"column":42},"end":{"line":45,"column":78}},"16":{"start":{"line":46,"column":40},"end":{"line":46,"column":74}},"17":{"start":{"line":48,"column":30},"end":{"line":48,"column":90}},"18":{"start":{"line":50,"column":50},"end":{"line":53,"column":10}},"19":{"start":{"line":55,"column":8},"end":{"line":75,"column":10}},"20":{"start":{"line":59,"column":32},"end":{"line":59,"column":41}},"21":{"start":{"line":60,"column":20},"end":{"line":62,"column":21}},"22":{"start":{"line":61,"column":24},"end":{"line":61,"column":68}},"23":{"start":{"line":64,"column":20},"end":{"line":64,"column":40}},"24":{"start":{"line":65,"column":20},"end":{"line":65,"column":31}},"25":{"start":{"line":78,"column":8},"end":{"line":92,"column":9}},"26":{"start":{"line":79,"column":33},"end":{"line":82,"column":14}},"27":{"start":{"line":84,"column":12},"end":{"line":91,"column":13}},"28":{"start":{"line":85,"column":29},"end":{"line":89,"column":19}},"29":{"start":{"line":85,"column":68},"end":{"line":89,"column":18}},"30":{"start":{"line":90,"column":16},"end":{"line":90,"column":57}},"31":{"start":{"line":94,"column":8},"end":{"line":94,"column":54}},"32":{"start":{"line":101,"column":8},"end":{"line":101,"column":63}},"33":{"start":{"line":102,"column":8},"end":{"line":102,"column":53}},"34":{"start":{"line":109,"column":21},"end":{"line":109,"column":34}},"35":{"start":{"line":110,"column":35},"end":{"line":110,"column":84}},"36":{"start":{"line":112,"column":36},"end":{"line":112,"column":84}},"37":{"start":{"line":113,"column":34},"end":{"line":113,"column":80}},"38":{"start":{"line":115,"column":42},"end":{"line":115,"column":78}},"39":{"start":{"line":116,"column":40},"end":{"line":116,"column":74}},"40":{"start":{"line":118,"column":30},"end":{"line":118,"column":90}},"41":{"start":{"line":120,"column":50},"end":{"line":123,"column":10}},"42":{"start":{"line":125,"column":28},"end":{"line":138,"column":10}},"43":{"start":{"line":127,"column":28},"end":{"line":127,"column":39}},"44":{"start":{"line":128,"column":16},"end":{"line":130,"column":17}},"45":{"start":{"line":129,"column":20},"end":{"line":129,"column":71}},"46":{"start":{"line":132,"column":16},"end":{"line":132,"column":36}},"47":{"start":{"line":133,"column":16},"end":{"line":133,"column":27}},"48":{"start":{"line":140,"column":8},"end":{"line":142,"column":9}},"49":{"start":{"line":141,"column":12},"end":{"line":141,"column":62}},"50":{"start":{"line":145,"column":8},"end":{"line":158,"column":9}},"51":{"start":{"line":146,"column":12},"end":{"line":148,"column":15}},"52":{"start":{"line":150,"column":12},"end":{"line":157,"column":13}},"53":{"start":{"line":151,"column":29},"end":{"line":155,"column":19}},"54":{"start":{"line":151,"column":68},"end":{"line":155,"column":18}},"55":{"start":{"line":156,"column":16},"end":{"line":156,"column":57}},"56":{"start":{"line":160,"column":8},"end":{"line":160,"column":56}},"57":{"start":{"line":169,"column":28},"end":{"line":169,"column":30}},"58":{"start":{"line":171,"column":8},"end":{"line":223,"column":9}},"59":{"start":{"line":172,"column":12},"end":{"line":174,"column":15}},"60":{"start":{"line":176,"column":12},"end":{"line":178,"column":13}},"61":{"start":{"line":177,"column":17},"end":{"line":177,"column":100}},"62":{"start":{"line":180,"column":12},"end":{"line":210,"column":13}},"63":{"start":{"line":181,"column":38},"end":{"line":185,"column":18}},"64":{"start":{"line":187,"column":45},"end":{"line":187,"column":89}},"65":{"start":{"line":187,"column":76},"end":{"line":187,"column":88}},"66":{"start":{"line":188,"column":107},"end":{"line":188,"column":109}},"67":{"start":{"line":189,"column":16},"end":{"line":207,"column":17}},"68":{"start":{"line":190,"column":40},"end":{"line":193,"column":22}},"69":{"start":{"line":194,"column":39},"end":{"line":199,"column":null}},"70":{"start":{"line":195,"column":53},"end":{"line":199,"column":26}},"71":{"start":{"line":201,"column":20},"end":{"line":206,"column":24}},"72":{"start":{"line":201,"column":63},"end":{"line":206,"column":22}},"73":{"start":{"line":209,"column":17},"end":{"line":209,"column":62}},"74":{"start":{"line":213,"column":12},"end":{"line":218,"column":15}},"75":{"start":{"line":220,"column":12},"end":{"line":222,"column":13}},"76":{"start":{"line":221,"column":17},"end":{"line":221,"column":100}},"77":{"start":{"line":225,"column":8},"end":{"line":225,"column":67}},"78":{"start":{"line":253,"column":23},"end":{"line":255,"column":10}},"79":{"start":{"line":257,"column":8},"end":{"line":259,"column":9}},"80":{"start":{"line":258,"column":13},"end":{"line":258,"column":96}},"81":{"start":{"line":262,"column":8},"end":{"line":363,"column":9}},"82":{"start":{"line":263,"column":34},"end":{"line":267,"column":14}},"83":{"start":{"line":270,"column":58},"end":{"line":273,"column":15}},"84":{"start":{"line":270,"column":85},"end":{"line":273,"column":14}},"85":{"start":{"line":276,"column":47},"end":{"line":278,"column":40}},"86":{"start":{"line":277,"column":39},"end":{"line":277,"column":61}},"87":{"start":{"line":278,"column":29},"end":{"line":278,"column":39}},"88":{"start":{"line":281,"column":40},"end":{"line":281,"column":88}},"89":{"start":{"line":282,"column":38},"end":{"line":282,"column":84}},"90":{"start":{"line":284,"column":46},"end":{"line":284,"column":82}},"91":{"start":{"line":285,"column":44},"end":{"line":285,"column":78}},"92":{"start":{"line":287,"column":39},"end":{"line":290,"column":15}},"93":{"start":{"line":292,"column":43},"end":{"line":292,"column":106}},"94":{"start":{"line":292,"column":76},"end":{"line":292,"column":105}},"95":{"start":{"line":294,"column":48},"end":{"line":296,"column":86}},"96":{"start":{"line":301,"column":46},"end":{"line":301,"column":84}},"97":{"start":{"line":303,"column":12},"end":{"line":306,"column":13}},"98":{"start":{"line":304,"column":17},"end":{"line":304,"column":54}},"99":{"start":{"line":305,"column":16},"end":{"line":305,"column":25}},"100":{"start":{"line":309,"column":32},"end":{"line":312,"column":14}},"101":{"start":{"line":314,"column":51},"end":{"line":319,"column":15}},"102":{"start":{"line":314,"column":76},"end":{"line":319,"column":14}},"103":{"start":{"line":321,"column":31},"end":{"line":322,"column":null}},"104":{"start":{"line":322,"column":45},"end":{"line":322,"column":56}},"105":{"start":{"line":326,"column":34},"end":{"line":327,"column":null}},"106":{"start":{"line":327,"column":47},"end":{"line":327,"column":76}},"107":{"start":{"line":331,"column":41},"end":{"line":331,"column":43}},"108":{"start":{"line":333,"column":80},"end":{"line":333,"column":82}},"109":{"start":{"line":336,"column":12},"end":{"line":356,"column":13}},"110":{"start":{"line":337,"column":32},"end":{"line":337,"column":57}},"111":{"start":{"line":339,"column":16},"end":{"line":341,"column":17}},"112":{"start":{"line":340,"column":20},"end":{"line":340,"column":29}},"113":{"start":{"line":343,"column":16},"end":{"line":345,"column":17}},"114":{"start":{"line":344,"column":20},"end":{"line":344,"column":29}},"115":{"start":{"line":347,"column":16},"end":{"line":353,"column":19}},"116":{"start":{"line":355,"column":16},"end":{"line":355,"column":95}},"117":{"start":{"line":359,"column":35},"end":{"line":359,"column":71}},"118":{"start":{"line":360,"column":13},"end":{"line":360,"column":79}},"119":{"start":{"line":362,"column":13},"end":{"line":362,"column":54}},"120":{"start":{"line":365,"column":8},"end":{"line":365,"column":67}},"121":{"start":{"line":30,"column":0},"end":{"line":30,"column":13}}},"fnMap":{"0":{"name":"(anonymous_1)","decl":{"start":{"line":37,"column":4},"end":{"line":37,"column":9}},"loc":{"start":{"line":37,"column":47},"end":{"line":95,"column":5}}},"1":{"name":"(anonymous_2)","decl":{"start":{"line":58,"column":27},"end":{"line":58,"column":32}},"loc":{"start":{"line":58,"column":42},"end":{"line":66,"column":17}}},"2":{"name":"(anonymous_3)","decl":{"start":{"line":85,"column":47},"end":{"line":85,"column":48}},"loc":{"start":{"line":85,"column":68},"end":{"line":89,"column":18}}},"3":{"name":"(anonymous_4)","decl":{"start":{"line":100,"column":4},"end":{"line":100,"column":9}},"loc":{"start":{"line":100,"column":38},"end":{"line":103,"column":5}}},"4":{"name":"(anonymous_5)","decl":{"start":{"line":108,"column":4},"end":{"line":108,"column":9}},"loc":{"start":{"line":108,"column":50},"end":{"line":161,"column":5}}},"5":{"name":"(anonymous_6)","decl":{"start":{"line":126,"column":23},"end":{"line":126,"column":28}},"loc":{"start":{"line":126,"column":59},"end":{"line":134,"column":13}}},"6":{"name":"(anonymous_7)","decl":{"start":{"line":151,"column":47},"end":{"line":151,"column":48}},"loc":{"start":{"line":151,"column":68},"end":{"line":155,"column":18}}},"7":{"name":"(anonymous_8)","decl":{"start":{"line":168,"column":4},"end":{"line":168,"column":9}},"loc":{"start":{"line":168,"column":40},"end":{"line":226,"column":5}}},"8":{"name":"(anonymous_9)","decl":{"start":{"line":187,"column":63},"end":{"line":187,"column":64}},"loc":{"start":{"line":187,"column":76},"end":{"line":187,"column":88}}},"9":{"name":"(anonymous_10)","decl":{"start":{"line":195,"column":40},"end":{"line":195,"column":41}},"loc":{"start":{"line":195,"column":53},"end":{"line":199,"column":26}}},"10":{"name":"(anonymous_11)","decl":{"start":{"line":201,"column":49},"end":{"line":201,"column":50}},"loc":{"start":{"line":201,"column":63},"end":{"line":206,"column":22}}},"11":{"name":"(anonymous_12)","decl":{"start":{"line":232,"column":4},"end":{"line":232,"column":9}},"loc":{"start":{"line":232,"column":24},"end":{"line":366,"column":5}}},"12":{"name":"(anonymous_13)","decl":{"start":{"line":270,"column":76},"end":{"line":270,"column":77}},"loc":{"start":{"line":270,"column":85},"end":{"line":273,"column":14}}},"13":{"name":"(anonymous_14)","decl":{"start":{"line":277,"column":21},"end":{"line":277,"column":22}},"loc":{"start":{"line":277,"column":39},"end":{"line":277,"column":61}}},"14":{"name":"(anonymous_15)","decl":{"start":{"line":278,"column":21},"end":{"line":278,"column":22}},"loc":{"start":{"line":278,"column":29},"end":{"line":278,"column":39}}},"15":{"name":"(anonymous_16)","decl":{"start":{"line":292,"column":68},"end":{"line":292,"column":69}},"loc":{"start":{"line":292,"column":76},"end":{"line":292,"colu
[...]
,"C:\\Users\\sondo\\Desktop\\Graduation Project 1 - Bus Tracker\\Implementation\\codebase\\webApp\\backend\\src\\services\\servicePatternService\\addServicePattern.ts": {"path":"C:\\Users\\sondo\\Desktop\\Graduation Project 1 - Bus Tracker\\Implementation\\codebase\\webApp\\backend\\src\\services\\servicePatternService\\addServicePattern.ts","statementMap":{"0":{"start":{"line":6,"column":0},"end":{"line":6,"column":67}},"1":{"start":{"line":7,"column":0},"end":{"line":7,"column":67}},"2":{"start":{"line":8,"column":0},"end":{"line":8,"column":50}},"3":{"start":{"line":10,"column":0},"end":{"line":10,"column":47}},"4":{"start":{"line":12,"column":0},"end":{"line":12,"column":null}},"5":{"start":{"line":27,"column":33},"end":{"line":109,"column":1}},"6":{"start":{"line":30,"column":21},"end":{"line":30,"column":35}},"7":{"start":{"line":31,"column":29},"end":{"line":31,"column":43}},"8":{"start":{"line":33,"column":18},"end":{"line":33,"column":69}},"9":{"start":{"line":34,"column":34},"end":{"line":34,"column":89}},"10":{"start":{"line":36,"column":4},"end":{"line":38,"column":5}},"11":{"start":{"line":37,"column":8},"end":{"line":37,"column":78}},"12":{"start":{"line":40,"column":4},"end":{"line":42,"column":5}},"13":{"start":{"line":41,"column":8},"end":{"line":41,"column":85}},"14":{"start":{"line":45,"column":18},"end":{"line":51,"column":27}},"15":{"start":{"line":48,"column":29},"end":{"line":48,"column":66}},"16":{"start":{"line":49,"column":31},"end":{"line":49,"column":84}},"17":{"start":{"line":51,"column":21},"end":{"line":51,"column":26}},"18":{"start":{"line":53,"column":4},"end":{"line":55,"column":5}},"19":{"start":{"line":54,"column":8},"end":{"line":54,"column":77}},"20":{"start":{"line":58,"column":20},"end":{"line":106,"column":10}},"21":{"start":{"line":60,"column":12},"end":{"line":63,"column":111}},"22":{"start":{"line":61,"column":27},"end":{"line":61,"column":64}},"23":{"start":{"line":62,"column":16},"end":{"line":62,"column":44}},"24":{"start":{"line":65,"column":12},"end":{"line":71,"column":14}},"25":{"start":{"line":74,"column":59},"end":{"line":74,"column":61}},"26":{"start":{"line":76,"column":12},"end":{"line":97,"column":13}},"27":{"start":{"line":78,"column":16},"end":{"line":81,"column":114}},"28":{"start":{"line":79,"column":31},"end":{"line":79,"column":68}},"29":{"start":{"line":80,"column":20},"end":{"line":80,"column":47}},"30":{"start":{"line":84,"column":31},"end":{"line":84,"column":89}},"31":{"start":{"line":85,"column":29},"end":{"line":85,"column":73}},"32":{"start":{"line":87,"column":16},"end":{"line":94,"column":18}},"33":{"start":{"line":96,"column":16},"end":{"line":96,"column":70}},"34":{"start":{"line":99,"column":51},"end":{"line":103,"column":14}},"35":{"start":{"line":105,"column":12},"end":{"line":105,"column":34}},"36":{"start":{"line":108,"column":8},"end":{"line":108,"column":78}},"37":{"start":{"line":27,"column":13},"end":{"line":27,"column":33}}},"fnMap":{"0":{"name":"(anonymous_1)","decl":{"start":{"line":27,"column":33},"end":{"line":27,"column":38}},"loc":{"start":{"line":29,"column":58},"end":{"line":109,"column":1}}},"1":{"name":"(anonymous_2)","decl":{"start":{"line":48,"column":21},"end":{"line":48,"column":22}},"loc":{"start":{"line":48,"column":29},"end":{"line":48,"column":66}}},"2":{"name":"(anonymous_3)","decl":{"start":{"line":49,"column":24},"end":{"line":49,"column":25}},"loc":{"start":{"line":49,"column":31},"end":{"line":49,"column":84}}},"3":{"name":"(anonymous_4)","decl":{"start":{"line":51,"column":11},"end":{"line":51,"column":12}},"loc":{"start":{"line":51,"column":21},"end":{"line":51,"column":26}}},"4":{"name":"(anonymous_5)","decl":{"start":{"line":58,"column":48},"end":{"line":58,"column":53}},"loc":{"start":{"line":58,"column":60},"end":{"line":106,"column":9}}}},"branchMap":{"0":{"loc":{"start":{"line":33,"column":18},"end":{"line":33,"column":69}},"type":"cond-expr","locations":[{"start":{"line":33,"column":49},"end":{"line":33,"column":64}},{"start":{"line":33,"column":67},"end":{"line":33,"column":69}}]},"1":{"loc":{"start":{"line":34,"column":34},"end":{"line":34,"column":89}},"type":"cond-expr","locations":[{"start":{"line":34,"column":68},"end":{"line":34,"column":84}},{"start":{"line":34,"column":87},"end":{"line":34,"column":89}}]},"2":{"loc":{"start":{"line":36,"column":4},"end":{"line":38,"column":5}},"type":"if","locations":[{"start":{"line":36,"column":4},"end":{"line":38,"column":5}}]},"3":{"loc":{"start":{"line":40,"column":4},"end":{"line":42,"column":5}},"type":"if","locations":[{"start":{"line":40,"column":4},"end":{"line":42,"column":5}}]},"4":{"loc":{"start":{"line":48,"column":29},"end":{"line":48,"column":66}},"type":"cond-expr","locations":[{"start":{"line":48,"column":53},"end":{"line":48,"column":54}},{"start":{"line":48,"column":57},"end":{"line":48,"column":66}}]},"5":{"loc":{"start":{"line":49,"column":31},"end":{"line":49,"column":84}},"type":"binary-expr","locations":[{"start":{"line":49,"column":31},"end":{"line":49,"column":49}},{"start":{"line":49,"column":53},"end":{"line":49,"column":59}},{"start":{"line":49,"column":63},"end":{"line":49,"column":84}}]},"6":{"loc":{"start":{"line":53,"column":4},"end":{"line":55,"column":5}},"type":"if","locations":[{"start":{"line":53,"column":4},"end":{"line":55,"column":5}}]},"7":{"loc":{"start":{"line":84,"column":31},"end":{"line":84,"column":89}},"type":"cond-expr","locations":[{"start":{"line":84,"column":41},"end":{"line":84,"column":66}},{"start":{"line":84,"column":69},"end":{"line":84,"column":89}}]}},"s":{"0":1,"1":1,"2":1,"3":1,"4":1,"5":1,"6":6,"7":6,"8":6,"9":6,"10":6,"11":1,"12":5,"13":1,"14":4,"15":24,"16":24,"17":20,"18":4,"19":0,"20":4,"21":4,"22":4,"23":4,"24":2,"25":1,"26":1,"27":6,"28":6,"29":6,"30":6,"31":6,"32":6,"33":6,"34":1,"35":1,"36":1,"37":1},"f":{"0":6,"1":24,"2":24,"3":20,"4":4},"b":{"0":[6,0],"1":[6,0],"2":[1],"3":[1],"4":[24,0],"5":[24,24,24],"6":[0],"7":[0,6]}}
,"C:\\Users\\sondo\\Desktop\\Graduation Project 1 - Bus Tracker\\Implementation\\codebase\\webApp\\backend\\src\\services\\servicePatternService\\constants.ts": {"path":"C:\\Users\\sondo\\Desktop\\Graduation Project 1 - Bus Tracker\\Implementation\\codebase\\webApp\\backend\\src\\services\\servicePatternService\\constants.ts","statementMap":{"0":{"start":{"line":6,"column":13},"end":{"line":6,"column":36}},"1":{"start":{"line":7,"column":13},"end":{"line":7,"column":35}},"2":{"start":{"line":10,"column":13},"end":{"line":10,"column":46}},"3":{"start":{"line":11,"column":13},"end":{"line":11,"column":41}}},"fnMap":{},"branchMap":{},"s":{"0":1,"1":1,"2":1,"3":1},"f":{},"b":{}}
,"C:\\Users\\sondo\\Desktop\\Graduation Project 1 - Bus Tracker\\Implementation\\codebase\\webApp\\backend\\src\\services\\servicePatternService\\deleteServicePattern.ts": {"path":"C:\\Users\\sondo\\Desktop\\Graduation Project 1 - Bus Tracker\\Implementation\\codebase\\webApp\\backend\\src\\services\\servicePatternService\\deleteServicePattern.ts","statementMap":{"0":{"start":{"line":5,"column":0},"end":{"line":5,"column":67}},"1":{"start":{"line":6,"column":0},"end":{"line":6,"column":67}},"2":{"start":{"line":7,"column":0},"end":{"line":7,"column":55}},"3":{"start":{"line":8,"column":0},"end":{"line":8,"column":67}},"4":{"start":{"line":9,"column":0},"end":{"line":9,"column":50}},"5":{"start":{"line":11,"column":0},"end":{"line":11,"column":62}},"6":{"start":{"line":16,"column":36},"end":{"line":72,"column":1}},"7":{"start":{"line":17,"column":29},"end":{"line":17,"column":102}},"8":{"start":{"line":19,"column":4},"end":{"line":21,"column":5}},"9":{"start":{"line":20,"column":8},"end":{"line":20,"column":75}},"10":{"start":{"line":23,"column":20},"end":{"line":65,"column":6}},"11":{"start":{"line":24,"column":24},"end":{"line":27,"column":10}},"12":{"start":{"line":29,"column":8},"end":{"line":31,"column":9}},"13":{"start":{"line":30,"column":12},"end":{"line":30,"column":25}},"14":{"start":{"line":34,"column":26},"end":{"line":38,"column":10}},"15":{"start":{"line":40,"column":28},"end":{"line":40,"column":83}},"16":{"start":{"line":40,"column":54},"end":{"line":40,"column":66}},"17":{"start":{"line":41,"column":8},"end":{"line":46,"column":9}},"18":{"start":{"line":42,"column":12},"end":{"line":45,"column":15}},"19":{"start":{"line":48,"column":8},"end":{"line":51,"column":11}},"20":{"start":{"line":54,"column":8},"end":{"line":57,"column":11}},"21":{"start":{"line":59,"column":8},"end":{"line":62,"column":11}},"22":{"start":{"line":64,"column":8},"end":{"line":64,"column":20}},"23":{"start":{"line":67,"column":4},"end":{"line":69,"column":5}},"24":{"start":{"line":68,"column":8},"end":{"line":68,"column":67}},"25":{"start":{"line":71,"column":4},"end":{"line":71,"column":61}},"26":{"start":{"line":16,"column":13},"end":{"line":16,"column":36}}},"fnMap":{"0":{"name":"(anonymous_1)","decl":{"start":{"line":16,"column":36},"end":{"line":16,"column":41}},"loc":{"start":{"line":16,"column":108},"end":{"line":72,"column":1}}},"1":{"name":"(anonymous_2)","decl":{"start":{"line":23,"column":48},"end":{"line":23,"column":53}},"loc":{"start":{"line":23,"column":60},"end":{"line":65,"column":5}}},"2":{"name":"(anonymous_3)","decl":{"start":{"line":40,"column":42},"end":{"line":40,"column":43}},"loc":{"start":{"line":40,"column":54},"end":{"line":40,"column":66}}}},"branchMap":{"0":{"loc":{"start":{"line":17,"column":29},"end":{"line":17,"column":102}},"type":"cond-expr","locations":[{"start":{"line":17,"column":71},"end":{"line":17,"column":97}},{"start":{"line":17,"column":100},"end":{"line":17,"column":102}}]},"1":{"loc":{"start":{"line":19,"column":4},"end":{"line":21,"column":5}},"type":"if","locations":[{"start":{"line":19,"column":4},"end":{"line":21,"column":5}}]},"2":{"loc":{"start":{"line":29,"column":8},"end":{"line":31,"column":9}},"type":"if","locations":[{"start":{"line":29,"column":8},"end":{"line":31,"column":9}}]},"3":{"loc":{"start":{"line":41,"column":8},"end":{"line":46,"column":9}},"type":"if","locations":[{"start":{"line":41,"column":8},"end":{"line":46,"column":9}}]},"4":{"loc":{"start":{"line":67,"column":4},"end":{"line":69,"column":5}},"type":"if","locations":[{"start":{"line":67,"column":4},"end":{"line":69,"column":5}}]}},"s":{"0":1,"1":1,"2":1,"3":1,"4":1,"5":1,"6":1,"7":4,"8":4,"9":1,"10":3,"11":3,"12":2,"13":1,"14":1,"15":1,"16":1,"17":1,"18":1,"19":1,"20":1,"21":1,"22":1,"23":2,"24":1,"25":1,"26":1},"f":{"0":4,"1":3,"2":1},"b":{"0":[4,0],"1":[1],"2":[1],"3":[1],"4":[1]}}
,"C:\\Users\\sondo\\Desktop\\Graduation Project 1 - Bus Tracker\\Implementation\\codebase\\webApp\\backend\\src\\services\\servicePatternService\\getServicePatterns.ts": {"path":"C:\\Users\\sondo\\Desktop\\Graduation Project 1 - Bus Tracker\\Implementation\\codebase\\webApp\\backend\\src\\services\\servicePatternService\\getServicePatterns.ts","statementMap":{"0":{"start":{"line":5,"column":0},"end":{"line":5,"column":67}},"1":{"start":{"line":6,"column":0},"end":{"line":6,"column":67}},"2":{"start":{"line":12,"column":34},"end":{"line":42,"column":1}},"3":{"start":{"line":13,"column":17},"end":{"line":26,"column":6}},"4":{"start":{"line":28,"column":35},"end":{"line":39,"column":6}},"5":{"start":{"line":29,"column":35},"end":{"line":29,"column":144}},"6":{"start":{"line":31,"column":8},"end":{"line":38,"column":10}},"7":{"start":{"line":34,"column":59},"end":{"line":37,"column":14}},"8":{"start":{"line":41,"column":4},"end":{"line":41,"column":55}},"9":{"start":{"line":12,"column":13},"end":{"line":12,"column":34}}},"fnMap":{"0":{"name":"(anonymous_1)","decl":{"start":{"line":12,"column":34},"end":{"line":12,"column":39}},"loc":{"start":{"line":12,"column":101},"end":{"line":42,"column":1}}},"1":{"name":"(anonymous_2)","decl":{"start":{"line":28,"column":44},"end":{"line":28,"column":45}},"loc":{"start":{"line":28,"column":52},"end":{"line":39,"column":5}}},"2":{"name":"(anonymous_3)","decl":{"start":{"line":34,"column":50},"end":{"line":34,"column":51}},"loc":{"start":{"line":34,"column":59},"end":{"line":37,"column":14}}}},"branchMap":{"0":{"loc":{"start":{"line":29,"column":35},"end":{"line":29,"column":144}},"type":"binary-expr","locations":[{"start":{"line":29,"column":35},"end":{"line":29,"column":138}},{"start":{"line":29,"column":142},"end":{"line":29,"column":144}}]}},"s":{"0":1,"1":1,"2":1,"3":3,"4":2,"5":4,"6":4,"7":1,"8":2,"9":1},"f":{"0":3,"1":4,"2":1},"b":{"0":[4,0]}}
,"C:\\Users\\sondo\\Desktop\\Graduation Project 1 - Bus Tracker\\Implementation\\codebase\\webApp\\backend\\src\\services\\servicePatternService\\updateServicePattern.ts": {"path":"C:\\Users\\sondo\\Desktop\\Graduation Project 1 - Bus Tracker\\Implementation\\codebase\\webApp\\backend\\src\\services\\servicePatternService\\updateServicePattern.ts","statementMap":{"0":{"start":{"line":5,"column":0},"end":{"line":5,"column":67}},"1":{"start":{"line":6,"column":0},"end":{"line":6,"column":67}},"2":{"start":{"line":7,"column":0},"end":{"line":7,"column":50}},"3":{"start":{"line":9,"column":0},"end":{"line":9,"column":62}},"4":{"start":{"line":11,"column":0},"end":{"line":11,"column":null}},"5":{"start":{"line":26,"column":36},"end":{"line":117,"column":1}},"6":{"start":{"line":29,"column":32},"end":{"line":29,"column":57}},"7":{"start":{"line":30,"column":21},"end":{"line":30,"column":35}},"8":{"start":{"line":31,"column":29},"end":{"line":31,"column":43}},"9":{"start":{"line":33,"column":29},"end":{"line":33,"column":102}},"10":{"start":{"line":34,"column":18},"end":{"line":34,"column":69}},"11":{"start":{"line":35,"column":34},"end":{"line":35,"column":89}},"12":{"start":{"line":37,"column":4},"end":{"line":39,"column":5}},"13":{"start":{"line":38,"column":8},"end":{"line":38,"column":75}},"14":{"start":{"line":41,"column":4},"end":{"line":43,"column":5}},"15":{"start":{"line":42,"column":8},"end":{"line":42,"column":78}},"16":{"start":{"line":45,"column":4},"end":{"line":47,"column":5}},"17":{"start":{"line":46,"column":8},"end":{"line":46,"column":85}},"18":{"start":{"line":49,"column":18},"end":{"line":55,"column":27}},"19":{"start":{"line":52,"column":29},"end":{"line":52,"column":66}},"20":{"start":{"line":53,"column":31},"end":{"line":53,"column":87}},"21":{"start":{"line":55,"column":21},"end":{"line":55,"column":26}},"22":{"start":{"line":57,"column":4},"end":{"line":59,"column":5}},"23":{"start":{"line":58,"column":8},"end":{"line":58,"column":77}},"24":{"start":{"line":61,"column":24},"end":{"line":110,"column":10}},"25":{"start":{"line":62,"column":28},"end":{"line":62,"column":110}},"26":{"start":{"line":63,"column":12},"end":{"line":65,"column":13}},"27":{"start":{"line":64,"column":16},"end":{"line":64,"column":28}},"28":{"start":{"line":67,"column":12},"end":{"line":73,"column":14}},"29":{"start":{"line":75,"column":12},"end":{"line":78,"column":15}},"30":{"start":{"line":80,"column":59},"end":{"line":80,"column":61}},"31":{"start":{"line":81,"column":12},"end":{"line":101,"column":13}},"32":{"start":{"line":83,"column":16},"end":{"line":86,"column":114}},"33":{"start":{"line":84,"column":31},"end":{"line":84,"column":68}},"34":{"start":{"line":85,"column":20},"end":{"line":85,"column":47}},"35":{"start":{"line":88,"column":31},"end":{"line":88,"column":89}},"36":{"start":{"line":89,"column":29},"end":{"line":89,"column":73}},"37":{"start":{"line":91,"column":16},"end":{"line":98,"column":18}},"38":{"start":{"line":100,"column":16},"end":{"line":100,"column":70}},"39":{"start":{"line":103,"column":40},"end":{"line":107,"column":14}},"40":{"start":{"line":109,"column":12},"end":{"line":109,"column":23}},"41":{"start":{"line":112,"column":8},"end":{"line":114,"column":9}},"42":{"start":{"line":113,"column":12},"end":{"line":113,"column":71}},"43":{"start":{"line":116,"column":8},"end":{"line":116,"column":80}},"44":{"start":{"line":26,"column":13},"end":{"line":26,"column":36}}},"fnMap":{"0":{"name":"(anonymous_1)","decl":{"start":{"line":26,"column":36},"end":{"line":26,"column":41}},"loc":{"start":{"line":28,"column":58},"end":{"line":117,"column":1}}},"1":{"name":"(anonymous_2)","decl":{"start":{"line":52,"column":21},"end":{"line":52,"column":22}},"loc":{"start":{"line":52,"column":29},"end":{"line":52,"column":66}}},"2":{"name":"(anonymous_3)","decl":{"start":{"line":53,"column":24},"end":{"line":53,"column":25}},"loc":{"start":{"line":53,"column":31},"end":{"line":53,"column":87}}},"3":{"name":"(anonymous_4)","decl":{"start":{"line":55,"column":11},"end":{"line":55,"column":12}},"loc":{"start":{"line":55,"column":21},"end":{"line":55,"column":26}}},"4":{"name":"(anonymous_5)","decl":{"start":{"line":61,"column":52},"end":{"line":61,"column":57}},"loc":{"start":{"line":61,"column":64},"end":{"line":110,"column":9}}}},"branchMap":{"0":{"loc":{"start":{"line":33,"column":29},"end":{"line":33,"column":102}},"type":"cond-expr","locations":[{"start":{"line":33,"column":71},"end":{"line":33,"column":97}},{"start":{"line":33,"column":100},"end":{"line":33,"column":102}}]},"1":{"loc":{"start":{"line":34,"column":18},"end":{"line":34,"column":69}},"type":"cond-expr","locations":[{"start":{"line":34,"column":49},"end":{"line":34,"column":64}},{"start":{"line":34,"column":67},"end":{"line":34,"column":69}}]},"2":{"loc":{"start":{"line":35,"column":34},"end":{"line":35,"column":89}},"type":"cond-expr","locations":[{"start":{"line":35,"column":68},"end":{"line":35,"column":84}},{"start":{"line":35,"column":87},"end":{"line":35,"column":89}}]},"3":{"loc":{"start":{"line":37,"column":4},"end":{"line":39,"column":5}},"type":"if","locations":[{"start":{"line":37,"column":4},"end":{"line":39,"column":5}}]},"4":{"loc":{"start":{"line":41,"column":4},"end":{"line":43,"column":5}},"type":"if","locations":[{"start":{"line":41,"column":4},"end":{"line":43,"column":5}}]},"5":{"loc":{"start":{"line":45,"column":4},"end":{"line":47,"column":5}},"type":"if","locations":[{"start":{"line":45,"column":4},"end":{"line":47,"column":5}}]},"6":{"loc":{"start":{"line":52,"column":29},"end":{"line":52,"column":66}},"type":"cond-expr","locations":[{"start":{"line":52,"column":53},"end":{"line":52,"column":54}},{"start":{"line":52,"column":57},"end":{"line":52,"column":66}}]},"7":{"loc":{"start":{"line":53,"column":31},"end":{"line":53,"column":87}},"type":"binary-expr","locations":[{"start":{"line":53,"column":31},"end":{"line":53,"column":49}},{"start":{"line":53,"column":53},"end":{"line":53,"column":76}},{"start":{"line":53,"column":80},"end":{"line":53,"column":87}}]},"8":{"loc":{"start":{"line":57,"column":4},"end":{"line":59,"column":5}},"type":"if","locations":[{"start":{"line":57,"column":4},"end":{"line":59,"column":5}}]},"9":{"loc":{"start":{"line":63,"column":12},"end":{"line":65,"column":13}},"type":"if","locations":[{"start":{"line":63,"column":12},"end":{"line":65,"column":13}}]},"10":{"loc":{"start":{"line":88,"column":31},"end":{"line":88,"column":89}},"type":"cond-expr","locations":[{"start":{"line":88,"column":41},"end":{"line":88,"column":66}},{"start":{"line":88,"column":69},"end":{"line":88,"column":89}}]},"11":{"loc":{"start":{"line":112,"column":8},"end":{"line":114,"column":9}},"type":"if","locations":[{"start":{"line":112,"column":8},"end":{"line":114,"column":9}}]}},"s":{"0":1,"1":1,"2":1,"3":1,"4":1,"5":1,"6":5,"7":5,"8":5,"9":5,"10":5,"11":5,"12":5,"13":1,"14":4,"15":1,"16":3,"17":1,"18":2,"19":12,"20":12,"21":10,"22":2,"23":0,"24":2,"25":2,"26":1,"27":0,"28":1,"29":1,"30":1,"31":1,"32":6,"33":7,"34":7,"35":6,"36":6,"37":6,"38":6,"39":1,"40":1,"41":1,"42":0,"43":1,"44":1},"f":{"0":5,"1":12,"2":12,"3":10,"4":2},"b":{"0":[5,0],"1":[5,0],"2":[5,0],"3":[1],"4":[1],"5":[1],"6":[12,0],"7":[12,12,12],"8":[0],"9":[0],"10":[0,6],"11":[0]}}
}
