TN:
SF:backend\src\config\database.ts
FNF:0
FNH:0
DA:5,1
DA:6,1
DA:7,1
DA:10,1
DA:13,1
DA:14,1
DA:17,1
DA:33,1
LF:8
LH:8
BRDA:14,0,0,0
BRDA:14,0,1,1
BRDA:14,1,0,1
BRDA:14,1,1,1
BRDA:18,2,0,1
BRDA:18,2,1,1
BRDA:19,3,0,1
BRDA:19,3,1,1
BRDA:20,4,0,1
BRDA:20,4,1,1
BRDA:22,5,0,1
BRDA:22,5,1,1
BRDA:23,6,0,1
BRDA:23,6,1,1
BRF:14
BRH:13
end_of_record
TN:
SF:backend\src\enums\busEnum.ts
FN:5,(anonymous_0)
FNF:1
FNH:1
FNDA:2,(anonymous_0)
DA:5,2
DA:6,2
DA:7,2
DA:8,2
LF:4
LH:4
BRDA:5,0,0,2
BRDA:5,0,1,2
BRF:2
BRH:2
end_of_record
TN:
SF:backend\src\enums\stationEnum.ts
FN:5,(anonymous_0)
FN:11,(anonymous_1)
FNF:2
FNH:2
FNDA:1,(anonymous_0)
FNDA:1,(anonymous_1)
DA:5,1
DA:6,1
DA:7,1
DA:11,1
DA:12,1
DA:13,1
LF:6
LH:6
BRDA:5,0,0,1
BRDA:5,0,1,1
BRDA:11,1,0,1
BRDA:11,1,1,1
BRF:4
BRH:4
end_of_record
TN:
SF:backend\src\enums\tokenNameEnum.ts
FNF:0
FNH:0
DA:5,1
DA:7,1
DA:9,1
DA:11,1
LF:4
LH:4
BRF:0
BRH:0
end_of_record
TN:
SF:backend\src\enums\userEnum.ts
FN:5,(anonymous_0)
FN:13,(anonymous_1)
FN:21,(anonymous_2)
FN:29,(anonymous_3)
FN:37,(anonymous_4)
FNF:5
FNH:5
FNDA:2,(anonymous_0)
FNDA:2,(anonymous_1)
FNDA:2,(anonymous_2)
FNDA:2,(anonymous_3)
FNDA:2,(anonymous_4)
DA:5,2
DA:6,2
DA:7,2
DA:13,2
DA:14,2
DA:15,2
DA:21,2
DA:22,2
DA:23,2
DA:29,2
DA:30,2
DA:31,2
DA:37,2
DA:38,2
DA:39,2
LF:15
LH:15
BRDA:5,0,0,2
BRDA:5,0,1,2
BRDA:13,1,0,2
BRDA:13,1,1,2
BRDA:21,2,0,2
BRDA:21,2,1,2
BRDA:29,3,0,2
BRDA:29,3,1,2
BRDA:37,4,0,2
BRDA:37,4,1,2
BRF:10
BRH:10
end_of_record
TN:
SF:backend\src\errors\AppError.ts
FN:5,(anonymous_0)
FNF:1
FNH:1
FNDA:14,(anonymous_0)
DA:1,7
DA:6,14
DA:7,14
LF:3
LH:3
BRF:0
BRH:0
end_of_record
TN:
SF:backend\src\errors\ConflictError.ts
FN:7,(anonymous_0)
FNF:1
FNH:1
FNDA:3,(anonymous_0)
DA:1,7
DA:3,7
DA:4,3
DA:5,3
DA:8,3
LF:5
LH:5
BRF:0
BRH:0
end_of_record
TN:
SF:backend\src\errors\EmailServiceError.ts
FN:5,(anonymous_0)
FNF:1
FNH:0
FNDA:0,(anonymous_0)
DA:1,7
DA:2,0
DA:3,0
DA:6,0
DA:7,0
DA:8,0
LF:6
LH:1
BRDA:5,0,0,0
BRDA:8,1,0,0
BRF:2
BRH:0
end_of_record
TN:
SF:backend\src\errors\ForbiddenError.ts
FN:7,(anonymous_0)
FNF:1
FNH:0
FNDA:0,(anonymous_0)
DA:1,7
DA:3,7
DA:4,0
DA:5,0
DA:8,0
LF:5
LH:2
BRF:0
BRH:0
end_of_record
TN:
SF:backend\src\errors\InternalError.ts
FN:5,(anonymous_0)
FNF:1
FNH:1
FNDA:6,(anonymous_0)
DA:1,7
DA:2,6
DA:3,6
DA:6,6
DA:7,6
DA:9,6
DA:10,6
LF:7
LH:7
BRDA:9,0,0,6
BRF:1
BRH:1
end_of_record
TN:
SF:backend\src\errors\NetworkError.ts
FN:5,(anonymous_0)
FNF:1
FNH:0
FNDA:0,(anonymous_0)
DA:4,1
DA:6,0
DA:7,0
LF:3
LH:1
BRF:0
BRH:0
end_of_record
TN:
SF:backend\src\errors\NotFoundError.ts
FN:7,(anonymous_0)
FNF:1
FNH:1
FNDA:4,(anonymous_0)
DA:1,7
DA:3,7
DA:4,4
DA:5,4
DA:8,4
LF:5
LH:5
BRF:0
BRH:0
end_of_record
TN:
SF:backend\src\errors\UnauthorizedError.ts
FN:7,(anonymous_0)
FNF:1
FNH:1
FNDA:2,(anonymous_0)
DA:1,7
DA:3,7
DA:4,2
DA:5,2
DA:8,2
LF:5
LH:5
BRF:0
BRH:0
end_of_record
TN:
SF:backend\src\errors\ValidationError.ts
FN:7,(anonymous_0)
FNF:1
FNH:1
FNDA:5,(anonymous_0)
DA:1,7
DA:3,7
DA:4,5
DA:5,5
DA:8,5
LF:5
LH:5
BRF:0
BRH:0
end_of_record
TN:
SF:backend\src\errors\index.ts
FNF:0
FNH:0
DA:1,7
DA:3,7
DA:4,7
DA:5,7
DA:6,7
DA:7,7
DA:8,7
DA:9,7
LF:8
LH:8
BRF:0
BRH:0
end_of_record
TN:
SF:backend\src\helpers\authHelpher.ts
FN:102,(anonymous_0)
FN:118,(anonymous_1)
FN:125,(anonymous_2)
FN:136,(anonymous_3)
FN:150,(anonymous_4)
FN:161,(anonymous_5)
FN:168,(anonymous_6)
FN:172,(anonymous_7)
FN:179,(anonymous_8)
FN:187,(anonymous_9)
FN:193,(anonymous_10)
FN:203,(anonymous_11)
FN:210,(anonymous_12)
FN:217,(anonymous_13)
FN:225,(anonymous_14)
FN:244,(anonymous_15)
FN:252,(anonymous_16)
FN:260,(anonymous_17)
FN:268,(anonymous_18)
FN:277,(anonymous_19)
FNF:20
FNH:0
FNDA:0,(anonymous_0)
FNDA:0,(anonymous_1)
FNDA:0,(anonymous_2)
FNDA:0,(anonymous_3)
FNDA:0,(anonymous_4)
FNDA:0,(anonymous_5)
FNDA:0,(anonymous_6)
FNDA:0,(anonymous_7)
FNDA:0,(anonymous_8)
FNDA:0,(anonymous_9)
FNDA:0,(anonymous_10)
FNDA:0,(anonymous_11)
FNDA:0,(anonymous_12)
FNDA:0,(anonymous_13)
FNDA:0,(anonymous_14)
FNDA:0,(anonymous_15)
FNDA:0,(anonymous_16)
FNDA:0,(anonymous_17)
FNDA:0,(anonymous_18)
FNDA:0,(anonymous_19)
DA:5,1
DA:10,1
DA:12,1
DA:30,1
DA:103,0
DA:105,0
DA:106,0
DA:107,0
DA:108,0
DA:119,0
DA:126,0
DA:127,0
DA:137,0
DA:138,0
DA:139,0
DA:141,0
DA:151,0
DA:162,0
DA:169,0
DA:173,0
DA:180,0
DA:188,0
DA:194,0
DA:204,0
DA:211,0
DA:218,0
DA:235,0
DA:237,0
DA:245,0
DA:252,1
DA:253,0
DA:260,1
DA:261,0
DA:269,0
DA:278,0
DA:284,1
LF:36
LH:7
BRDA:137,0,0,0
BRDA:137,0,1,0
BRDA:138,1,0,0
BRDA:161,2,0,0
BRF:4
BRH:0
end_of_record
TN:
SF:backend\src\helpers\sendEmail.ts
FN:14,(anonymous_1)
FNF:1
FNH:0
FNDA:0,(anonymous_1)
DA:4,2
DA:5,2
DA:6,2
DA:8,2
DA:11,2
DA:14,2
DA:15,0
DA:17,0
DA:29,0
DA:33,0
DA:41,0
DA:43,0
DA:47,0
DA:48,0
LF:14
LH:6
BRF:0
BRH:0
end_of_record
TN:
SF:backend\src\helpers\authHelper\cookie.ts
FN:17,(anonymous_1)
FN:29,(anonymous_2)
FN:56,(anonymous_3)
FNF:3
FNH:0
FNDA:0,(anonymous_1)
FNDA:0,(anonymous_2)
FNDA:0,(anonymous_3)
DA:5,1
DA:7,1
DA:17,1
DA:18,0
DA:19,0
DA:20,0
DA:22,0
DA:29,1
DA:37,0
DA:39,0
DA:40,0
DA:41,0
DA:49,0
DA:56,1
DA:57,0
DA:63,0
DA:69,0
DA:75,0
LF:18
LH:5
BRDA:18,0,0,0
BRDA:18,0,1,0
BRDA:19,1,0,0
BRDA:39,2,0,0
BRF:4
BRH:0
end_of_record
TN:
SF:backend\src\helpers\authHelper\driverAuth.ts
FN:11,(anonymous_1)
FNF:1
FNH:0
FNDA:0,(anonymous_1)
DA:5,1
DA:7,1
DA:11,1
DA:12,0
DA:13,0
DA:14,0
DA:17,0
DA:19,0
DA:26,0
DA:27,0
DA:30,0
DA:32,0
DA:33,0
LF:13
LH:3
BRDA:13,0,0,0
BRDA:26,1,0,0
BRF:2
BRH:0
end_of_record
TN:
SF:backend\src\helpers\authHelper\env.ts
FN:9,(anonymous_0)
FNF:1
FNH:0
FNDA:0,(anonymous_0)
DA:5,3
DA:9,3
DA:10,0
DA:11,0
DA:12,0
DA:13,0
DA:15,0
LF:7
LH:2
BRDA:11,0,0,0
BRDA:11,0,1,0
BRDA:12,1,0,0
BRF:3
BRH:0
end_of_record
TN:
SF:backend\src\helpers\authHelper\index.ts
FNF:0
FNH:0
DA:5,1
DA:7,1
DA:8,1
DA:9,1
DA:10,1
DA:11,1
DA:12,1
DA:13,1
LF:8
LH:8
BRF:0
BRH:0
end_of_record
TN:
SF:backend\src\helpers\authHelper\ipLocation.ts
FN:12,(anonymous_0)
FNF:1
FNH:0
FNDA:0,(anonymous_0)
DA:8,1
DA:12,1
DA:13,0
DA:15,0
DA:16,0
DA:17,0
DA:18,0
DA:19,0
DA:22,0
DA:24,0
DA:25,0
DA:26,0
DA:28,0
DA:29,0
DA:30,0
DA:31,0
DA:34,0
DA:35,0
DA:36,0
DA:38,0
DA:39,0
DA:41,0
DA:42,0
LF:23
LH:2
BRDA:17,0,0,0
BRDA:24,1,0,0
BRDA:29,2,0,0
BRDA:29,3,0,0
BRDA:29,3,1,0
BRDA:34,4,0,0
BRDA:34,4,1,0
BRDA:35,5,0,0
BRDA:35,5,1,0
BRDA:36,6,0,0
BRDA:36,6,1,0
BRF:11
BRH:0
end_of_record
TN:
SF:backend\src\helpers\authHelper\jwt.ts
FN:13,(anonymous_1)
FNF:1
FNH:0
FNDA:0,(anonymous_1)
DA:5,1
DA:7,1
DA:13,1
DA:18,0
DA:19,0
DA:21,0
DA:22,0
DA:25,0
DA:26,0
DA:27,0
DA:29,0
DA:31,0
DA:32,0
DA:34,0
LF:14
LH:3
BRDA:21,0,0,0
BRDA:26,1,0,0
BRDA:26,2,0,0
BRDA:26,2,1,0
BRDA:31,3,0,0
BRF:5
BRH:0
end_of_record
TN:
SF:backend\src\helpers\authHelper\loginAttempt.ts
FN:15,(anonymous_1)
FNF:1
FNH:0
FNDA:0,(anonymous_1)
DA:5,1
DA:11,1
DA:15,1
DA:16,0
DA:17,0
DA:19,0
DA:28,0
DA:29,0
LF:8
LH:3
BRF:0
BRH:0
end_of_record
TN:
SF:backend\src\helpers\authHelper\urlTokens.ts
FN:17,(anonymous_1)
FN:26,(anonymous_2)
FN:31,(anonymous_3)
FN:39,(anonymous_4)
FN:46,(anonymous_5)
FN:61,(anonymous_6)
FN:73,(anonymous_7)
FN:82,(anonymous_8)
FN:90,(anonymous_9)
FNF:9
FNH:0
FNDA:0,(anonymous_1)
FNDA:0,(anonymous_2)
FNDA:0,(anonymous_3)
FNDA:0,(anonymous_4)
FNDA:0,(anonymous_5)
FNDA:0,(anonymous_6)
FNDA:0,(anonymous_7)
FNDA:0,(anonymous_8)
FNDA:0,(anonymous_9)
DA:5,2
DA:9,2
DA:17,2
DA:18,0
DA:19,0
DA:26,2
DA:27,0
DA:28,0
DA:31,2
DA:32,0
DA:33,0
DA:39,2
DA:40,0
DA:46,2
DA:47,0
DA:48,0
DA:49,0
DA:50,0
DA:52,0
DA:54,0
DA:61,2
DA:62,0
DA:63,0
DA:64,0
DA:66,0
DA:73,2
DA:74,0
DA:75,0
DA:82,2
DA:83,0
DA:90,2
DA:91,0
LF:32
LH:11
BRDA:17,0,0,0
BRDA:49,1,0,0
BRDA:49,2,0,0
BRDA:49,2,1,0
BRDA:62,3,0,0
BRDA:62,3,1,0
BRDA:63,4,0,0
BRF:7
BRH:0
end_of_record
TN:
SF:backend\src\models\busModel.ts
FNF:0
FNH:0
DA:5,1
DA:7,1
DA:14,1
DA:34,1
DA:63,1
LF:5
LH:5
BRF:0
BRH:0
end_of_record
TN:
SF:backend\src\models\loginAttempModel.ts
FNF:0
FNH:0
DA:4,1
DA:5,1
DA:24,1
DA:60,1
LF:4
LH:4
BRF:0
BRH:0
end_of_record
TN:
SF:backend\src\services\apiClient.ts
FN:22,requestJson
FN:26,(anonymous_1)
FN:64,(anonymous_2)
FNF:3
FNH:0
FNDA:0,requestJson
FNDA:0,(anonymous_1)
FNDA:0,(anonymous_2)
DA:5,1
DA:23,0
DA:25,0
DA:26,0
DA:28,0
DA:30,0
DA:40,0
DA:41,0
DA:42,0
DA:45,0
DA:48,0
DA:52,0
DA:53,0
DA:56,0
DA:63,1
DA:64,0
LF:16
LH:2
BRDA:23,0,0,0
BRDA:23,0,1,0
BRDA:35,1,0,0
BRDA:35,1,1,0
BRF:4
BRH:0
end_of_record
TN:
SF:backend\src\services\busService.ts
FN:28,(anonymous_1)
FN:43,(anonymous_2)
FN:54,(anonymous_3)
FN:70,(anonymous_4)
FNF:4
FNH:4
FNDA:4,(anonymous_1)
FNDA:3,(anonymous_2)
FNDA:3,(anonymous_3)
FNDA:4,(anonymous_4)
DA:6,1
DA:11,1
DA:13,1
DA:15,1
DA:16,1
DA:22,1
DA:30,4
DA:35,1
DA:45,3
DA:47,1
DA:56,3
DA:60,2
DA:71,4
DA:73,4
DA:75,4
DA:76,2
DA:81,2
DA:90,2
DA:94,2
DA:95,2
LF:20
LH:20
BRDA:62,0,0,1
BRDA:62,0,1,1
BRDA:75,1,0,2
BRDA:75,1,1,2
BRF:4
BRH:4
end_of_record
TN:
SF:backend\src\services\driverService.ts
FN:41,(anonymous_1)
FN:51,(anonymous_2)
FN:87,(anonymous_3)
FN:97,(anonymous_4)
FN:120,(anonymous_5)
FN:161,(anonymous_6)
FN:194,(anonymous_7)
FNF:7
FNH:7
FNDA:4,(anonymous_1)
FNDA:1,(anonymous_2)
FNDA:3,(anonymous_3)
FNDA:2,(anonymous_4)
FNDA:3,(anonymous_5)
FNDA:4,(anonymous_6)
FNDA:3,(anonymous_7)
DA:6,1
DA:7,1
DA:8,1
DA:9,1
DA:10,1
DA:13,1
DA:16,1
DA:19,1
DA:20,1
DA:23,1
DA:24,1
DA:26,1
DA:27,1
DA:29,1
DA:31,1
DA:35,1
DA:42,4
DA:43,4
DA:52,1
DA:53,1
DA:54,1
DA:55,1
DA:60,2
DA:61,2
DA:64,1
DA:68,3
DA:69,1
DA:71,2
DA:72,1
DA:74,1
DA:75,0
DA:77,1
DA:89,3
DA:91,1
DA:99,2
DA:109,2
DA:121,3
DA:122,3
DA:126,3
DA:128,2
DA:137,1
DA:149,2
DA:153,1
DA:162,4
DA:163,4
DA:164,4
DA:165,1
DA:168,3
DA:173,2
DA:174,1
DA:177,1
DA:180,3
DA:181,1
DA:183,2
DA:184,1
DA:186,1
DA:195,3
DA:196,3
DA:197,3
DA:198,1
DA:201,2
DA:202,2
DA:204,2
DA:235,1
DA:245,1
DA:246,1
DA:248,1
DA:249,1
DA:251,1
DA:253,1
DA:254,1
DA:262,1
DA:264,1
DA:265,1
DA:266,1
DA:267,1
DA:268,1
DA:270,1
DA:280,1
DA:287,2
DA:288,1
DA:290,1
LF:82
LH:81
BRDA:53,0,0,1
BRDA:54,1,0,1
BRDA:60,2,0,2
BRDA:68,3,0,1
BRDA:71,4,0,1
BRDA:74,5,0,0
BRDA:111,6,0,1
BRDA:111,6,1,1
BRDA:122,7,0,0
BRDA:122,7,1,3
BRDA:126,8,0,2
BRDA:126,8,1,1
BRDA:129,9,0,0
BRDA:129,9,1,2
BRDA:163,10,0,4
BRDA:163,10,1,1
BRDA:164,11,0,1
BRDA:173,12,0,1
BRDA:180,13,0,1
BRDA:183,14,0,1
BRDA:196,15,0,3
BRDA:196,15,1,1
BRDA:197,16,0,1
BRDA:202,17,0,2
BRDA:202,17,1,0
BRDA:249,18,0,1
BRDA:249,18,1,0
BRDA:253,19,0,1
BRDA:264,20,0,1
BRDA:264,20,1,0
BRDA:265,21,0,1
BRDA:265,21,1,0
BRDA:266,22,0,1
BRDA:266,22,1,0
BRDA:267,23,0,1
BRDA:267,23,1,0
BRDA:287,24,0,1
BRF:37
BRH:28
end_of_record
TN:
SF:backend\src\services\stationService.ts
FN:39,(anonymous_1)
FN:52,(anonymous_2)
FN:53,(anonymous_3)
FN:54,(anonymous_4)
FN:62,(anonymous_5)
FN:75,(anonymous_6)
FN:76,(anonymous_7)
FN:81,(anonymous_8)
FN:87,(anonymous_9)
FN:99,(anonymous_10)
FN:119,(anonymous_11)
FN:127,(anonymous_12)
FN:128,(anonymous_13)
FN:135,(anonymous_14)
FN:139,(anonymous_15)
FN:171,(anonymous_16)
FN:179,(anonymous_17)
FN:244,(anonymous_18)
FN:252,(anonymous_19)
FN:253,(anonymous_20)
FN:291,(anonymous_21)
FN:301,(anonymous_22)
FN:302,(anonymous_23)
FN:312,(anonymous_24)
FN:322,(anonymous_25)
FN:337,(anonymous_26)
FN:345,(anonymous_27)
FNF:27
FNH:17
FNDA:0,(anonymous_1)
FNDA:0,(anonymous_2)
FNDA:0,(anonymous_3)
FNDA:0,(anonymous_4)
FNDA:0,(anonymous_5)
FNDA:0,(anonymous_6)
FNDA:0,(anonymous_7)
FNDA:0,(anonymous_8)
FNDA:0,(anonymous_9)
FNDA:0,(anonymous_10)
FNDA:4,(anonymous_11)
FNDA:2,(anonymous_12)
FNDA:2,(anonymous_13)
FNDA:4,(anonymous_14)
FNDA:2,(anonymous_15)
FNDA:3,(anonymous_16)
FNDA:3,(anonymous_17)
FNDA:3,(anonymous_18)
FNDA:2,(anonymous_19)
FNDA:2,(anonymous_20)
FNDA:3,(anonymous_21)
FNDA:2,(anonymous_22)
FNDA:2,(anonymous_23)
FNDA:3,(anonymous_24)
FNDA:6,(anonymous_25)
FNDA:2,(anonymous_26)
FNDA:2,(anonymous_27)
DA:6,1
DA:7,1
DA:8,1
DA:10,1
DA:11,1
DA:14,1
DA:22,1
DA:25,1
DA:26,1
DA:34,1
DA:42,0
DA:43,0
DA:45,0
DA:46,0
DA:50,0
DA:52,0
DA:53,0
DA:54,0
DA:59,0
DA:62,0
DA:63,0
DA:64,0
DA:65,0
DA:67,0
DA:74,0
DA:75,0
DA:76,0
DA:80,0
DA:81,0
DA:84,0
DA:86,0
DA:87,0
DA:89,0
DA:90,0
DA:95,0
DA:98,0
DA:99,0
DA:104,0
DA:108,0
DA:120,4
DA:126,2
DA:127,2
DA:128,2
DA:136,4
DA:140,2
DA:142,2
DA:143,2
DA:146,2
DA:147,1
DA:149,2
DA:150,2
DA:151,1
DA:154,2
DA:160,2
DA:161,2
DA:162,1
DA:165,2
DA:172,3
DA:173,1
DA:180,3
DA:181,3
DA:187,3
DA:188,3
DA:191,3
DA:192,3
DA:193,2
DA:196,3
DA:197,3
DA:198,1
DA:201,3
DA:206,3
DA:207,3
DA:209,3
DA:212,3
DA:219,3
DA:220,2
DA:229,3
DA:234,3
DA:246,3
DA:251,2
DA:252,2
DA:253,2
DA:255,2
DA:258,1
DA:264,1
DA:269,1
DA:276,2
DA:281,2
DA:285,2
DA:292,3
DA:297,2
DA:300,2
DA:301,2
DA:302,2
DA:304,2
DA:313,3
DA:314,2
DA:317,2
DA:321,2
DA:323,6
DA:324,6
DA:325,6
DA:327,6
DA:331,2
DA:338,2
DA:339,1
DA:346,2
DA:347,1
LF:108
LH:79
BRDA:45,0,0,0
BRDA:45,0,1,0
BRDA:46,1,0,0
BRDA:46,1,1,0
BRDA:50,2,0,0
BRDA:50,2,1,0
BRDA:65,3,0,0
BRDA:80,4,0,0
BRDA:80,4,1,0
BRDA:87,5,0,0
BRDA:87,5,1,0
BRDA:89,6,0,0
BRDA:98,7,0,0
BRDA:142,8,0,2
BRDA:146,9,0,1
BRDA:150,10,0,1
BRDA:161,11,0,1
BRDA:181,12,0,3
BRDA:181,12,1,0
BRDA:188,13,0,3
BRDA:188,13,1,0
BRDA:191,14,0,3
BRDA:191,14,1,0
BRDA:192,15,0,2
BRDA:197,16,0,1
BRDA:207,17,0,2
BRDA:207,17,1,1
BRDA:209,18,0,3
BRDA:209,18,1,3
BRDA:212,19,0,3
BRDA:212,19,1,3
BRDA:212,19,2,0
BRDA:212,19,3,0
BRDA:212,19,4,0
BRDA:219,20,0,2
BRDA:219,21,0,3
BRDA:219,21,1,2
BRDA:219,21,2,1
BRDA:221,22,0,0
BRDA:221,22,1,2
BRDA:236,23,0,2
BRDA:236,23,1,1
BRDA:255,24,0,1
BRDA:255,24,1,1
BRDA:327,25,0,6
BRDA:327,25,1,2
BRF:46
BRH:26
end_of_record
TN:
SF:backend\src\services\authService\login.ts
FN:25,(anonymous_1)
FN:62,(anonymous_2)
FN:63,(anonymous_3)
FNF:3
FNH:3
FNDA:7,(anonymous_1)
FNDA:3,(anonymous_2)
FNDA:3,(anonymous_3)
DA:6,1
DA:15,1
DA:18,1
DA:19,1
DA:25,1
DA:26,7
DA:28,7
DA:33,7
DA:36,7
DA:37,2
DA:39,5
DA:40,5
DA:45,5
DA:51,5
DA:52,1
DA:57,4
DA:58,4
DA:59,1
DA:62,3
DA:63,3
DA:64,3
DA:65,2
DA:73,2
DA:74,2
DA:75,2
DA:77,2
DA:78,1
DA:84,1
DA:85,1
DA:86,1
DA:90,1
DA:91,1
DA:92,1
DA:95,2
DA:97,2
DA:100,1
DA:101,1
LF:37
LH:37
BRDA:36,0,0,2
BRDA:36,1,0,7
BRDA:36,1,1,6
BRDA:36,1,2,6
BRDA:36,1,3,5
BRDA:51,2,0,1
BRDA:58,3,0,1
BRDA:64,4,0,1
BRDA:77,5,0,1
BRDA:77,5,1,1
BRDA:97,6,0,1
BRDA:97,6,1,1
BRF:12
BRH:12
end_of_record
TN:
SF:backend\src\services\authService\logout.ts
FN:16,(anonymous_1)
FNF:1
FNH:1
FNDA:4,(anonymous_1)
DA:7,1
DA:8,1
DA:10,1
DA:16,1
DA:17,4
DA:18,4
DA:19,2
DA:21,1
DA:25,3
DA:27,3
DA:28,1
DA:31,2
LF:12
LH:12
BRDA:27,0,0,1
BRF:1
BRH:1
end_of_record
TN:
SF:backend\src\services\authService\passwordReset.ts
FN:30,(anonymous_1)
FN:111,(anonymous_2)
FN:143,(anonymous_3)
FNF:3
FNH:3
FNDA:6,(anonymous_1)
FNDA:11,(anonymous_2)
FNDA:7,(anonymous_3)
DA:5,3
DA:13,3
DA:19,3
DA:20,3
DA:22,3
DA:24,3
DA:30,3
DA:35,6
DA:36,6
DA:40,6
DA:42,6
DA:43,1
DA:47,5
DA:54,5
DA:55,1
DA:58,4
DA:61,4
DA:62,1
DA:67,3
DA:68,3
DA:74,1
DA:75,1
DA:79,2
DA:82,2
DA:83,2
DA:98,2
DA:100,1
DA:103,1
DA:104,1
DA:111,3
DA:112,11
DA:113,11
DA:114,10
DA:115,2
DA:118,8
DA:123,8
DA:124,1
DA:127,7
DA:128,7
DA:129,7
DA:130,1
DA:132,6
DA:135,1
DA:136,1
DA:143,3
DA:144,7
DA:146,7
DA:148,7
DA:149,2
DA:153,5
DA:158,5
DA:160,5
DA:161,1
DA:165,4
DA:166,1
DA:171,3
DA:173,2
DA:181,2
DA:182,1
DA:185,1
DA:190,1
DA:194,1
DA:196,1
LF:63
LH:63
BRDA:42,0,0,1
BRDA:54,1,0,1
BRDA:61,2,0,1
BRDA:70,3,0,3
BRDA:70,3,1,0
BRDA:114,4,0,2
BRDA:114,5,0,10
BRDA:114,5,1,8
BRDA:114,5,2,8
BRDA:123,6,0,1
BRDA:127,7,0,7
BRDA:127,7,1,0
BRDA:128,8,0,7
BRDA:128,8,1,0
BRDA:129,9,0,1
BRDA:148,10,0,2
BRDA:160,11,0,1
BRDA:160,12,0,5
BRDA:160,12,1,4
BRDA:165,13,0,1
BRDA:181,14,0,1
BRF:21
BRH:18
end_of_record
TN:
SF:backend\src\services\authService\setPassword.ts
FN:30,(anonymous_1)
FN:63,(anonymous_2)
FN:98,(anonymous_3)
FNF:3
FNH:3
FNDA:10,(anonymous_1)
FNDA:2,(anonymous_2)
FNDA:6,(anonymous_3)
DA:5,1
DA:7,1
DA:15,1
DA:18,1
DA:19,1
DA:21,1
DA:30,1
DA:31,10
DA:32,10
DA:33,10
DA:34,2
DA:38,8
DA:44,8
DA:45,1
DA:49,7
DA:50,1
DA:52,6
DA:55,0
DA:56,0
DA:63,1
DA:64,2
DA:66,2
DA:67,2
DA:68,2
DA:90,2
DA:92,1
DA:98,1
DA:99,6
DA:101,6
DA:103,6
DA:104,1
DA:108,5
DA:113,5
DA:115,5
DA:116,1
DA:120,4
DA:121,1
DA:126,3
DA:128,2
DA:137,2
DA:138,1
DA:142,1
DA:144,1
DA:147,1
DA:148,1
LF:45
LH:43
BRDA:33,0,0,2
BRDA:33,1,0,10
BRDA:33,1,1,8
BRDA:33,1,2,8
BRDA:44,2,0,1
BRDA:49,3,0,1
BRDA:103,4,0,1
BRDA:115,5,0,1
BRDA:115,6,0,5
BRDA:115,6,1,4
BRDA:120,7,0,1
BRDA:137,8,0,1
BRF:12
BRH:12
end_of_record
